{"C:\\Users\\leoso\\Documentos\\Máster\\TFM\\Backend\\src\\app.ts": {"path":"C:\\Users\\leoso\\Documentos\\Máster\\TFM\\Backend\\src\\app.ts","statementMap":{"0":{"start":{"line":1,"column":0},"end":{"line":1,"column":29}},"1":{"start":{"line":2,"column":0},"end":{"line":2,"column":23}},"2":{"start":{"line":3,"column":0},"end":{"line":3,"column":81}},"3":{"start":{"line":4,"column":0},"end":{"line":4,"column":43}},"4":{"start":{"line":5,"column":0},"end":{"line":5,"column":39}},"5":{"start":{"line":7,"column":13},"end":{"line":10,"column":3}},"6":{"start":{"line":12,"column":0},"end":{"line":12,"column":42}},"7":{"start":{"line":13,"column":0},"end":{"line":13,"column":45}},"8":{"start":{"line":14,"column":0},"end":{"line":14,"column":40}},"9":{"start":{"line":15,"column":0},"end":{"line":15,"column":55}},"10":{"start":{"line":16,"column":0},"end":{"line":16,"column":42}},"11":{"start":{"line":18,"column":19},"end":{"line":18,"column":28}},"12":{"start":{"line":20,"column":0},"end":{"line":20,"column":null}},"13":{"start":{"line":22,"column":0},"end":{"line":22,"column":null}},"14":{"start":{"line":23,"column":0},"end":{"line":23,"column":null}},"15":{"start":{"line":24,"column":0},"end":{"line":24,"column":null}},"16":{"start":{"line":25,"column":0},"end":{"line":25,"column":null}},"17":{"start":{"line":26,"column":0},"end":{"line":26,"column":null}},"18":{"start":{"line":28,"column":0},"end":{"line":28,"column":null}}},"fnMap":{},"branchMap":{},"s":{"0":1,"1":1,"2":1,"3":1,"4":1,"5":1,"6":1,"7":1,"8":1,"9":1,"10":1,"11":1,"12":1,"13":1,"14":1,"15":1,"16":1,"17":1,"18":1},"f":{},"b":{}}
,"C:\\Users\\leoso\\Documentos\\Máster\\TFM\\Backend\\src\\consts.ts": {"path":"C:\\Users\\leoso\\Documentos\\Máster\\TFM\\Backend\\src\\consts.ts","statementMap":{"0":{"start":{"line":1,"column":0},"end":{"line":1,"column":27}},"1":{"start":{"line":3,"column":0},"end":{"line":3,"column":null}},"2":{"start":{"line":5,"column":13},"end":{"line":5,"column":null}},"3":{"start":{"line":6,"column":13},"end":{"line":6,"column":null}},"4":{"start":{"line":7,"column":13},"end":{"line":7,"column":null}},"5":{"start":{"line":8,"column":13},"end":{"line":8,"column":null}},"6":{"start":{"line":9,"column":13},"end":{"line":9,"column":null}},"7":{"start":{"line":11,"column":13},"end":{"line":11,"column":null}},"8":{"start":{"line":12,"column":13},"end":{"line":12,"column":null}},"9":{"start":{"line":13,"column":13},"end":{"line":13,"column":null}},"10":{"start":{"line":15,"column":13},"end":{"line":18,"column":null}},"11":{"start":{"line":20,"column":13},"end":{"line":23,"column":null}},"12":{"start":{"line":25,"column":13},"end":{"line":25,"column":null}},"13":{"start":{"line":26,"column":13},"end":{"line":26,"column":null}},"14":{"start":{"line":28,"column":13},"end":{"line":32,"column":null}},"15":{"start":{"line":34,"column":13},"end":{"line":34,"column":null}}},"fnMap":{},"branchMap":{"0":{"loc":{"start":{"line":5,"column":29},"end":{"line":5,"column":55}},"type":"binary-expr","locations":[{"start":{"line":5,"column":29},"end":{"line":5,"column":45}},{"start":{"line":5,"column":49},"end":{"line":5,"column":55}}]},"1":{"loc":{"start":{"line":6,"column":24},"end":{"line":6,"column":76}},"type":"binary-expr","locations":[{"start":{"line":6,"column":24},"end":{"line":6,"column":44}},{"start":{"line":6,"column":48},"end":{"line":6,"column":76}}]},"2":{"loc":{"start":{"line":7,"column":25},"end":{"line":7,"column":78}},"type":"binary-expr","locations":[{"start":{"line":7,"column":25},"end":{"line":7,"column":46}},{"start":{"line":7,"column":50},"end":{"line":7,"column":78}}]},"3":{"loc":{"start":{"line":11,"column":29},"end":{"line":11,"column":90}},"type":"binary-expr","locations":[{"start":{"line":11,"column":29},"end":{"line":11,"column":54}},{"start":{"line":11,"column":58},"end":{"line":11,"column":90}}]},"4":{"loc":{"start":{"line":12,"column":35},"end":{"line":12,"column":157}},"type":"binary-expr","locations":[{"start":{"line":12,"column":35},"end":{"line":12,"column":66}},{"start":{"line":12,"column":70},"end":{"line":12,"column":157}}]},"5":{"loc":{"start":{"line":13,"column":34},"end":{"line":13,"column":84}},"type":"binary-expr","locations":[{"start":{"line":13,"column":34},"end":{"line":13,"column":64}},{"start":{"line":13,"column":68},"end":{"line":13,"column":84}}]},"6":{"loc":{"start":{"line":17,"column":14},"end":{"line":17,"column":67}},"type":"binary-expr","locations":[{"start":{"line":17,"column":14},"end":{"line":17,"column":56}},{"start":{"line":17,"column":60},"end":{"line":17,"column":67}}]},"7":{"loc":{"start":{"line":21,"column":12},"end":{"line":21,"column":62}},"type":"binary-expr","locations":[{"start":{"line":21,"column":12},"end":{"line":21,"column":40}},{"start":{"line":21,"column":44},"end":{"line":21,"column":62}}]},"8":{"loc":{"start":{"line":22,"column":19},"end":{"line":22,"column":60}},"type":"binary-expr","locations":[{"start":{"line":22,"column":19},"end":{"line":22,"column":54}},{"start":{"line":22,"column":58},"end":{"line":22,"column":60}}]},"9":{"loc":{"start":{"line":25,"column":28},"end":{"line":25,"column":67}},"type":"binary-expr","locations":[{"start":{"line":25,"column":28},"end":{"line":25,"column":61}},{"start":{"line":25,"column":65},"end":{"line":25,"column":67}}]},"10":{"loc":{"start":{"line":26,"column":28},"end":{"line":26,"column":79}},"type":"binary-expr","locations":[{"start":{"line":26,"column":28},"end":{"line":26,"column":52}},{"start":{"line":26,"column":56},"end":{"line":26,"column":79}}]},"11":{"loc":{"start":{"line":29,"column":15},"end":{"line":29,"column":57}},"type":"binary-expr","locations":[{"start":{"line":29,"column":15},"end":{"line":29,"column":51}},{"start":{"line":29,"column":55},"end":{"line":29,"column":57}}]},"12":{"loc":{"start":{"line":30,"column":16},"end":{"line":30,"column":59}},"type":"binary-expr","locations":[{"start":{"line":30,"column":16},"end":{"line":30,"column":53}},{"start":{"line":30,"column":57},"end":{"line":30,"column":59}}]},"13":{"loc":{"start":{"line":31,"column":17},"end":{"line":31,"column":60}},"type":"binary-expr","locations":[{"start":{"line":31,"column":17},"end":{"line":31,"column":54}},{"start":{"line":31,"column":58},"end":{"line":31,"column":60}}]},"14":{"loc":{"start":{"line":34,"column":25},"end":{"line":34,"column":52}},"type":"binary-expr","locations":[{"start":{"line":34,"column":25},"end":{"line":34,"column":46}},{"start":{"line":34,"column":50},"end":{"line":34,"column":52}}]}},"s":{"0":1,"1":1,"2":1,"3":1,"4":1,"5":1,"6":1,"7":1,"8":1,"9":1,"10":1,"11":1,"12":1,"13":1,"14":1,"15":1},"f":{},"b":{"0":[1,0],"1":[1,0],"2":[1,0],"3":[1,0],"4":[1,0],"5":[1,0],"6":[1,1],"7":[1,0],"8":[1,0],"9":[1,0],"10":[1,0],"11":[1,0],"12":[1,0],"13":[1,0],"14":[1,0]}}
,"C:\\Users\\leoso\\Documentos\\Máster\\TFM\\Backend\\src\\controllers\\actorController.ts": {"path":"C:\\Users\\leoso\\Documentos\\Máster\\TFM\\Backend\\src\\controllers\\actorController.ts","statementMap":{"0":{"start":{"line":1,"column":0},"end":{"line":1,"column":23}},"1":{"start":{"line":3,"column":0},"end":{"line":3,"column":74}},"2":{"start":{"line":5,"column":0},"end":{"line":5,"column":75}},"3":{"start":{"line":9,"column":42},"end":{"line":36,"column":1}},"4":{"start":{"line":10,"column":4},"end":{"line":11,"column":null}},"5":{"start":{"line":11,"column":8},"end":{"line":11,"column":null}},"6":{"start":{"line":13,"column":29},"end":{"line":13,"column":57}},"7":{"start":{"line":14,"column":16},"end":{"line":14,"column":62}},"8":{"start":{"line":16,"column":4},"end":{"line":35,"column":null}},"9":{"start":{"line":19,"column":39},"end":{"line":31,"column":11}},"10":{"start":{"line":21,"column":30},"end":{"line":31,"column":10}},"11":{"start":{"line":32,"column":8},"end":{"line":32,"column":null}},"12":{"start":{"line":34,"column":8},"end":{"line":34,"column":null}},"13":{"start":{"line":9,"column":13},"end":{"line":9,"column":42}},"14":{"start":{"line":38,"column":40},"end":{"line":68,"column":1}},"15":{"start":{"line":39,"column":4},"end":{"line":40,"column":null}},"16":{"start":{"line":40,"column":8},"end":{"line":40,"column":null}},"17":{"start":{"line":42,"column":29},"end":{"line":42,"column":57}},"18":{"start":{"line":43,"column":16},"end":{"line":43,"column":50}},"19":{"start":{"line":45,"column":4},"end":{"line":67,"column":null}},"20":{"start":{"line":48,"column":21},"end":{"line":48,"column":34}},"21":{"start":{"line":49,"column":36},"end":{"line":63,"column":10}},"22":{"start":{"line":64,"column":8},"end":{"line":64,"column":null}},"23":{"start":{"line":66,"column":8},"end":{"line":66,"column":null}},"24":{"start":{"line":38,"column":13},"end":{"line":38,"column":40}},"25":{"start":{"line":70,"column":48},"end":{"line":96,"column":1}},"26":{"start":{"line":71,"column":4},"end":{"line":73,"column":5}},"27":{"start":{"line":72,"column":8},"end":{"line":72,"column":89}},"28":{"start":{"line":75,"column":29},"end":{"line":75,"column":57}},"29":{"start":{"line":76,"column":16},"end":{"line":76,"column":69}},"30":{"start":{"line":78,"column":4},"end":{"line":95,"column":7}},"31":{"start":{"line":81,"column":21},"end":{"line":81,"column":34}},"32":{"start":{"line":82,"column":38},"end":{"line":90,"column":11}},"33":{"start":{"line":82,"column":69},"end":{"line":90,"column":10}},"34":{"start":{"line":92,"column":8},"end":{"line":92,"column":44}},"35":{"start":{"line":94,"column":8},"end":{"line":94,"column":94}},"36":{"start":{"line":70,"column":13},"end":{"line":70,"column":48}}},"fnMap":{"0":{"name":"(anonymous_1)","decl":{"start":{"line":9,"column":42},"end":{"line":9,"column":43}},"loc":{"start":{"line":9,"column":55},"end":{"line":36,"column":1}}},"1":{"name":"(anonymous_2)","decl":{"start":{"line":18,"column":12},"end":{"line":18,"column":13}},"loc":{"start":{"line":18,"column":25},"end":{"line":33,"column":5}}},"2":{"name":"(anonymous_3)","decl":{"start":{"line":21,"column":13},"end":{"line":21,"column":14}},"loc":{"start":{"line":21,"column":30},"end":{"line":31,"column":10}}},"3":{"name":"(anonymous_4)","decl":{"start":{"line":33,"column":13},"end":{"line":33,"column":14}},"loc":{"start":{"line":33,"column":23},"end":{"line":35,"column":5}}},"4":{"name":"(anonymous_5)","decl":{"start":{"line":38,"column":40},"end":{"line":38,"column":41}},"loc":{"start":{"line":38,"column":53},"end":{"line":68,"column":1}}},"5":{"name":"(anonymous_6)","decl":{"start":{"line":47,"column":12},"end":{"line":47,"column":13}},"loc":{"start":{"line":47,"column":25},"end":{"line":65,"column":5}}},"6":{"name":"(anonymous_7)","decl":{"start":{"line":65,"column":13},"end":{"line":65,"column":14}},"loc":{"start":{"line":65,"column":23},"end":{"line":67,"column":5}}},"7":{"name":"(anonymous_8)","decl":{"start":{"line":70,"column":48},"end":{"line":70,"column":49}},"loc":{"start":{"line":70,"column":61},"end":{"line":96,"column":1}}},"8":{"name":"(anonymous_9)","decl":{"start":{"line":80,"column":12},"end":{"line":80,"column":13}},"loc":{"start":{"line":80,"column":25},"end":{"line":93,"column":5}}},"9":{"name":"(anonymous_10)","decl":{"start":{"line":82,"column":52},"end":{"line":82,"column":53}},"loc":{"start":{"line":82,"column":69},"end":{"line":90,"column":10}}},"10":{"name":"(anonymous_11)","decl":{"start":{"line":93,"column":13},"end":{"line":93,"column":14}},"loc":{"start":{"line":93,"column":23},"end":{"line":95,"column":5}}}},"branchMap":{"0":{"loc":{"start":{"line":10,"column":4},"end":{"line":11,"column":null}},"type":"if","locations":[{"start":{"line":10,"column":4},"end":{"line":11,"column":null}}]},"1":{"loc":{"start":{"line":26,"column":12},"end":{"line":28,"column":30}},"type":"cond-expr","locations":[{"start":{"line":27,"column":12},"end":{"line":27,"column":50}},{"start":{"line":28,"column":12},"end":{"line":28,"column":30}}]},"2":{"loc":{"start":{"line":39,"column":4},"end":{"line":40,"column":null}},"type":"if","locations":[{"start":{"line":39,"column":4},"end":{"line":40,"column":null}}]},"3":{"loc":{"start":{"line":59,"column":16},"end":{"line":61,"column":33}},"type":"cond-expr","locations":[{"start":{"line":60,"column":16},"end":{"line":60,"column":53}},{"start":{"line":61,"column":16},"end":{"line":61,"column":33}}]},"4":{"loc":{"start":{"line":71,"column":4},"end":{"line":73,"column":5}},"type":"if","locations":[{"start":{"line":71,"column":4},"end":{"line":73,"column":5}}]},"5":{"loc":{"start":{"line":84,"column":16},"end":{"line":86,"column":33}},"type":"cond-expr","locations":[{"start":{"line":85,"column":16},"end":{"line":85,"column":53}},{"start":{"line":86,"column":16},"end":{"line":86,"column":33}}]}},"s":{"0":1,"1":1,"2":1,"3":1,"4":3,"5":0,"6":3,"7":3,"8":3,"9":2,"10":60,"11":2,"12":1,"13":1,"14":1,"15":4,"16":1,"17":3,"18":3,"19":3,"20":2,"21":2,"22":2,"23":1,"24":1,"25":1,"26":4,"27":1,"28":3,"29":3,"30":3,"31":2,"32":2,"33":166,"34":2,"35":1,"36":1},"f":{"0":3,"1":2,"2":60,"3":1,"4":4,"5":2,"6":1,"7":4,"8":2,"9":166,"10":1},"b":{"0":[0],"1":[60,0],"2":[1],"3":[2,0],"4":[1],"5":[160,6]}}
,"C:\\Users\\leoso\\Documentos\\Máster\\TFM\\Backend\\src\\controllers\\movieController.ts": {"path":"C:\\Users\\leoso\\Documentos\\Máster\\TFM\\Backend\\src\\controllers\\movieController.ts","statementMap":{"0":{"start":{"line":1,"column":0},"end":{"line":1,"column":23}},"1":{"start":{"line":3,"column":0},"end":{"line":3,"column":129}},"2":{"start":{"line":7,"column":43},"end":{"line":31,"column":1}},"3":{"start":{"line":8,"column":17},"end":{"line":11,"column":null}},"4":{"start":{"line":14,"column":4},"end":{"line":30,"column":null}},"5":{"start":{"line":18,"column":38},"end":{"line":26,"column":11}},"6":{"start":{"line":18,"column":81},"end":{"line":26,"column":10}},"7":{"start":{"line":27,"column":8},"end":{"line":27,"column":null}},"8":{"start":{"line":29,"column":8},"end":{"line":29,"column":null}},"9":{"start":{"line":7,"column":13},"end":{"line":7,"column":43}},"10":{"start":{"line":33,"column":40},"end":{"line":47,"column":1}},"11":{"start":{"line":34,"column":4},"end":{"line":35,"column":null}},"12":{"start":{"line":35,"column":8},"end":{"line":35,"column":null}},"13":{"start":{"line":37,"column":29},"end":{"line":37,"column":57}},"14":{"start":{"line":38,"column":16},"end":{"line":38,"column":49}},"15":{"start":{"line":40,"column":4},"end":{"line":46,"column":null}},"16":{"start":{"line":43,"column":8},"end":{"line":43,"column":null}},"17":{"start":{"line":45,"column":8},"end":{"line":45,"column":null}},"18":{"start":{"line":33,"column":13},"end":{"line":33,"column":40}},"19":{"start":{"line":49,"column":43},"end":{"line":69,"column":1}},"20":{"start":{"line":50,"column":16},"end":{"line":50,"column":46}},"21":{"start":{"line":52,"column":4},"end":{"line":68,"column":null}},"22":{"start":{"line":55,"column":40},"end":{"line":64,"column":11}},"23":{"start":{"line":55,"column":83},"end":{"line":64,"column":10}},"24":{"start":{"line":65,"column":8},"end":{"line":65,"column":null}},"25":{"start":{"line":67,"column":8},"end":{"line":67,"column":null}},"26":{"start":{"line":49,"column":13},"end":{"line":49,"column":43}},"27":{"start":{"line":71,"column":43},"end":{"line":90,"column":1}},"28":{"start":{"line":72,"column":16},"end":{"line":72,"column":46}},"29":{"start":{"line":74,"column":4},"end":{"line":89,"column":null}},"30":{"start":{"line":77,"column":38},"end":{"line":85,"column":11}},"31":{"start":{"line":77,"column":81},"end":{"line":85,"column":10}},"32":{"start":{"line":86,"column":8},"end":{"line":86,"column":null}},"33":{"start":{"line":88,"column":8},"end":{"line":88,"column":null}},"34":{"start":{"line":71,"column":13},"end":{"line":71,"column":43}}},"fnMap":{"0":{"name":"(anonymous_1)","decl":{"start":{"line":7,"column":43},"end":{"line":7,"column":44}},"loc":{"start":{"line":7,"column":56},"end":{"line":31,"column":1}}},"1":{"name":"(anonymous_2)","decl":{"start":{"line":17,"column":12},"end":{"line":17,"column":13}},"loc":{"start":{"line":17,"column":25},"end":{"line":28,"column":5}}},"2":{"name":"(anonymous_3)","decl":{"start":{"line":18,"column":64},"end":{"line":18,"column":65}},"loc":{"start":{"line":18,"column":81},"end":{"line":26,"column":10}}},"3":{"name":"(anonymous_4)","decl":{"start":{"line":28,"column":13},"end":{"line":28,"column":14}},"loc":{"start":{"line":28,"column":23},"end":{"line":30,"column":5}}},"4":{"name":"(anonymous_5)","decl":{"start":{"line":33,"column":40},"end":{"line":33,"column":41}},"loc":{"start":{"line":33,"column":53},"end":{"line":47,"column":1}}},"5":{"name":"(anonymous_6)","decl":{"start":{"line":42,"column":12},"end":{"line":42,"column":13}},"loc":{"start":{"line":42,"column":25},"end":{"line":44,"column":5}}},"6":{"name":"(anonymous_7)","decl":{"start":{"line":44,"column":13},"end":{"line":44,"column":14}},"loc":{"start":{"line":44,"column":23},"end":{"line":46,"column":5}}},"7":{"name":"(anonymous_8)","decl":{"start":{"line":49,"column":43},"end":{"line":49,"column":44}},"loc":{"start":{"line":49,"column":57},"end":{"line":69,"column":1}}},"8":{"name":"(anonymous_9)","decl":{"start":{"line":54,"column":12},"end":{"line":54,"column":13}},"loc":{"start":{"line":54,"column":25},"end":{"line":66,"column":5}}},"9":{"name":"(anonymous_10)","decl":{"start":{"line":55,"column":66},"end":{"line":55,"column":67}},"loc":{"start":{"line":55,"column":83},"end":{"line":64,"column":10}}},"10":{"name":"(anonymous_11)","decl":{"start":{"line":66,"column":13},"end":{"line":66,"column":14}},"loc":{"start":{"line":66,"column":23},"end":{"line":68,"column":5}}},"11":{"name":"(anonymous_12)","decl":{"start":{"line":71,"column":43},"end":{"line":71,"column":44}},"loc":{"start":{"line":71,"column":57},"end":{"line":90,"column":1}}},"12":{"name":"(anonymous_13)","decl":{"start":{"line":76,"column":12},"end":{"line":76,"column":13}},"loc":{"start":{"line":76,"column":25},"end":{"line":87,"column":5}}},"13":{"name":"(anonymous_14)","decl":{"start":{"line":77,"column":64},"end":{"line":77,"column":65}},"loc":{"start":{"line":77,"column":81},"end":{"line":85,"column":10}}},"14":{"name":"(anonymous_15)","decl":{"start":{"line":87,"column":13},"end":{"line":87,"column":14}},"loc":{"start":{"line":87,"column":23},"end":{"line":89,"column":5}}}},"branchMap":{"0":{"loc":{"start":{"line":11,"column":14},"end":{"line":11,"column":49}},"type":"cond-expr","locations":[{"start":{"line":11,"column":31},"end":{"line":11,"column":45}},{"start":{"line":11,"column":48},"end":{"line":11,"column":49}}]},"1":{"loc":{"start":{"line":20,"column":16},"end":{"line":22,"column":33}},"type":"cond-expr","locations":[{"start":{"line":21,"column":16},"end":{"line":21,"column":53}},{"start":{"line":22,"column":16},"end":{"line":22,"column":33}}]},"2":{"loc":{"start":{"line":34,"column":4},"end":{"line":35,"column":null}},"type":"if","locations":[{"start":{"line":34,"column":4},"end":{"line":35,"column":null}}]},"3":{"loc":{"start":{"line":57,"column":16},"end":{"line":59,"column":35}},"type":"cond-expr","locations":[{"start":{"line":58,"column":16},"end":{"line":58,"column":57}},{"start":{"line":59,"column":16},"end":{"line":59,"column":35}}]},"4":{"loc":{"start":{"line":79,"column":16},"end":{"line":81,"column":33}},"type":"cond-expr","locations":[{"start":{"line":80,"column":16},"end":{"line":80,"column":53}},{"start":{"line":81,"column":16},"end":{"line":81,"column":33}}]}},"s":{"0":1,"1":1,"2":1,"3":0,"4":0,"5":0,"6":0,"7":0,"8":0,"9":1,"10":1,"11":0,"12":0,"13":0,"14":0,"15":0,"16":0,"17":0,"18":1,"19":1,"20":0,"21":0,"22":0,"23":0,"24":0,"25":0,"26":1,"27":1,"28":0,"29":0,"30":0,"31":0,"32":0,"33":0,"34":1},"f":{"0":0,"1":0,"2":0,"3":0,"4":0,"5":0,"6":0,"7":0,"8":0,"9":0,"10":0,"11":0,"12":0,"13":0,"14":0},"b":{"0":[0,0],"1":[0,0],"2":[0],"3":[0,0],"4":[0,0]}}
,"C:\\Users\\leoso\\Documentos\\Máster\\TFM\\Backend\\src\\controllers\\reviewController.ts": {"path":"C:\\Users\\leoso\\Documentos\\Máster\\TFM\\Backend\\src\\controllers\\reviewController.ts","statementMap":{"0":{"start":{"line":4,"column":0},"end":{"line":4,"column":55}},"1":{"start":{"line":5,"column":0},"end":{"line":5,"column":55}},"2":{"start":{"line":7,"column":17},"end":{"line":7,"column":33}},"3":{"start":{"line":8,"column":13},"end":{"line":8,"column":29}},"4":{"start":{"line":10,"column":42},"end":{"line":40,"column":1}},"5":{"start":{"line":11,"column":4},"end":{"line":12,"column":null}},"6":{"start":{"line":12,"column":8},"end":{"line":12,"column":null}},"7":{"start":{"line":14,"column":20},"end":{"line":14,"column":60}},"8":{"start":{"line":16,"column":4},"end":{"line":38,"column":5}},"9":{"start":{"line":17,"column":8},"end":{"line":35,"column":null}},"10":{"start":{"line":19,"column":37},"end":{"line":19,"column":65}},"11":{"start":{"line":20,"column":24},"end":{"line":24,"column":null}},"12":{"start":{"line":27,"column":12},"end":{"line":32,"column":null}},"13":{"start":{"line":29,"column":16},"end":{"line":29,"column":null}},"14":{"start":{"line":31,"column":16},"end":{"line":31,"column":null}},"15":{"start":{"line":34,"column":12},"end":{"line":34,"column":null}},"16":{"start":{"line":37,"column":8},"end":{"line":37,"column":null}},"17":{"start":{"line":10,"column":13},"end":{"line":10,"column":42}},"18":{"start":{"line":42,"column":42},"end":{"line":53,"column":1}},"19":{"start":{"line":43,"column":4},"end":{"line":44,"column":null}},"20":{"start":{"line":44,"column":8},"end":{"line":44,"column":null}},"21":{"start":{"line":46,"column":29},"end":{"line":46,"column":57}},"22":{"start":{"line":47,"column":4},"end":{"line":52,"column":null}},"23":{"start":{"line":49,"column":8},"end":{"line":49,"column":null}},"24":{"start":{"line":51,"column":8},"end":{"line":51,"column":null}},"25":{"start":{"line":42,"column":13},"end":{"line":42,"column":42}},"26":{"start":{"line":55,"column":44},"end":{"line":79,"column":1}},"27":{"start":{"line":56,"column":4},"end":{"line":57,"column":null}},"28":{"start":{"line":57,"column":8},"end":{"line":57,"column":null}},"29":{"start":{"line":59,"column":29},"end":{"line":59,"column":57}},"30":{"start":{"line":60,"column":30},"end":{"line":60,"column":59}},"31":{"start":{"line":62,"column":20},"end":{"line":62,"column":60}},"32":{"start":{"line":64,"column":4},"end":{"line":78,"column":5}},"33":{"start":{"line":65,"column":8},"end":{"line":75,"column":null}},"34":{"start":{"line":67,"column":12},"end":{"line":72,"column":null}},"35":{"start":{"line":69,"column":16},"end":{"line":69,"column":null}},"36":{"start":{"line":71,"column":16},"end":{"line":71,"column":null}},"37":{"start":{"line":74,"column":12},"end":{"line":74,"column":null}},"38":{"start":{"line":77,"column":8},"end":{"line":77,"column":null}},"39":{"start":{"line":55,"column":13},"end":{"line":55,"column":44}}},"fnMap":{"0":{"name":"(anonymous_0)","decl":{"start":{"line":10,"column":42},"end":{"line":10,"column":43}},"loc":{"start":{"line":10,"column":55},"end":{"line":40,"column":1}}},"1":{"name":"(anonymous_1)","decl":{"start":{"line":18,"column":14},"end":{"line":18,"column":15}},"loc":{"start":{"line":18,"column":33},"end":{"line":33,"column":9}}},"2":{"name":"(anonymous_2)","decl":{"start":{"line":28,"column":18},"end":{"line":28,"column":19}},"loc":{"start":{"line":28,"column":32},"end":{"line":30,"column":13}}},"3":{"name":"(anonymous_3)","decl":{"start":{"line":30,"column":21},"end":{"line":30,"column":22}},"loc":{"start":{"line":30,"column":31},"end":{"line":32,"column":13}}},"4":{"name":"(anonymous_4)","decl":{"start":{"line":33,"column":17},"end":{"line":33,"column":18}},"loc":{"start":{"line":33,"column":27},"end":{"line":35,"column":9}}},"5":{"name":"(anonymous_5)","decl":{"start":{"line":42,"column":42},"end":{"line":42,"column":43}},"loc":{"start":{"line":42,"column":55},"end":{"line":53,"column":1}}},"6":{"name":"(anonymous_6)","decl":{"start":{"line":48,"column":10},"end":{"line":48,"column":11}},"loc":{"start":{"line":48,"column":34},"end":{"line":50,"column":5}}},"7":{"name":"(anonymous_7)","decl":{"start":{"line":50,"column":13},"end":{"line":50,"column":14}},"loc":{"start":{"line":50,"column":23},"end":{"line":52,"column":5}}},"8":{"name":"(anonymous_8)","decl":{"start":{"line":55,"column":44},"end":{"line":55,"column":45}},"loc":{"start":{"line":55,"column":57},"end":{"line":79,"column":1}}},"9":{"name":"(anonymous_9)","decl":{"start":{"line":66,"column":14},"end":{"line":66,"column":15}},"loc":{"start":{"line":66,"column":33},"end":{"line":73,"column":9}}},"10":{"name":"(anonymous_10)","decl":{"start":{"line":68,"column":18},"end":{"line":68,"column":21}},"loc":{"start":{"line":68,"column":23},"end":{"line":70,"column":13}}},"11":{"name":"(anonymous_11)","decl":{"start":{"line":70,"column":21},"end":{"line":70,"column":22}},"loc":{"start":{"line":70,"column":31},"end":{"line":72,"column":13}}},"12":{"name":"(anonymous_12)","decl":{"start":{"line":73,"column":17},"end":{"line":73,"column":18}},"loc":{"start":{"line":73,"column":27},"end":{"line":75,"column":9}}}},"branchMap":{"0":{"loc":{"start":{"line":11,"column":4},"end":{"line":12,"column":null}},"type":"if","locations":[{"start":{"line":11,"column":4},"end":{"line":12,"column":null}}]},"1":{"loc":{"start":{"line":14,"column":20},"end":{"line":14,"column":60}},"type":"cond-expr","locations":[{"start":{"line":14,"column":45},"end":{"line":14,"column":47}},{"start":{"line":14,"column":45},"end":{"line":14,"column":60}}]},"2":{"loc":{"start":{"line":14,"column":20},"end":{"line":14,"column":47}},"type":"binary-expr","locations":[{"start":{"line":14,"column":20},"end":{"line":14,"column":47}},{"start":{"line":14,"column":45},"end":{"line":14,"column":47}}]},"3":{"loc":{"start":{"line":16,"column":4},"end":{"line":38,"column":5}},"type":"if","locations":[{"start":{"line":16,"column":4},"end":{"line":38,"column":5}},{"start":{"line":36,"column":11},"end":{"line":38,"column":5}}]},"4":{"loc":{"start":{"line":43,"column":4},"end":{"line":44,"column":null}},"type":"if","locations":[{"start":{"line":43,"column":4},"end":{"line":44,"column":null}}]},"5":{"loc":{"start":{"line":56,"column":4},"end":{"line":57,"column":null}},"type":"if","locations":[{"start":{"line":56,"column":4},"end":{"line":57,"column":null}}]},"6":{"loc":{"start":{"line":62,"column":20},"end":{"line":62,"column":60}},"type":"cond-expr","locations":[{"start":{"line":62,"column":45},"end":{"line":62,"column":47}},{"start":{"line":62,"column":45},"end":{"line":62,"column":60}}]},"7":{"loc":{"start":{"line":62,"column":20},"end":{"line":62,"column":47}},"type":"binary-expr","locations":[{"start":{"line":62,"column":20},"end":{"line":62,"column":47}},{"start":{"line":62,"column":45},"end":{"line":62,"column":47}}]},"8":{"loc":{"start":{"line":64,"column":4},"end":{"line":78,"column":5}},"type":"if","locations":[{"start":{"line":64,"column":4},"end":{"line":78,"column":5}},{"start":{"line":76,"column":11},"end":{"line":78,"column":5}}]}},"s":{"0":1,"1":1,"2":1,"3":1,"4":1,"5":0,"6":0,"7":0,"8":0,"9":0,"10":0,"11":0,"12":0,"13":0,"14":0,"15":0,"16":0,"17":1,"18":1,"19":0,"20":0,"21":0,"22":0,"23":0,"24":0,"25":1,"26":1,"27":0,"28":0,"29":0,"30":0,"31":0,"32":0,"33":0,"34":0,"35":0,"36":0,"37":0,"38":0,"39":1},"f":{"0":0,"1":0,"2":0,"3":0,"4":0,"5":0,"6":0,"7":0,"8":0,"9":0,"10":0,"11":0,"12":0},"b":{"0":[0],"1":[0,0],"2":[0,0],"3":[0,0],"4":[0],"5":[0],"6":[0,0],"7":[0,0],"8":[0,0]}}
,"C:\\Users\\leoso\\Documentos\\Máster\\TFM\\Backend\\src\\controllers\\userController.ts": {"path":"C:\\Users\\leoso\\Documentos\\Máster\\TFM\\Backend\\src\\controllers\\userController.ts","statementMap":{"0":{"start":{"line":2,"column":0},"end":{"line":2,"column":55}},"1":{"start":{"line":3,"column":0},"end":{"line":3,"column":71}},"2":{"start":{"line":5,"column":0},"end":{"line":5,"column":55}},"3":{"start":{"line":8,"column":13},"end":{"line":8,"column":29}},"4":{"start":{"line":9,"column":16},"end":{"line":9,"column":31}},"5":{"start":{"line":10,"column":17},"end":{"line":10,"column":33}},"6":{"start":{"line":12,"column":38},"end":{"line":39,"column":1}},"7":{"start":{"line":13,"column":20},"end":{"line":16,"column":null}},"8":{"start":{"line":19,"column":4},"end":{"line":38,"column":null}},"9":{"start":{"line":21,"column":8},"end":{"line":35,"column":null}},"10":{"start":{"line":23,"column":12},"end":{"line":23,"column":null}},"11":{"start":{"line":24,"column":12},"end":{"line":31,"column":null}},"12":{"start":{"line":26,"column":16},"end":{"line":26,"column":null}},"13":{"start":{"line":28,"column":16},"end":{"line":28,"column":null}},"14":{"start":{"line":29,"column":16},"end":{"line":29,"column":null}},"15":{"start":{"line":30,"column":16},"end":{"line":30,"column":null}},"16":{"start":{"line":33,"column":12},"end":{"line":33,"column":null}},"17":{"start":{"line":34,"column":12},"end":{"line":34,"column":null}},"18":{"start":{"line":37,"column":8},"end":{"line":37,"column":null}},"19":{"start":{"line":12,"column":13},"end":{"line":12,"column":38}},"20":{"start":{"line":41,"column":42},"end":{"line":69,"column":1}},"21":{"start":{"line":42,"column":20},"end":{"line":42,"column":60}},"22":{"start":{"line":44,"column":4},"end":{"line":68,"column":5}},"23":{"start":{"line":45,"column":8},"end":{"line":65,"column":null}},"24":{"start":{"line":47,"column":28},"end":{"line":50,"column":null}},"25":{"start":{"line":52,"column":12},"end":{"line":62,"column":13}},"26":{"start":{"line":53,"column":16},"end":{"line":59,"column":null}},"27":{"start":{"line":55,"column":20},"end":{"line":55,"column":null}},"28":{"start":{"line":56,"column":20},"end":{"line":56,"column":null}},"29":{"start":{"line":58,"column":20},"end":{"line":58,"column":null}},"30":{"start":{"line":61,"column":16},"end":{"line":61,"column":null}},"31":{"start":{"line":64,"column":12},"end":{"line":64,"column":null}},"32":{"start":{"line":67,"column":8},"end":{"line":67,"column":null}},"33":{"start":{"line":41,"column":13},"end":{"line":41,"column":42}},"34":{"start":{"line":71,"column":19},"end":{"line":78,"column":null}},"35":{"start":{"line":71,"column":80},"end":{"line":78,"column":null}},"36":{"start":{"line":72,"column":4},"end":{"line":77,"column":null}},"37":{"start":{"line":74,"column":8},"end":{"line":74,"column":null}},"38":{"start":{"line":76,"column":8},"end":{"line":76,"column":null}},"39":{"start":{"line":80,"column":55},"end":{"line":108,"column":1}},"40":{"start":{"line":81,"column":20},"end":{"line":81,"column":60}},"41":{"start":{"line":83,"column":4},"end":{"line":107,"column":5}},"42":{"start":{"line":84,"column":8},"end":{"line":104,"column":null}},"43":{"start":{"line":86,"column":52},"end":{"line":95,"column":null}},"44":{"start":{"line":96,"column":12},"end":{"line":101,"column":null}},"45":{"start":{"line":98,"column":16},"end":{"line":98,"column":null}},"46":{"start":{"line":100,"column":16},"end":{"line":100,"column":null}},"47":{"start":{"line":103,"column":12},"end":{"line":103,"column":null}},"48":{"start":{"line":106,"column":8},"end":{"line":106,"column":null}},"49":{"start":{"line":80,"column":13},"end":{"line":80,"column":55}},"50":{"start":{"line":110,"column":42},"end":{"line":134,"column":1}},"51":{"start":{"line":111,"column":20},"end":{"line":111,"column":60}},"52":{"start":{"line":113,"column":4},"end":{"line":133,"column":5}},"53":{"start":{"line":114,"column":8},"end":{"line":130,"column":11}},"54":{"start":{"line":116,"column":12},"end":{"line":126,"column":15}},"55":{"start":{"line":122,"column":16},"end":{"line":122,"column":null}},"56":{"start":{"line":125,"column":16},"end":{"line":125,"column":null}},"57":{"start":{"line":129,"column":12},"end":{"line":129,"column":null}},"58":{"start":{"line":132,"column":8},"end":{"line":132,"column":null}},"59":{"start":{"line":110,"column":13},"end":{"line":110,"column":42}}},"fnMap":{"0":{"name":"(anonymous_7)","decl":{"start":{"line":12,"column":38},"end":{"line":12,"column":39}},"loc":{"start":{"line":12,"column":51},"end":{"line":39,"column":1}}},"1":{"name":"(anonymous_8)","decl":{"start":{"line":20,"column":10},"end":{"line":20,"column":11}},"loc":{"start":{"line":20,"column":26},"end":{"line":36,"column":5}}},"2":{"name":"(anonymous_9)","decl":{"start":{"line":22,"column":14},"end":{"line":22,"column":15}},"loc":{"start":{"line":22,"column":28},"end":{"line":32,"column":9}}},"3":{"name":"(anonymous_10)","decl":{"start":{"line":25,"column":18},"end":{"line":25,"column":21}},"loc":{"start":{"line":25,"column":23},"end":{"line":27,"column":13}}},"4":{"name":"(anonymous_11)","decl":{"start":{"line":27,"column":21},"end":{"line":27,"column":22}},"loc":{"start":{"line":27,"column":31},"end":{"line":31,"column":13}}},"5":{"name":"(anonymous_12)","decl":{"start":{"line":32,"column":17},"end":{"line":32,"column":18}},"loc":{"start":{"line":32,"column":27},"end":{"line":35,"column":9}}},"6":{"name":"(anonymous_13)","decl":{"start":{"line":36,"column":13},"end":{"line":36,"column":14}},"loc":{"start":{"line":36,"column":23},"end":{"line":38,"column":5}}},"7":{"name":"(anonymous_14)","decl":{"start":{"line":41,"column":42},"end":{"line":41,"column":43}},"loc":{"start":{"line":41,"column":55},"end":{"line":69,"column":1}}},"8":{"name":"(anonymous_15)","decl":{"start":{"line":46,"column":14},"end":{"line":46,"column":15}},"loc":{"start":{"line":46,"column":33},"end":{"line":63,"column":9}}},"9":{"name":"(anonymous_16)","decl":{"start":{"line":54,"column":22},"end":{"line":54,"column":23}},"loc":{"start":{"line":54,"column":30},"end":{"line":57,"column":17}}},"10":{"name":"(anonymous_17)","decl":{"start":{"line":57,"column":25},"end":{"line":57,"column":26}},"loc":{"start":{"line":57,"column":35},"end":{"line":59,"column":17}}},"11":{"name":"(anonymous_18)","decl":{"start":{"line":63,"column":17},"end":{"line":63,"column":18}},"loc":{"start":{"line":63,"column":27},"end":{"line":65,"column":9}}},"12":{"name":"(anonymous_19)","decl":{"start":{"line":71,"column":19},"end":{"line":71,"column":26}},"loc":{"start":{"line":71,"column":80},"end":{"line":78,"column":null}}},"13":{"name":"(anonymous_20)","decl":{"start":{"line":71,"column":80},"end":{"line":71,"column":null}},"loc":{"start":{"line":71,"column":80},"end":{"line":78,"column":1}}},"14":{"name":"(anonymous_21)","decl":{"start":{"line":73,"column":10},"end":{"line":73,"column":11}},"loc":{"start":{"line":73,"column":27},"end":{"line":75,"column":5}}},"15":{"name":"(anonymous_22)","decl":{"start":{"line":75,"column":13},"end":{"line":75,"column":14}},"loc":{"start":{"line":75,"column":23},"end":{"line":77,"column":5}}},"16":{"name":"(anonymous_23)","decl":{"start":{"line":80,"column":55},"end":{"line":80,"column":56}},"loc":{"start":{"line":80,"column":68},"end":{"line":108,"column":1}}},"17":{"name":"(anonymous_24)","decl":{"start":{"line":85,"column":14},"end":{"line":85,"column":15}},"loc":{"start":{"line":85,"column":33},"end":{"line":102,"column":9}}},"18":{"name":"(anonymous_25)","decl":{"start":{"line":97,"column":18},"end":{"line":97,"column":19}},"loc":{"start":{"line":97,"column":32},"end":{"line":99,"column":13}}},"19":{"name":"(anonymous_26)","decl":{"start":{"line":99,"column":21},"end":{"line":99,"column":22}},"loc":{"start":{"line":99,"column":31},"end":{"line":101,"column":13}}},"20":{"name":"(anonymous_27)","decl":{"start":{"line":102,"column":17},"end":{"line":102,"column":18}},"loc":{"start":{"line":102,"column":27},"end":{"line":104,"column":9}}},"21":{"name":"(anonymous_28)","decl":{"start":{"line":110,"column":42},"end":{"line":110,"column":43}},"loc":{"start":{"line":110,"column":55},"end":{"line":134,"column":1}}},"22":{"name":"(anonymous_29)","decl":{"start":{"line":115,"column":14},"end":{"line":115,"column":15}},"loc":{"start":{"line":115,"column":33},"end":{"line":127,"column":9}}},"23":{"name":"(anonymous_30)","decl":{"start":{"line":121,"column":18},"end":{"line":121,"column":21}},"loc":{"start":{"line":121,"column":23},"end":{"line":123,"column":13}}},"24":{"name":"(anonymous_31)","decl":{"start":{"line":124,"column":19},"end":{"line":124,"column":20}},"loc":{"start":{"line":124,"column":29},"end":{"line":126,"column":13}}},"25":{"name":"(anonymous_32)","decl":{"start":{"line":128,"column":15},"end":{"line":128,"column":16}},"loc":{"start":{"line":128,"column":25},"end":{"line":130,"column":9}}}},"branchMap":{"0":{"loc":{"start":{"line":42,"column":20},"end":{"line":42,"column":60}},"type":"cond-expr","locations":[{"start":{"line":42,"column":45},"end":{"line":42,"column":47}},{"start":{"line":42,"column":45},"end":{"line":42,"column":60}}]},"1":{"loc":{"start":{"line":42,"column":20},"end":{"line":42,"column":47}},"type":"binary-expr","locations":[{"start":{"line":42,"column":20},"end":{"line":42,"column":47}},{"start":{"line":42,"column":45},"end":{"line":42,"column":47}}]},"2":{"loc":{"start":{"line":44,"column":4},"end":{"line":68,"column":5}},"type":"if","locations":[{"start":{"line":44,"column":4},"end":{"line":68,"column":5}},{"start":{"line":66,"column":11},"end":{"line":68,"column":5}}]},"3":{"loc":{"start":{"line":52,"column":12},"end":{"line":62,"column":13}},"type":"if","locations":[{"start":{"line":52,"column":12},"end":{"line":62,"column":13}},{"start":{"line":60,"column":19},"end":{"line":62,"column":13}}]},"4":{"loc":{"start":{"line":81,"column":20},"end":{"line":81,"column":60}},"type":"cond-expr","locations":[{"start":{"line":81,"column":45},"end":{"line":81,"column":47}},{"start":{"line":81,"column":45},"end":{"line":81,"column":60}}]},"5":{"loc":{"start":{"line":81,"column":20},"end":{"line":81,"column":47}},"type":"binary-expr","locations":[{"start":{"line":81,"column":20},"end":{"line":81,"column":47}},{"start":{"line":81,"column":45},"end":{"line":81,"column":47}}]},"6":{"loc":{"start":{"line":83,"column":4},"end":{"line":107,"column":5}},"type":"if","locations":[{"start":{"line":83,"column":4},"end":{"line":107,"column":5}},{"start":{"line":105,"column":11},"end":{"line":107,"column":5}}]},"7":{"loc":{"start":{"line":91,"column":27},"end":{"line":91,"column":53}},"type":"binary-expr","locations":[{"start":{"line":91,"column":27},"end":{"line":91,"column":47}},{"start":{"line":91,"column":51},"end":{"line":91,"column":53}}]},"8":{"loc":{"start":{"line":92,"column":30},"end":{"line":92,"column":58}},"type":"binary-expr","locations":[{"start":{"line":92,"column":30},"end":{"line":92,"column":52}},{"start":{"line":92,"column":56},"end":{"line":92,"column":58}}]},"9":{"loc":{"start":{"line":111,"column":20},"end":{"line":111,"column":60}},"type":"cond-expr","locations":[{"start":{"line":111,"column":45},"end":{"line":111,"column":47}},{"start":{"line":111,"column":45},"end":{"line":111,"column":60}}]},"10":{"loc":{"start":{"line":111,"column":20},"end":{"line":111,"column":47}},"type":"binary-expr","locations":[{"start":{"line":111,"column":20},"end":{"line":111,"column":47}},{"start":{"line":111,"column":45},"end":{"line":111,"column":47}}]},"11":{"loc":{"start":{"line":113,"column":4},"end":{"line":133,"column":5}},"type":"if","locations":[{"start":{"line":113,"column":4},"end":{"line":133,"column":5}},{"start":{"line":131,"column":11},"end":{"line":133,"column":5}}]}},"s":{"0":1,"1":1,"2":1,"3":1,"4":1,"5":1,"6":1,"7":0,"8":0,"9":0,"10":0,"11":0,"12":0,"13":0,"14":0,"15":0,"16":0,"17":0,"18":0,"19":1,"20":1,"21":0,"22":0,"23":0,"24":0,"25":0,"26":0,"27":0,"28":0,"29":0,"30":0,"31":0,"32":0,"33":1,"34":1,"35":0,"36":0,"37":0,"38":0,"39":1,"40":0,"41":0,"42":0,"43":0,"44":0,"45":0,"46":0,"47":0,"48":0,"49":1,"50":1,"51":0,"52":0,"53":0,"54":0,"55":0,"56":0,"57":0,"58":0,"59":1},"f":{"0":0,"1":0,"2":0,"3":0,"4":0,"5":0,"6":0,"7":0,"8":0,"9":0,"10":0,"11":0,"12":0,"13":0,"14":0,"15":0,"16":0,"17":0,"18":0,"19":0,"20":0,"21":0,"22":0,"23":0,"24":0,"25":0},"b":{"0":[0,0],"1":[0,0],"2":[0,0],"3":[0,0],"4":[0,0],"5":[0,0],"6":[0,0],"7":[0,0],"8":[0,0],"9":[0,0],"10":[0,0],"11":[0,0]}}
,"C:\\Users\\leoso\\Documentos\\Máster\\TFM\\Backend\\src\\controllers\\verificationController.ts": {"path":"C:\\Users\\leoso\\Documentos\\Máster\\TFM\\Backend\\src\\controllers\\verificationController.ts","statementMap":{"0":{"start":{"line":2,"column":0},"end":{"line":2,"column":56}},"1":{"start":{"line":3,"column":0},"end":{"line":3,"column":38}},"2":{"start":{"line":4,"column":0},"end":{"line":4,"column":56}},"3":{"start":{"line":7,"column":13},"end":{"line":7,"column":29}},"4":{"start":{"line":8,"column":17},"end":{"line":8,"column":33}},"5":{"start":{"line":10,"column":43},"end":{"line":31,"column":1}},"6":{"start":{"line":11,"column":20},"end":{"line":11,"column":60}},"7":{"start":{"line":13,"column":4},"end":{"line":30,"column":5}},"8":{"start":{"line":14,"column":8},"end":{"line":27,"column":null}},"9":{"start":{"line":16,"column":12},"end":{"line":24,"column":13}},"10":{"start":{"line":17,"column":16},"end":{"line":17,"column":null}},"11":{"start":{"line":19,"column":16},"end":{"line":23,"column":null}},"12":{"start":{"line":20,"column":20},"end":{"line":20,"column":null}},"13":{"start":{"line":22,"column":20},"end":{"line":22,"column":null}},"14":{"start":{"line":26,"column":12},"end":{"line":26,"column":null}},"15":{"start":{"line":29,"column":8},"end":{"line":29,"column":null}},"16":{"start":{"line":10,"column":13},"end":{"line":10,"column":43}},"17":{"start":{"line":33,"column":51},"end":{"line":65,"column":1}},"18":{"start":{"line":34,"column":20},"end":{"line":34,"column":60}},"19":{"start":{"line":36,"column":4},"end":{"line":64,"column":5}},"20":{"start":{"line":37,"column":8},"end":{"line":61,"column":null}},"21":{"start":{"line":39,"column":12},"end":{"line":58,"column":13}},"22":{"start":{"line":40,"column":16},"end":{"line":40,"column":null}},"23":{"start":{"line":42,"column":34},"end":{"line":42,"column":52}},"24":{"start":{"line":43,"column":34},"end":{"line":43,"column":52}},"25":{"start":{"line":44,"column":16},"end":{"line":46,"column":17}},"26":{"start":{"line":45,"column":20},"end":{"line":45,"column":null}},"27":{"start":{"line":47,"column":16},"end":{"line":57,"column":null}},"28":{"start":{"line":49,"column":35},"end":{"line":49,"column":58}},"29":{"start":{"line":50,"column":20},"end":{"line":54,"column":null}},"30":{"start":{"line":51,"column":24},"end":{"line":51,"column":null}},"31":{"start":{"line":53,"column":24},"end":{"line":53,"column":null}},"32":{"start":{"line":56,"column":20},"end":{"line":56,"column":null}},"33":{"start":{"line":60,"column":12},"end":{"line":60,"column":null}},"34":{"start":{"line":63,"column":8},"end":{"line":63,"column":null}},"35":{"start":{"line":33,"column":13},"end":{"line":33,"column":51}}},"fnMap":{"0":{"name":"(anonymous_0)","decl":{"start":{"line":10,"column":43},"end":{"line":10,"column":44}},"loc":{"start":{"line":10,"column":56},"end":{"line":31,"column":1}}},"1":{"name":"(anonymous_1)","decl":{"start":{"line":15,"column":14},"end":{"line":15,"column":15}},"loc":{"start":{"line":15,"column":33},"end":{"line":25,"column":9}}},"2":{"name":"(anonymous_2)","decl":{"start":{"line":19,"column":56},"end":{"line":19,"column":57}},"loc":{"start":{"line":19,"column":92},"end":{"line":21,"column":17}}},"3":{"name":"(anonymous_3)","decl":{"start":{"line":21,"column":25},"end":{"line":21,"column":26}},"loc":{"start":{"line":21,"column":35},"end":{"line":23,"column":17}}},"4":{"name":"(anonymous_4)","decl":{"start":{"line":25,"column":17},"end":{"line":25,"column":18}},"loc":{"start":{"line":25,"column":27},"end":{"line":27,"column":9}}},"5":{"name":"(anonymous_5)","decl":{"start":{"line":33,"column":51},"end":{"line":33,"column":52}},"loc":{"start":{"line":33,"column":64},"end":{"line":65,"column":1}}},"6":{"name":"(anonymous_6)","decl":{"start":{"line":38,"column":14},"end":{"line":38,"column":15}},"loc":{"start":{"line":38,"column":33},"end":{"line":59,"column":9}}},"7":{"name":"(anonymous_7)","decl":{"start":{"line":48,"column":22},"end":{"line":48,"column":23}},"loc":{"start":{"line":48,"column":30},"end":{"line":55,"column":17}}},"8":{"name":"(anonymous_8)","decl":{"start":{"line":50,"column":57},"end":{"line":50,"column":60}},"loc":{"start":{"line":50,"column":62},"end":{"line":52,"column":21}}},"9":{"name":"(anonymous_9)","decl":{"start":{"line":52,"column":29},"end":{"line":52,"column":30}},"loc":{"start":{"line":52,"column":39},"end":{"line":54,"column":21}}},"10":{"name":"(anonymous_10)","decl":{"start":{"line":55,"column":25},"end":{"line":55,"column":26}},"loc":{"start":{"line":55,"column":35},"end":{"line":57,"column":17}}},"11":{"name":"(anonymous_11)","decl":{"start":{"line":59,"column":17},"end":{"line":59,"column":18}},"loc":{"start":{"line":59,"column":27},"end":{"line":61,"column":9}}}},"branchMap":{"0":{"loc":{"start":{"line":11,"column":20},"end":{"line":11,"column":60}},"type":"cond-expr","locations":[{"start":{"line":11,"column":45},"end":{"line":11,"column":47}},{"start":{"line":11,"column":45},"end":{"line":11,"column":60}}]},"1":{"loc":{"start":{"line":11,"column":20},"end":{"line":11,"column":47}},"type":"binary-expr","locations":[{"start":{"line":11,"column":20},"end":{"line":11,"column":47}},{"start":{"line":11,"column":45},"end":{"line":11,"column":47}}]},"2":{"loc":{"start":{"line":13,"column":4},"end":{"line":30,"column":5}},"type":"if","locations":[{"start":{"line":13,"column":4},"end":{"line":30,"column":5}},{"start":{"line":28,"column":11},"end":{"line":30,"column":5}}]},"3":{"loc":{"start":{"line":16,"column":12},"end":{"line":24,"column":13}},"type":"if","locations":[{"start":{"line":16,"column":12},"end":{"line":24,"column":13}},{"start":{"line":18,"column":19},"end":{"line":24,"column":13}}]},"4":{"loc":{"start":{"line":34,"column":20},"end":{"line":34,"column":60}},"type":"cond-expr","locations":[{"start":{"line":34,"column":45},"end":{"line":34,"column":47}},{"start":{"line":34,"column":45},"end":{"line":34,"column":60}}]},"5":{"loc":{"start":{"line":34,"column":20},"end":{"line":34,"column":47}},"type":"binary-expr","locations":[{"start":{"line":34,"column":20},"end":{"line":34,"column":47}},{"start":{"line":34,"column":45},"end":{"line":34,"column":47}}]},"6":{"loc":{"start":{"line":36,"column":4},"end":{"line":64,"column":5}},"type":"if","locations":[{"start":{"line":36,"column":4},"end":{"line":64,"column":5}},{"start":{"line":62,"column":11},"end":{"line":64,"column":5}}]},"7":{"loc":{"start":{"line":39,"column":12},"end":{"line":58,"column":13}},"type":"if","locations":[{"start":{"line":39,"column":12},"end":{"line":58,"column":13}},{"start":{"line":41,"column":19},"end":{"line":58,"column":13}}]},"8":{"loc":{"start":{"line":44,"column":16},"end":{"line":46,"column":17}},"type":"if","locations":[{"start":{"line":44,"column":16},"end":{"line":46,"column":17}}]},"9":{"loc":{"start":{"line":44,"column":19},"end":{"line":44,"column":43}},"type":"binary-expr","locations":[{"start":{"line":44,"column":19},"end":{"line":44,"column":29}},{"start":{"line":44,"column":33},"end":{"line":44,"column":43}}]}},"s":{"0":1,"1":1,"2":1,"3":1,"4":1,"5":1,"6":0,"7":0,"8":0,"9":0,"10":0,"11":0,"12":0,"13":0,"14":0,"15":0,"16":1,"17":1,"18":0,"19":0,"20":0,"21":0,"22":0,"23":0,"24":0,"25":0,"26":0,"27":0,"28":0,"29":0,"30":0,"31":0,"32":0,"33":0,"34":0,"35":1},"f":{"0":0,"1":0,"2":0,"3":0,"4":0,"5":0,"6":0,"7":0,"8":0,"9":0,"10":0,"11":0},"b":{"0":[0,0],"1":[0,0],"2":[0,0],"3":[0,0],"4":[0,0],"5":[0,0],"6":[0,0],"7":[0,0],"8":[0],"9":[0,0]}}
,"C:\\Users\\leoso\\Documentos\\Máster\\TFM\\Backend\\src\\models\\actor\\actorProfile.ts": {"path":"C:\\Users\\leoso\\Documentos\\Máster\\TFM\\Backend\\src\\models\\actor\\actorProfile.ts","statementMap":{"0":{"start":{"line":13,"column":30},"end":{"line":21,"column":1}},"1":{"start":{"line":14,"column":4},"end":{"line":20,"column":5}},"2":{"start":{"line":15,"column":16},"end":{"line":15,"column":null}},"3":{"start":{"line":16,"column":16},"end":{"line":16,"column":null}},"4":{"start":{"line":17,"column":16},"end":{"line":17,"column":null}},"5":{"start":{"line":18,"column":16},"end":{"line":18,"column":null}},"6":{"start":{"line":19,"column":17},"end":{"line":19,"column":null}},"7":{"start":{"line":13,"column":13},"end":{"line":13,"column":30}}},"fnMap":{"0":{"name":"(anonymous_0)","decl":{"start":{"line":13,"column":30},"end":{"line":13,"column":31}},"loc":{"start":{"line":13,"column":57},"end":{"line":21,"column":1}}}},"branchMap":{"0":{"loc":{"start":{"line":14,"column":4},"end":{"line":20,"column":5}},"type":"switch","locations":[{"start":{"line":15,"column":8},"end":{"line":15,"column":null}},{"start":{"line":16,"column":8},"end":{"line":16,"column":null}},{"start":{"line":17,"column":8},"end":{"line":17,"column":null}},{"start":{"line":18,"column":8},"end":{"line":18,"column":null}},{"start":{"line":19,"column":8},"end":{"line":19,"column":null}}]}},"s":{"0":1,"1":2,"2":0,"3":0,"4":2,"5":0,"6":0,"7":1},"f":{"0":2},"b":{"0":[0,0,2,0,0]}}
,"C:\\Users\\leoso\\Documentos\\Máster\\TFM\\Backend\\src\\models\\user\\userFirebaseAuth.ts": {"path":"C:\\Users\\leoso\\Documentos\\Máster\\TFM\\Backend\\src\\models\\user\\userFirebaseAuth.ts","statementMap":{"0":{"start":{"line":9,"column":28},"end":{"line":12,"column":1}},"1":{"start":{"line":10,"column":23},"end":{"line":10,"column":51}},"2":{"start":{"line":11,"column":4},"end":{"line":11,"column":null}},"3":{"start":{"line":9,"column":13},"end":{"line":9,"column":28}}},"fnMap":{"0":{"name":"(anonymous_0)","decl":{"start":{"line":9,"column":28},"end":{"line":9,"column":29}},"loc":{"start":{"line":9,"column":55},"end":{"line":12,"column":1}}}},"branchMap":{},"s":{"0":1,"1":0,"2":0,"3":1},"f":{"0":0},"b":{}}
,"C:\\Users\\leoso\\Documentos\\Máster\\TFM\\Backend\\src\\routes\\actors.ts": {"path":"C:\\Users\\leoso\\Documentos\\Máster\\TFM\\Backend\\src\\routes\\actors.ts","statementMap":{"0":{"start":{"line":1,"column":0},"end":{"line":1,"column":29}},"1":{"start":{"line":2,"column":0},"end":{"line":2,"column":87}},"2":{"start":{"line":4,"column":21},"end":{"line":4,"column":37}},"3":{"start":{"line":33,"column":0},"end":{"line":33,"column":null}},"4":{"start":{"line":93,"column":0},"end":{"line":93,"column":null}},"5":{"start":{"line":129,"column":0},"end":{"line":129,"column":null}},"6":{"start":{"line":131,"column":0},"end":{"line":131,"column":28}}},"fnMap":{},"branchMap":{},"s":{"0":1,"1":1,"2":1,"3":1,"4":1,"5":1,"6":1},"f":{},"b":{}}
,"C:\\Users\\leoso\\Documentos\\Máster\\TFM\\Backend\\src\\routes\\movies.ts": {"path":"C:\\Users\\leoso\\Documentos\\Máster\\TFM\\Backend\\src\\routes\\movies.ts","statementMap":{"0":{"start":{"line":1,"column":0},"end":{"line":1,"column":29}},"1":{"start":{"line":2,"column":0},"end":{"line":2,"column":96}},"2":{"start":{"line":4,"column":21},"end":{"line":4,"column":37}},"3":{"start":{"line":31,"column":0},"end":{"line":31,"column":null}},"4":{"start":{"line":54,"column":0},"end":{"line":54,"column":null}},"5":{"start":{"line":87,"column":0},"end":{"line":87,"column":null}},"6":{"start":{"line":117,"column":0},"end":{"line":117,"column":null}},"7":{"start":{"line":119,"column":0},"end":{"line":119,"column":null}}},"fnMap":{},"branchMap":{},"s":{"0":1,"1":1,"2":1,"3":1,"4":1,"5":1,"6":1,"7":1},"f":{},"b":{}}
,"C:\\Users\\leoso\\Documentos\\Máster\\TFM\\Backend\\src\\routes\\reviews.ts": {"path":"C:\\Users\\leoso\\Documentos\\Máster\\TFM\\Backend\\src\\routes\\reviews.ts","statementMap":{"0":{"start":{"line":1,"column":0},"end":{"line":1,"column":29}},"1":{"start":{"line":2,"column":0},"end":{"line":2,"column":86}},"2":{"start":{"line":4,"column":23},"end":{"line":4,"column":39}},"3":{"start":{"line":43,"column":0},"end":{"line":43,"column":null}},"4":{"start":{"line":68,"column":0},"end":{"line":68,"column":null}},"5":{"start":{"line":101,"column":0},"end":{"line":101,"column":null}},"6":{"start":{"line":103,"column":0},"end":{"line":103,"column":null}}},"fnMap":{},"branchMap":{},"s":{"0":1,"1":1,"2":1,"3":1,"4":1,"5":1,"6":1},"f":{},"b":{}}
,"C:\\Users\\leoso\\Documentos\\Máster\\TFM\\Backend\\src\\routes\\users.ts": {"path":"C:\\Users\\leoso\\Documentos\\Máster\\TFM\\Backend\\src\\routes\\users.ts","statementMap":{"0":{"start":{"line":1,"column":0},"end":{"line":1,"column":29}},"1":{"start":{"line":2,"column":0},"end":{"line":2,"column":27}},"2":{"start":{"line":3,"column":0},"end":{"line":3,"column":103}},"3":{"start":{"line":5,"column":20},"end":{"line":5,"column":36}},"4":{"start":{"line":6,"column":15},"end":{"line":8,"column":2}},"5":{"start":{"line":41,"column":0},"end":{"line":41,"column":null}},"6":{"start":{"line":70,"column":0},"end":{"line":70,"column":null}},"7":{"start":{"line":110,"column":0},"end":{"line":110,"column":null}},"8":{"start":{"line":130,"column":0},"end":{"line":130,"column":null}},"9":{"start":{"line":132,"column":0},"end":{"line":132,"column":null}}},"fnMap":{},"branchMap":{},"s":{"0":1,"1":1,"2":1,"3":1,"4":1,"5":1,"6":1,"7":1,"8":1,"9":1},"f":{},"b":{}}
,"C:\\Users\\leoso\\Documentos\\Máster\\TFM\\Backend\\src\\routes\\verification.ts": {"path":"C:\\Users\\leoso\\Documentos\\Máster\\TFM\\Backend\\src\\routes\\verification.ts","statementMap":{"0":{"start":{"line":1,"column":0},"end":{"line":1,"column":29}},"1":{"start":{"line":2,"column":0},"end":{"line":2,"column":88}},"2":{"start":{"line":4,"column":28},"end":{"line":4,"column":44}},"3":{"start":{"line":46,"column":0},"end":{"line":46,"column":null}},"4":{"start":{"line":98,"column":0},"end":{"line":98,"column":null}},"5":{"start":{"line":100,"column":0},"end":{"line":100,"column":null}}},"fnMap":{},"branchMap":{},"s":{"0":1,"1":1,"2":1,"3":1,"4":1,"5":1},"f":{},"b":{}}
,"C:\\Users\\leoso\\Documentos\\Máster\\TFM\\Backend\\src\\services\\FirebaseAuth.ts": {"path":"C:\\Users\\leoso\\Documentos\\Máster\\TFM\\Backend\\src\\services\\FirebaseAuth.ts","statementMap":{"0":{"start":{"line":1,"column":0},"end":{"line":1,"column":42}},"1":{"start":{"line":2,"column":0},"end":{"line":2,"column":63}},"2":{"start":{"line":9,"column":8},"end":{"line":10,"column":null}},"3":{"start":{"line":10,"column":12},"end":{"line":10,"column":null}},"4":{"start":{"line":12,"column":8},"end":{"line":15,"column":null}},"5":{"start":{"line":14,"column":12},"end":{"line":14,"column":null}},"6":{"start":{"line":19,"column":8},"end":{"line":22,"column":null}},"7":{"start":{"line":21,"column":12},"end":{"line":21,"column":null}},"8":{"start":{"line":26,"column":8},"end":{"line":26,"column":null}},"9":{"start":{"line":30,"column":8},"end":{"line":36,"column":11}},"10":{"start":{"line":32,"column":12},"end":{"line":32,"column":62}},"11":{"start":{"line":35,"column":12},"end":{"line":35,"column":34}},"12":{"start":{"line":40,"column":8},"end":{"line":43,"column":null}},"13":{"start":{"line":42,"column":12},"end":{"line":42,"column":null}},"14":{"start":{"line":7,"column":0},"end":{"line":7,"column":13}}},"fnMap":{"0":{"name":"(anonymous_7)","decl":{"start":{"line":8,"column":17},"end":{"line":8,"column":27}},"loc":{"start":{"line":8,"column":50},"end":{"line":16,"column":null}}},"1":{"name":"(anonymous_9)","decl":{"start":{"line":13,"column":15},"end":{"line":13,"column":16}},"loc":{"start":{"line":13,"column":25},"end":{"line":15,"column":9}}},"2":{"name":"(anonymous_10)","decl":{"start":{"line":18,"column":17},"end":{"line":18,"column":30}},"loc":{"start":{"line":18,"column":46},"end":{"line":23,"column":null}}},"3":{"name":"(anonymous_12)","decl":{"start":{"line":20,"column":15},"end":{"line":20,"column":16}},"loc":{"start":{"line":20,"column":25},"end":{"line":22,"column":9}}},"4":{"name":"(anonymous_13)","decl":{"start":{"line":25,"column":17},"end":{"line":25,"column":27}},"loc":{"start":{"line":25,"column":63},"end":{"line":27,"column":null}}},"5":{"name":"(anonymous_15)","decl":{"start":{"line":29,"column":17},"end":{"line":29,"column":30}},"loc":{"start":{"line":29,"column":59},"end":{"line":37,"column":null}}},"6":{"name":"(anonymous_17)","decl":{"start":{"line":31,"column":14},"end":{"line":31,"column":17}},"loc":{"start":{"line":31,"column":19},"end":{"line":33,"column":9}}},"7":{"name":"(anonymous_18)","decl":{"start":{"line":34,"column":15},"end":{"line":34,"column":16}},"loc":{"start":{"line":34,"column":25},"end":{"line":36,"column":9}}},"8":{"name":"(anonymous_19)","decl":{"start":{"line":39,"column":17},"end":{"line":39,"column":27}},"loc":{"start":{"line":39,"column":39},"end":{"line":44,"column":null}}},"9":{"name":"(anonymous_21)","decl":{"start":{"line":41,"column":15},"end":{"line":41,"column":16}},"loc":{"start":{"line":41,"column":25},"end":{"line":43,"column":9}}}},"branchMap":{"0":{"loc":{"start":{"line":9,"column":8},"end":{"line":10,"column":null}},"type":"if","locations":[{"start":{"line":9,"column":8},"end":{"line":10,"column":null}}]}},"s":{"0":1,"1":1,"2":0,"3":0,"4":0,"5":0,"6":0,"7":0,"8":0,"9":0,"10":0,"11":0,"12":0,"13":0,"14":1},"f":{"0":0,"1":0,"2":0,"3":0,"4":0,"5":0,"6":0,"7":0,"8":0,"9":0},"b":{"0":[0]}}
,"C:\\Users\\leoso\\Documentos\\Máster\\TFM\\Backend\\src\\services\\FirebaseRTDB.ts": {"path":"C:\\Users\\leoso\\Documentos\\Máster\\TFM\\Backend\\src\\services\\FirebaseRTDB.ts","statementMap":{"0":{"start":{"line":3,"column":0},"end":{"line":3,"column":42}},"1":{"start":{"line":13,"column":8},"end":{"line":13,"column":null}},"2":{"start":{"line":17,"column":26},"end":{"line":17,"column":105}},"3":{"start":{"line":19,"column":8},"end":{"line":30,"column":15}},"4":{"start":{"line":21,"column":28},"end":{"line":21,"column":40}},"5":{"start":{"line":22,"column":16},"end":{"line":26,"column":17}},"6":{"start":{"line":23,"column":20},"end":{"line":23,"column":31}},"7":{"start":{"line":25,"column":20},"end":{"line":25,"column":83}},"8":{"start":{"line":29,"column":16},"end":{"line":29,"column":45}},"9":{"start":{"line":34,"column":36},"end":{"line":34,"column":76}},"10":{"start":{"line":35,"column":33},"end":{"line":35,"column":79}},"11":{"start":{"line":36,"column":33},"end":{"line":36,"column":62}},"12":{"start":{"line":38,"column":8},"end":{"line":54,"column":11}},"13":{"start":{"line":38,"column":75},"end":{"line":52,"column":10}},"14":{"start":{"line":39,"column":12},"end":{"line":42,"column":13}},"15":{"start":{"line":40,"column":66},"end":{"line":40,"column":90}},"16":{"start":{"line":41,"column":16},"end":{"line":41,"column":null}},"17":{"start":{"line":43,"column":12},"end":{"line":51,"column":15}},"18":{"start":{"line":44,"column":16},"end":{"line":47,"column":17}},"19":{"start":{"line":45,"column":67},"end":{"line":45,"column":88}},"20":{"start":{"line":46,"column":20},"end":{"line":46,"column":null}},"21":{"start":{"line":48,"column":16},"end":{"line":48,"column":null}},"22":{"start":{"line":50,"column":16},"end":{"line":50,"column":90}},"23":{"start":{"line":53,"column":12},"end":{"line":53,"column":86}},"24":{"start":{"line":58,"column":26},"end":{"line":58,"column":62}},"25":{"start":{"line":59,"column":26},"end":{"line":59,"column":89}},"26":{"start":{"line":60,"column":8},"end":{"line":60,"column":null}},"27":{"start":{"line":64,"column":8},"end":{"line":67,"column":null}},"28":{"start":{"line":66,"column":12},"end":{"line":66,"column":null}},"29":{"start":{"line":69,"column":8},"end":{"line":73,"column":null}},"30":{"start":{"line":70,"column":21},"end":{"line":70,"column":46}},"31":{"start":{"line":72,"column":12},"end":{"line":72,"column":null}},"32":{"start":{"line":77,"column":27},"end":{"line":77,"column":56}},"33":{"start":{"line":79,"column":8},"end":{"line":98,"column":11}},"34":{"start":{"line":80,"column":12},"end":{"line":82,"column":13}},"35":{"start":{"line":81,"column":16},"end":{"line":81,"column":23}},"36":{"start":{"line":84,"column":53},"end":{"line":84,"column":55}},"37":{"start":{"line":85,"column":12},"end":{"line":93,"column":15}},"38":{"start":{"line":86,"column":61},"end":{"line":86,"column":80}},"39":{"start":{"line":87,"column":16},"end":{"line":92,"column":17}},"40":{"start":{"line":88,"column":35},"end":{"line":88,"column":57}},"41":{"start":{"line":89,"column":20},"end":{"line":91,"column":21}},"42":{"start":{"line":90,"column":24},"end":{"line":90,"column":90}},"43":{"start":{"line":95,"column":12},"end":{"line":95,"column":55}},"44":{"start":{"line":97,"column":12},"end":{"line":97,"column":41}},"45":{"start":{"line":102,"column":34},"end":{"line":102,"column":75}},"46":{"start":{"line":104,"column":8},"end":{"line":119,"column":11}},"47":{"start":{"line":105,"column":12},"end":{"line":116,"column":13}},"48":{"start":{"line":106,"column":39},"end":{"line":106,"column":60}},"49":{"start":{"line":107,"column":56},"end":{"line":112,"column":18}},"50":{"start":{"line":108,"column":20},"end":{"line":111,"column":45}},"51":{"start":{"line":113,"column":16},"end":{"line":113,"column":32}},"52":{"start":{"line":115,"column":16},"end":{"line":115,"column":null}},"53":{"start":{"line":118,"column":12},"end":{"line":118,"column":84}},"54":{"start":{"line":123,"column":26},"end":{"line":123,"column":67}},"55":{"start":{"line":125,"column":8},"end":{"line":139,"column":11}},"56":{"start":{"line":127,"column":24},"end":{"line":127,"column":36}},"57":{"start":{"line":128,"column":12},"end":{"line":135,"column":13}},"58":{"start":{"line":129,"column":16},"end":{"line":129,"column":27}},"59":{"start":{"line":131,"column":16},"end":{"line":134,"column":19}},"60":{"start":{"line":138,"column":12},"end":{"line":138,"column":76}},"61":{"start":{"line":143,"column":26},"end":{"line":143,"column":80}},"62":{"start":{"line":145,"column":8},"end":{"line":172,"column":15}},"63":{"start":{"line":146,"column":37},"end":{"line":169,"column":14}},"64":{"start":{"line":147,"column":32},"end":{"line":147,"column":46}},"65":{"start":{"line":148,"column":16},"end":{"line":150,"column":17}},"66":{"start":{"line":149,"column":20},"end":{"line":149,"column":87}},"67":{"start":{"line":152,"column":28},"end":{"line":152,"column":39}},"68":{"start":{"line":154,"column":16},"end":{"line":168,"column":17}},"69":{"start":{"line":155,"column":39},"end":{"line":155,"column":95}},"70":{"start":{"line":156,"column":44},"end":{"line":156,"column":100}},"71":{"start":{"line":158,"column":20},"end":{"line":165,"column":23}},"72":{"start":{"line":159,"column":37},"end":{"line":162,"column":22}},"73":{"start":{"line":160,"column":24},"end":{"line":161,"column":79}},"74":{"start":{"line":161,"column":41},"end":{"line":161,"column":77}},"75":{"start":{"line":164,"column":24},"end":{"line":164,"column":128}},"76":{"start":{"line":167,"column":20},"end":{"line":167,"column":56}},"77":{"start":{"line":171,"column":16},"end":{"line":171,"column":null}},"78":{"start":{"line":176,"column":26},"end":{"line":176,"column":55}},"79":{"start":{"line":177,"column":31},"end":{"line":177,"column":65}},"80":{"start":{"line":179,"column":8},"end":{"line":208,"column":11}},"81":{"start":{"line":180,"column":33},"end":{"line":205,"column":10}},"82":{"start":{"line":181,"column":28},"end":{"line":181,"column":42}},"83":{"start":{"line":182,"column":12},"end":{"line":184,"column":13}},"84":{"start":{"line":183,"column":16},"end":{"line":183,"column":41}},"85":{"start":{"line":186,"column":52},"end":{"line":186,"column":54}},"86":{"start":{"line":187,"column":55},"end":{"line":187,"column":57}},"87":{"start":{"line":189,"column":12},"end":{"line":198,"column":15}},"88":{"start":{"line":190,"column":37},"end":{"line":190,"column":53}},"89":{"start":{"line":191,"column":16},"end":{"line":197,"column":19}},"90":{"start":{"line":192,"column":35},"end":{"line":192,"column":67}},"91":{"start":{"line":193,"column":20},"end":{"line":196,"column":21}},"92":{"start":{"line":194,"column":24},"end":{"line":194,"column":67}},"93":{"start":{"line":195,"column":24},"end":{"line":195,"column":67}},"94":{"start":{"line":200,"column":12},"end":{"line":204,"column":13}},"95":{"start":{"line":201,"column":16},"end":{"line":201,"column":null}},"96":{"start":{"line":203,"column":16},"end":{"line":203,"column":94}},"97":{"start":{"line":203,"column":65},"end":{"line":203,"column":92}},"98":{"start":{"line":207,"column":12},"end":{"line":207,"column":117}},"99":{"start":{"line":8,"column":0},"end":{"line":8,"column":13}}},"fnMap":{"0":{"name":"(anonymous_7)","decl":{"start":{"line":12,"column":4},"end":{"line":12,"column":null}},"loc":{"start":{"line":12,"column":4},"end":{"line":14,"column":5}}},"1":{"name":"(anonymous_8)","decl":{"start":{"line":16,"column":17},"end":{"line":16,"column":26}},"loc":{"start":{"line":16,"column":76},"end":{"line":31,"column":null}}},"2":{"name":"(anonymous_10)","decl":{"start":{"line":20,"column":18},"end":{"line":20,"column":19}},"loc":{"start":{"line":20,"column":31},"end":{"line":27,"column":13}}},"3":{"name":"(anonymous_11)","decl":{"start":{"line":28,"column":19},"end":{"line":28,"column":20}},"loc":{"start":{"line":28,"column":29},"end":{"line":30,"column":13}}},"4":{"name":"(anonymous_12)","decl":{"start":{"line":33,"column":17},"end":{"line":33,"column":27}},"loc":{"start":{"line":33,"column":44},"end":{"line":55,"column":null}}},"5":{"name":"(anonymous_14)","decl":{"start":{"line":38,"column":46},"end":{"line":38,"column":53}},"loc":{"start":{"line":38,"column":75},"end":{"line":52,"column":10}}},"6":{"name":"(anonymous_15)","decl":{"start":{"line":38,"column":75},"end":{"line":38,"column":null}},"loc":{"start":{"line":38,"column":75},"end":{"line":52,"column":9}}},"7":{"name":"(anonymous_16)","decl":{"start":{"line":43,"column":47},"end":{"line":43,"column":48}},"loc":{"start":{"line":43,"column":67},"end":{"line":49,"column":13}}},"8":{"name":"(anonymous_17)","decl":{"start":{"line":49,"column":21},"end":{"line":49,"column":22}},"loc":{"start":{"line":49,"column":31},"end":{"line":51,"column":13}}},"9":{"name":"(anonymous_18)","decl":{"start":{"line":52,"column":17},"end":{"line":52,"column":18}},"loc":{"start":{"line":52,"column":27},"end":{"line":54,"column":9}}},"10":{"name":"(anonymous_19)","decl":{"start":{"line":57,"column":11},"end":{"line":57,"column":23}},"loc":{"start":{"line":57,"column":76},"end":{"line":61,"column":5}}},"11":{"name":"(anonymous_20)","decl":{"start":{"line":63,"column":17},"end":{"line":63,"column":34}},"loc":{"start":{"line":63,"column":46},"end":{"line":74,"column":null}}},"12":{"name":"(anonymous_22)","decl":{"start":{"line":65,"column":15},"end":{"line":65,"column":16}},"loc":{"start":{"line":65,"column":25},"end":{"line":67,"column":9}}},"13":{"name":"(anonymous_23)","decl":{"start":{"line":70,"column":14},"end":{"line":70,"column":17}},"loc":{"start":{"line":70,"column":19},"end":{"line":70,"column":46}}},"14":{"name":"(anonymous_24)","decl":{"start":{"line":71,"column":15},"end":{"line":71,"column":16}},"loc":{"start":{"line":71,"column":25},"end":{"line":73,"column":9}}},"15":{"name":"(anonymous_25)","decl":{"start":{"line":76,"column":18},"end":{"line":76,"column":31}},"loc":{"start":{"line":76,"column":63},"end":{"line":99,"column":null}}},"16":{"name":"(anonymous_27)","decl":{"start":{"line":79,"column":45},"end":{"line":79,"column":46}},"loc":{"start":{"line":79,"column":58},"end":{"line":96,"column":9}}},"17":{"name":"(anonymous_28)","decl":{"start":{"line":85,"column":29},"end":{"line":85,"column":30}},"loc":{"start":{"line":85,"column":76},"end":{"line":93,"column":13}}},"18":{"name":"(anonymous_29)","decl":{"start":{"line":96,"column":17},"end":{"line":96,"column":18}},"loc":{"start":{"line":96,"column":27},"end":{"line":98,"column":9}}},"19":{"name":"(anonymous_30)","decl":{"start":{"line":101,"column":17},"end":{"line":101,"column":40}},"loc":{"start":{"line":101,"column":40},"end":{"line":120,"column":null}}},"20":{"name":"(anonymous_32)","decl":{"start":{"line":104,"column":44},"end":{"line":104,"column":45}},"loc":{"start":{"line":104,"column":64},"end":{"line":117,"column":9}}},"21":{"name":"(anonymous_33)","decl":{"start":{"line":107,"column":88},"end":{"line":107,"column":91}},"loc":{"start":{"line":107,"column":94},"end":{"line":112,"column":17}}},"22":{"name":"(anonymous_34)","decl":{"start":{"line":117,"column":17},"end":{"line":117,"column":18}},"loc":{"start":{"line":117,"column":27},"end":{"line":119,"column":9}}},"23":{"name":"(anonymous_35)","decl":{"start":{"line":122,"column":17},"end":{"line":122,"column":39}},"loc":{"start":{"line":122,"column":68},"end":{"line":140,"column":null}}},"24":{"name":"(anonymous_37)","decl":{"start":{"line":126,"column":14},"end":{"line":126,"column":15}},"loc":{"start":{"line":126,"column":27},"end":{"line":136,"column":9}}},"25":{"name":"(anonymous_38)","decl":{"start":{"line":137,"column":15},"end":{"line":137,"column":16}},"loc":{"start":{"line":137,"column":25},"end":{"line":139,"column":9}}},"26":{"name":"(anonymous_39)","decl":{"start":{"line":142,"column":17},"end":{"line":142,"column":36}},"loc":{"start":{"line":142,"column":73},"end":{"line":173,"column":null}}},"27":{"name":"(anonymous_41)","decl":{"start":{"line":146,"column":18},"end":{"line":146,"column":25}},"loc":{"start":{"line":146,"column":37},"end":{"line":169,"column":14}}},"28":{"name":"(anonymous_42)","decl":{"start":{"line":146,"column":37},"end":{"line":146,"column":null}},"loc":{"start":{"line":146,"column":37},"end":{"line":169,"column":13}}},"29":{"name":"(anonymous_43)","decl":{"start":{"line":159,"column":26},"end":{"line":159,"column":35}},"loc":{"start":{"line":159,"column":37},"end":{"line":162,"column":22}}},"30":{"name":"(anonymous_44)","decl":{"start":{"line":159,"column":37},"end":{"line":159,"column":null}},"loc":{"start":{"line":159,"column":37},"end":{"line":162,"column":21}}},"31":{"name":"(anonymous_45)","decl":{"start":{"line":161,"column":34},"end":{"line":161,"column":37}},"loc":{"start":{"line":161,"column":39},"end":{"line":161,"column":77}}},"32":{"name":"(anonymous_46)","decl":{"start":{"line":163,"column":27},"end":{"line":163,"column":28}},"loc":{"start":{"line":163,"column":37},"end":{"line":165,"column":21}}},"33":{"name":"(anonymous_47)","decl":{"start":{"line":170,"column":19},"end":{"line":170,"column":20}},"loc":{"start":{"line":170,"column":29},"end":{"line":172,"column":13}}},"34":{"name":"(anonymous_48)","decl":{"start":{"line":175,"column":18},"end":{"line":175,"column":29}},"loc":{"start":{"line":175,"column":86},"end":{"line":209,"column":null}}},"35":{"name":"(anonymous_50)","decl":{"start":{"line":180,"column":14},"end":{"line":180,"column":21}},"loc":{"start":{"line":180,"column":33},"end":{"line":205,"column":10}}},"36":{"name":"(anonymous_51)","decl":{"start":{"line":180,"column":33},"end":{"line":180,"column":null}},"loc":{"start":{"line":180,"column":33},"end":{"line":205,"column":9}}},"37":{"name":"(anonymous_52)","decl":{"start":{"line":189,"column":41},"end":{"line":189,"column":42}},"loc":{"start":{"line":189,"column":53},"end":{"line":198,"column":13}}},"38":{"name":"(anonymous_53)","decl":{"start":{"line":191,"column":50},"end":{"line":191,"column":51}},"loc":{"start":{"line":191,"column":63},"end":{"line":197,"column":17}}},"39":{"name":"(anonymous_54)","decl":{"start":{"line":203,"column":59},"end":{"line":203,"column":62}},"loc":{"start":{"line":203,"column":65},"end":{"line":203,"column":92}}},"40":{"name":"(anonymous_55)","decl":{"start":{"line":206,"column":15},"end":{"line":206,"column":16}},"loc":{"start":{"line":206,"column":25},"end":{"line":208,"column":9}}}},"branchMap":{"0":{"loc":{"start":{"line":17,"column":44},"end":{"line":17,"column":104}},"type":"cond-expr","locations":[{"start":{"line":17,"column":53},"end":{"line":17,"column":80}},{"start":{"line":17,"column":83},"end":{"line":17,"column":104}}]},"1":{"loc":{"start":{"line":22,"column":16},"end":{"line":26,"column":17}},"type":"if","locations":[{"start":{"line":22,"column":16},"end":{"line":26,"column":17}},{"start":{"line":24,"column":23},"end":{"line":26,"column":17}}]},"2":{"loc":{"start":{"line":39,"column":12},"end":{"line":42,"column":13}},"type":"if","locations":[{"start":{"line":39,"column":12},"end":{"line":42,"column":13}}]},"3":{"loc":{"start":{"line":44,"column":16},"end":{"line":47,"column":17}},"type":"if","locations":[{"start":{"line":44,"column":16},"end":{"line":47,"column":17}}]},"4":{"loc":{"start":{"line":58,"column":26},"end":{"line":58,"column":62}},"type":"cond-expr","locations":[{"start":{"line":58,"column":35},"end":{"line":58,"column":50}},{"start":{"line":58,"column":53},"end":{"line":58,"column":62}}]},"5":{"loc":{"start":{"line":80,"column":12},"end":{"line":82,"column":13}},"type":"if","locations":[{"start":{"line":80,"column":12},"end":{"line":82,"column":13}}]},"6":{"loc":{"start":{"line":89,"column":20},"end":{"line":91,"column":21}},"type":"if","locations":[{"start":{"line":89,"column":20},"end":{"line":91,"column":21}}]},"7":{"loc":{"start":{"line":105,"column":12},"end":{"line":116,"column":13}},"type":"if","locations":[{"start":{"line":105,"column":12},"end":{"line":116,"column":13}},{"start":{"line":114,"column":19},"end":{"line":116,"column":13}}]},"8":{"loc":{"start":{"line":128,"column":12},"end":{"line":135,"column":13}},"type":"if","locations":[{"start":{"line":128,"column":12},"end":{"line":135,"column":13}},{"start":{"line":130,"column":19},"end":{"line":135,"column":13}}]},"9":{"loc":{"start":{"line":148,"column":16},"end":{"line":150,"column":17}},"type":"if","locations":[{"start":{"line":148,"column":16},"end":{"line":150,"column":17}}]},"10":{"loc":{"start":{"line":154,"column":16},"end":{"line":168,"column":17}},"type":"if","locations":[{"start":{"line":154,"column":16},"end":{"line":168,"column":17}},{"start":{"line":166,"column":23},"end":{"line":168,"column":17}}]},"11":{"loc":{"start":{"line":155,"column":39},"end":{"line":155,"column":95}},"type":"cond-expr","locations":[{"start":{"line":155,"column":66},"end":{"line":155,"column":76}},{"start":{"line":155,"column":79},"end":{"line":155,"column":95}}]},"12":{"loc":{"start":{"line":156,"column":44},"end":{"line":156,"column":100}},"type":"cond-expr","locations":[{"start":{"line":156,"column":71},"end":{"line":156,"column":87}},{"start":{"line":156,"column":90},"end":{"line":156,"column":100}}]},"13":{"loc":{"start":{"line":182,"column":12},"end":{"line":184,"column":13}},"type":"if","locations":[{"start":{"line":182,"column":12},"end":{"line":184,"column":13}}]},"14":{"loc":{"start":{"line":193,"column":20},"end":{"line":196,"column":21}},"type":"if","locations":[{"start":{"line":193,"column":20},"end":{"line":196,"column":21}}]},"15":{"loc":{"start":{"line":200,"column":12},"end":{"line":204,"column":13}},"type":"if","locations":[{"start":{"line":200,"column":12},"end":{"line":204,"column":13}},{"start":{"line":202,"column":19},"end":{"line":204,"column":13}}]}},"s":{"0":1,"1":3,"2":0,"3":0,"4":0,"5":0,"6":0,"7":0,"8":0,"9":0,"10":0,"11":0,"12":0,"13":0,"14":0,"15":0,"16":0,"17":0,"18":0,"19":0,"20":0,"21":0,"22":0,"23":0,"24":0,"25":0,"26":0,"27":0,"28":0,"29":0,"30":0,"31":0,"32":0,"33":0,"34":0,"35":0,"36":0,"37":0,"38":0,"39":0,"40":0,"41":0,"42":0,"43":0,"44":0,"45":0,"46":0,"47":0,"48":0,"49":0,"50":0,"51":0,"52":0,"53":0,"54":0,"55":0,"56":0,"57":0,"58":0,"59":0,"60":0,"61":0,"62":0,"63":0,"64":0,"65":0,"66":0,"67":0,"68":0,"69":0,"70":0,"71":0,"72":0,"73":0,"74":0,"75":0,"76":0,"77":0,"78":0,"79":0,"80":0,"81":0,"82":0,"83":0,"84":0,"85":0,"86":0,"87":0,"88":0,"89":0,"90":0,"91":0,"92":0,"93":0,"94":0,"95":0,"96":0,"97":0,"98":0,"99":1},"f":{"0":3,"1":0,"2":0,"3":0,"4":0,"5":0,"6":0,"7":0,"8":0,"9":0,"10":0,"11":0,"12":0,"13":0,"14":0,"15":0,"16":0,"17":0,"18":0,"19":0,"20":0,"21":0,"22":0,"23":0,"24":0,"25":0,"26":0,"27":0,"28":0,"29":0,"30":0,"31":0,"32":0,"33":0,"34":0,"35":0,"36":0,"37":0,"38":0,"39":0,"40":0},"b":{"0":[0,0],"1":[0,0],"2":[0],"3":[0],"4":[0,0],"5":[0],"6":[0],"7":[0,0],"8":[0,0],"9":[0],"10":[0,0],"11":[0,0],"12":[0,0],"13":[0],"14":[0],"15":[0,0]}}
,"C:\\Users\\leoso\\Documentos\\Máster\\TFM\\Backend\\src\\services\\FirebaseStr.ts": {"path":"C:\\Users\\leoso\\Documentos\\Máster\\TFM\\Backend\\src\\services\\FirebaseStr.ts","statementMap":{"0":{"start":{"line":1,"column":0},"end":{"line":1,"column":42}},"1":{"start":{"line":2,"column":0},"end":{"line":2,"column":25}},"2":{"start":{"line":3,"column":0},"end":{"line":3,"column":82}},"3":{"start":{"line":5,"column":13},"end":{"line":5,"column":null}},"4":{"start":{"line":12,"column":8},"end":{"line":12,"column":null}},"5":{"start":{"line":16,"column":8},"end":{"line":32,"column":null}},"6":{"start":{"line":17,"column":12},"end":{"line":31,"column":13}},"7":{"start":{"line":18,"column":16},"end":{"line":18,"column":null}},"8":{"start":{"line":20,"column":16},"end":{"line":30,"column":null}},"9":{"start":{"line":21,"column":53},"end":{"line":28,"column":18}},"10":{"start":{"line":22,"column":36},"end":{"line":22,"column":82}},"11":{"start":{"line":24,"column":35},"end":{"line":24,"column":104}},"12":{"start":{"line":25,"column":20},"end":{"line":25,"column":null}},"13":{"start":{"line":25,"column":51},"end":{"line":25,"column":100}},"14":{"start":{"line":26,"column":20},"end":{"line":26,"column":null}},"15":{"start":{"line":26,"column":47},"end":{"line":26,"column":106}},"16":{"start":{"line":27,"column":20},"end":{"line":27,"column":null}},"17":{"start":{"line":29,"column":20},"end":{"line":29,"column":null}},"18":{"start":{"line":36,"column":27},"end":{"line":36,"column":48}},"19":{"start":{"line":37,"column":8},"end":{"line":38,"column":null}},"20":{"start":{"line":42,"column":8},"end":{"line":44,"column":null}},"21":{"start":{"line":48,"column":8},"end":{"line":60,"column":null}},"22":{"start":{"line":48,"column":58},"end":{"line":60,"column":10}},"23":{"start":{"line":49,"column":12},"end":{"line":59,"column":null}},"24":{"start":{"line":52,"column":24},"end":{"line":52,"column":33}},"25":{"start":{"line":54,"column":16},"end":{"line":58,"column":17}},"26":{"start":{"line":55,"column":20},"end":{"line":55,"column":null}},"27":{"start":{"line":57,"column":20},"end":{"line":57,"column":null}},"28":{"start":{"line":7,"column":0},"end":{"line":7,"column":13}}},"fnMap":{"0":{"name":"(anonymous_8)","decl":{"start":{"line":11,"column":4},"end":{"line":11,"column":null}},"loc":{"start":{"line":11,"column":4},"end":{"line":13,"column":5}}},"1":{"name":"(anonymous_9)","decl":{"start":{"line":15,"column":17},"end":{"line":15,"column":28}},"loc":{"start":{"line":15,"column":85},"end":{"line":33,"column":null}}},"2":{"name":"(anonymous_11)","decl":{"start":{"line":16,"column":35},"end":{"line":16,"column":36}},"loc":{"start":{"line":16,"column":55},"end":{"line":32,"column":9}}},"3":{"name":"(anonymous_12)","decl":{"start":{"line":21,"column":22},"end":{"line":21,"column":29}},"loc":{"start":{"line":21,"column":53},"end":{"line":28,"column":18}}},"4":{"name":"(anonymous_13)","decl":{"start":{"line":21,"column":53},"end":{"line":21,"column":null}},"loc":{"start":{"line":21,"column":53},"end":{"line":28,"column":17}}},"5":{"name":"(anonymous_14)","decl":{"start":{"line":25,"column":39},"end":{"line":25,"column":40}},"loc":{"start":{"line":25,"column":49},"end":{"line":25,"column":100}}},"6":{"name":"(anonymous_15)","decl":{"start":{"line":26,"column":40},"end":{"line":26,"column":43}},"loc":{"start":{"line":26,"column":45},"end":{"line":26,"column":106}}},"7":{"name":"(anonymous_16)","decl":{"start":{"line":28,"column":25},"end":{"line":28,"column":26}},"loc":{"start":{"line":28,"column":35},"end":{"line":30,"column":17}}},"8":{"name":"(anonymous_17)","decl":{"start":{"line":35,"column":12},"end":{"line":35,"column":23}},"loc":{"start":{"line":35,"column":52},"end":{"line":39,"column":5}}},"9":{"name":"(anonymous_18)","decl":{"start":{"line":41,"column":11},"end":{"line":41,"column":24}},"loc":{"start":{"line":41,"column":36},"end":{"line":45,"column":5}}},"10":{"name":"(anonymous_19)","decl":{"start":{"line":47,"column":11},"end":{"line":47,"column":27}},"loc":{"start":{"line":47,"column":39},"end":{"line":61,"column":5}}},"11":{"name":"(anonymous_20)","decl":{"start":{"line":48,"column":33},"end":{"line":48,"column":40}},"loc":{"start":{"line":48,"column":58},"end":{"line":60,"column":10}}},"12":{"name":"(anonymous_21)","decl":{"start":{"line":48,"column":58},"end":{"line":48,"column":null}},"loc":{"start":{"line":48,"column":58},"end":{"line":60,"column":9}}},"13":{"name":"(anonymous_22)","decl":{"start":{"line":52,"column":18},"end":{"line":52,"column":21}},"loc":{"start":{"line":52,"column":24},"end":{"line":52,"column":33}}},"14":{"name":"(anonymous_23)","decl":{"start":{"line":53,"column":19},"end":{"line":53,"column":20}},"loc":{"start":{"line":53,"column":34},"end":{"line":59,"column":13}}}},"branchMap":{"0":{"loc":{"start":{"line":17,"column":12},"end":{"line":31,"column":13}},"type":"if","locations":[{"start":{"line":17,"column":12},"end":{"line":31,"column":13}},{"start":{"line":19,"column":19},"end":{"line":31,"column":13}}]},"1":{"loc":{"start":{"line":54,"column":16},"end":{"line":58,"column":17}},"type":"if","locations":[{"start":{"line":54,"column":16},"end":{"line":58,"column":17}},{"start":{"line":56,"column":23},"end":{"line":58,"column":17}}]}},"s":{"0":1,"1":1,"2":1,"3":1,"4":1,"5":0,"6":0,"7":0,"8":0,"9":0,"10":0,"11":0,"12":0,"13":0,"14":0,"15":0,"16":0,"17":0,"18":0,"19":0,"20":0,"21":0,"22":0,"23":0,"24":0,"25":0,"26":0,"27":0,"28":1},"f":{"0":1,"1":0,"2":0,"3":0,"4":0,"5":0,"6":0,"7":0,"8":0,"9":0,"10":0,"11":0,"12":0,"13":0,"14":0},"b":{"0":[0,0],"1":[0,0]}}
}
