{"C:\\Users\\leoso\\Documentos\\Máster\\TFM\\Backend\\src\\app.ts": {"path":"C:\\Users\\leoso\\Documentos\\Máster\\TFM\\Backend\\src\\app.ts","statementMap":{"0":{"start":{"line":1,"column":0},"end":{"line":1,"column":29}},"1":{"start":{"line":2,"column":0},"end":{"line":2,"column":23}},"2":{"start":{"line":3,"column":0},"end":{"line":3,"column":81}},"3":{"start":{"line":4,"column":0},"end":{"line":4,"column":43}},"4":{"start":{"line":5,"column":0},"end":{"line":5,"column":39}},"5":{"start":{"line":7,"column":13},"end":{"line":10,"column":3}},"6":{"start":{"line":12,"column":0},"end":{"line":12,"column":42}},"7":{"start":{"line":13,"column":0},"end":{"line":13,"column":45}},"8":{"start":{"line":14,"column":0},"end":{"line":14,"column":40}},"9":{"start":{"line":15,"column":0},"end":{"line":15,"column":55}},"10":{"start":{"line":16,"column":0},"end":{"line":16,"column":42}},"11":{"start":{"line":18,"column":19},"end":{"line":18,"column":28}},"12":{"start":{"line":20,"column":0},"end":{"line":20,"column":null}},"13":{"start":{"line":22,"column":0},"end":{"line":22,"column":null}},"14":{"start":{"line":23,"column":0},"end":{"line":23,"column":null}},"15":{"start":{"line":24,"column":0},"end":{"line":24,"column":null}},"16":{"start":{"line":25,"column":0},"end":{"line":25,"column":null}},"17":{"start":{"line":26,"column":0},"end":{"line":26,"column":null}},"18":{"start":{"line":28,"column":0},"end":{"line":28,"column":null}}},"fnMap":{},"branchMap":{},"s":{"0":3,"1":3,"2":3,"3":3,"4":3,"5":3,"6":3,"7":3,"8":3,"9":3,"10":3,"11":3,"12":3,"13":3,"14":3,"15":3,"16":3,"17":3,"18":3},"f":{},"b":{}}
,"C:\\Users\\leoso\\Documentos\\Máster\\TFM\\Backend\\src\\consts.ts": {"path":"C:\\Users\\leoso\\Documentos\\Máster\\TFM\\Backend\\src\\consts.ts","statementMap":{"0":{"start":{"line":1,"column":0},"end":{"line":1,"column":27}},"1":{"start":{"line":3,"column":0},"end":{"line":3,"column":null}},"2":{"start":{"line":5,"column":13},"end":{"line":5,"column":null}},"3":{"start":{"line":6,"column":13},"end":{"line":6,"column":null}},"4":{"start":{"line":7,"column":13},"end":{"line":7,"column":null}},"5":{"start":{"line":8,"column":13},"end":{"line":8,"column":null}},"6":{"start":{"line":9,"column":13},"end":{"line":9,"column":null}},"7":{"start":{"line":11,"column":13},"end":{"line":11,"column":null}},"8":{"start":{"line":12,"column":13},"end":{"line":12,"column":null}},"9":{"start":{"line":13,"column":13},"end":{"line":13,"column":null}},"10":{"start":{"line":15,"column":13},"end":{"line":18,"column":null}},"11":{"start":{"line":20,"column":13},"end":{"line":23,"column":null}},"12":{"start":{"line":25,"column":13},"end":{"line":25,"column":null}},"13":{"start":{"line":26,"column":13},"end":{"line":26,"column":null}},"14":{"start":{"line":28,"column":13},"end":{"line":32,"column":null}},"15":{"start":{"line":34,"column":13},"end":{"line":34,"column":null}}},"fnMap":{},"branchMap":{"0":{"loc":{"start":{"line":5,"column":29},"end":{"line":5,"column":55}},"type":"binary-expr","locations":[{"start":{"line":5,"column":29},"end":{"line":5,"column":45}},{"start":{"line":5,"column":49},"end":{"line":5,"column":55}}]},"1":{"loc":{"start":{"line":6,"column":24},"end":{"line":6,"column":76}},"type":"binary-expr","locations":[{"start":{"line":6,"column":24},"end":{"line":6,"column":44}},{"start":{"line":6,"column":48},"end":{"line":6,"column":76}}]},"2":{"loc":{"start":{"line":7,"column":25},"end":{"line":7,"column":78}},"type":"binary-expr","locations":[{"start":{"line":7,"column":25},"end":{"line":7,"column":46}},{"start":{"line":7,"column":50},"end":{"line":7,"column":78}}]},"3":{"loc":{"start":{"line":11,"column":29},"end":{"line":11,"column":90}},"type":"binary-expr","locations":[{"start":{"line":11,"column":29},"end":{"line":11,"column":54}},{"start":{"line":11,"column":58},"end":{"line":11,"column":90}}]},"4":{"loc":{"start":{"line":12,"column":35},"end":{"line":12,"column":157}},"type":"binary-expr","locations":[{"start":{"line":12,"column":35},"end":{"line":12,"column":66}},{"start":{"line":12,"column":70},"end":{"line":12,"column":157}}]},"5":{"loc":{"start":{"line":13,"column":34},"end":{"line":13,"column":84}},"type":"binary-expr","locations":[{"start":{"line":13,"column":34},"end":{"line":13,"column":64}},{"start":{"line":13,"column":68},"end":{"line":13,"column":84}}]},"6":{"loc":{"start":{"line":17,"column":14},"end":{"line":17,"column":67}},"type":"binary-expr","locations":[{"start":{"line":17,"column":14},"end":{"line":17,"column":56}},{"start":{"line":17,"column":60},"end":{"line":17,"column":67}}]},"7":{"loc":{"start":{"line":21,"column":12},"end":{"line":21,"column":62}},"type":"binary-expr","locations":[{"start":{"line":21,"column":12},"end":{"line":21,"column":40}},{"start":{"line":21,"column":44},"end":{"line":21,"column":62}}]},"8":{"loc":{"start":{"line":22,"column":19},"end":{"line":22,"column":60}},"type":"binary-expr","locations":[{"start":{"line":22,"column":19},"end":{"line":22,"column":54}},{"start":{"line":22,"column":58},"end":{"line":22,"column":60}}]},"9":{"loc":{"start":{"line":25,"column":28},"end":{"line":25,"column":67}},"type":"binary-expr","locations":[{"start":{"line":25,"column":28},"end":{"line":25,"column":61}},{"start":{"line":25,"column":65},"end":{"line":25,"column":67}}]},"10":{"loc":{"start":{"line":26,"column":28},"end":{"line":26,"column":79}},"type":"binary-expr","locations":[{"start":{"line":26,"column":28},"end":{"line":26,"column":52}},{"start":{"line":26,"column":56},"end":{"line":26,"column":79}}]},"11":{"loc":{"start":{"line":29,"column":15},"end":{"line":29,"column":57}},"type":"binary-expr","locations":[{"start":{"line":29,"column":15},"end":{"line":29,"column":51}},{"start":{"line":29,"column":55},"end":{"line":29,"column":57}}]},"12":{"loc":{"start":{"line":30,"column":16},"end":{"line":30,"column":59}},"type":"binary-expr","locations":[{"start":{"line":30,"column":16},"end":{"line":30,"column":53}},{"start":{"line":30,"column":57},"end":{"line":30,"column":59}}]},"13":{"loc":{"start":{"line":31,"column":17},"end":{"line":31,"column":60}},"type":"binary-expr","locations":[{"start":{"line":31,"column":17},"end":{"line":31,"column":54}},{"start":{"line":31,"column":58},"end":{"line":31,"column":60}}]},"14":{"loc":{"start":{"line":34,"column":25},"end":{"line":34,"column":52}},"type":"binary-expr","locations":[{"start":{"line":34,"column":25},"end":{"line":34,"column":46}},{"start":{"line":34,"column":50},"end":{"line":34,"column":52}}]}},"s":{"0":3,"1":3,"2":3,"3":3,"4":3,"5":3,"6":3,"7":3,"8":3,"9":3,"10":3,"11":3,"12":3,"13":3,"14":3,"15":3},"f":{},"b":{"0":[3,0],"1":[3,0],"2":[3,0],"3":[3,0],"4":[3,0],"5":[3,0],"6":[3,3],"7":[3,0],"8":[3,0],"9":[3,0],"10":[3,0],"11":[3,0],"12":[3,0],"13":[3,0],"14":[3,0]}}
,"C:\\Users\\leoso\\Documentos\\Máster\\TFM\\Backend\\src\\controllers\\actorController.ts": {"path":"C:\\Users\\leoso\\Documentos\\Máster\\TFM\\Backend\\src\\controllers\\actorController.ts","statementMap":{"0":{"start":{"line":1,"column":0},"end":{"line":1,"column":23}},"1":{"start":{"line":3,"column":0},"end":{"line":3,"column":74}},"2":{"start":{"line":5,"column":0},"end":{"line":5,"column":75}},"3":{"start":{"line":7,"column":0},"end":{"line":7,"column":51}},"4":{"start":{"line":10,"column":42},"end":{"line":38,"column":1}},"5":{"start":{"line":11,"column":4},"end":{"line":13,"column":5}},"6":{"start":{"line":12,"column":8},"end":{"line":12,"column":93}},"7":{"start":{"line":15,"column":29},"end":{"line":15,"column":57}},"8":{"start":{"line":16,"column":16},"end":{"line":16,"column":62}},"9":{"start":{"line":18,"column":4},"end":{"line":37,"column":null}},"10":{"start":{"line":21,"column":39},"end":{"line":33,"column":11}},"11":{"start":{"line":23,"column":30},"end":{"line":33,"column":10}},"12":{"start":{"line":34,"column":8},"end":{"line":34,"column":null}},"13":{"start":{"line":36,"column":8},"end":{"line":36,"column":101}},"14":{"start":{"line":10,"column":13},"end":{"line":10,"column":42}},"15":{"start":{"line":40,"column":40},"end":{"line":70,"column":1}},"16":{"start":{"line":41,"column":4},"end":{"line":42,"column":null}},"17":{"start":{"line":42,"column":8},"end":{"line":42,"column":null}},"18":{"start":{"line":44,"column":29},"end":{"line":44,"column":57}},"19":{"start":{"line":45,"column":16},"end":{"line":45,"column":50}},"20":{"start":{"line":47,"column":4},"end":{"line":69,"column":null}},"21":{"start":{"line":50,"column":21},"end":{"line":50,"column":34}},"22":{"start":{"line":51,"column":36},"end":{"line":65,"column":10}},"23":{"start":{"line":66,"column":8},"end":{"line":66,"column":null}},"24":{"start":{"line":68,"column":8},"end":{"line":68,"column":104}},"25":{"start":{"line":40,"column":13},"end":{"line":40,"column":40}},"26":{"start":{"line":72,"column":48},"end":{"line":98,"column":1}},"27":{"start":{"line":73,"column":4},"end":{"line":75,"column":5}},"28":{"start":{"line":74,"column":8},"end":{"line":74,"column":93}},"29":{"start":{"line":77,"column":29},"end":{"line":77,"column":57}},"30":{"start":{"line":78,"column":16},"end":{"line":78,"column":69}},"31":{"start":{"line":80,"column":4},"end":{"line":97,"column":7}},"32":{"start":{"line":83,"column":21},"end":{"line":83,"column":34}},"33":{"start":{"line":84,"column":38},"end":{"line":92,"column":11}},"34":{"start":{"line":84,"column":69},"end":{"line":92,"column":10}},"35":{"start":{"line":94,"column":8},"end":{"line":94,"column":44}},"36":{"start":{"line":96,"column":8},"end":{"line":96,"column":100}},"37":{"start":{"line":72,"column":13},"end":{"line":72,"column":48}}},"fnMap":{"0":{"name":"(anonymous_1)","decl":{"start":{"line":10,"column":42},"end":{"line":10,"column":43}},"loc":{"start":{"line":10,"column":55},"end":{"line":38,"column":1}}},"1":{"name":"(anonymous_2)","decl":{"start":{"line":20,"column":12},"end":{"line":20,"column":13}},"loc":{"start":{"line":20,"column":25},"end":{"line":35,"column":5}}},"2":{"name":"(anonymous_3)","decl":{"start":{"line":23,"column":13},"end":{"line":23,"column":14}},"loc":{"start":{"line":23,"column":30},"end":{"line":33,"column":10}}},"3":{"name":"(anonymous_4)","decl":{"start":{"line":35,"column":13},"end":{"line":35,"column":14}},"loc":{"start":{"line":35,"column":23},"end":{"line":37,"column":5}}},"4":{"name":"(anonymous_5)","decl":{"start":{"line":40,"column":40},"end":{"line":40,"column":41}},"loc":{"start":{"line":40,"column":53},"end":{"line":70,"column":1}}},"5":{"name":"(anonymous_6)","decl":{"start":{"line":49,"column":12},"end":{"line":49,"column":13}},"loc":{"start":{"line":49,"column":25},"end":{"line":67,"column":5}}},"6":{"name":"(anonymous_7)","decl":{"start":{"line":67,"column":13},"end":{"line":67,"column":14}},"loc":{"start":{"line":67,"column":23},"end":{"line":69,"column":5}}},"7":{"name":"(anonymous_8)","decl":{"start":{"line":72,"column":48},"end":{"line":72,"column":49}},"loc":{"start":{"line":72,"column":61},"end":{"line":98,"column":1}}},"8":{"name":"(anonymous_9)","decl":{"start":{"line":82,"column":12},"end":{"line":82,"column":13}},"loc":{"start":{"line":82,"column":25},"end":{"line":95,"column":5}}},"9":{"name":"(anonymous_10)","decl":{"start":{"line":84,"column":52},"end":{"line":84,"column":53}},"loc":{"start":{"line":84,"column":69},"end":{"line":92,"column":10}}},"10":{"name":"(anonymous_11)","decl":{"start":{"line":95,"column":13},"end":{"line":95,"column":14}},"loc":{"start":{"line":95,"column":23},"end":{"line":97,"column":5}}}},"branchMap":{"0":{"loc":{"start":{"line":11,"column":4},"end":{"line":13,"column":5}},"type":"if","locations":[{"start":{"line":11,"column":4},"end":{"line":13,"column":5}}]},"1":{"loc":{"start":{"line":28,"column":12},"end":{"line":30,"column":30}},"type":"cond-expr","locations":[{"start":{"line":29,"column":12},"end":{"line":29,"column":50}},{"start":{"line":30,"column":12},"end":{"line":30,"column":30}}]},"2":{"loc":{"start":{"line":41,"column":4},"end":{"line":42,"column":null}},"type":"if","locations":[{"start":{"line":41,"column":4},"end":{"line":42,"column":null}}]},"3":{"loc":{"start":{"line":61,"column":16},"end":{"line":63,"column":33}},"type":"cond-expr","locations":[{"start":{"line":62,"column":16},"end":{"line":62,"column":53}},{"start":{"line":63,"column":16},"end":{"line":63,"column":33}}]},"4":{"loc":{"start":{"line":73,"column":4},"end":{"line":75,"column":5}},"type":"if","locations":[{"start":{"line":73,"column":4},"end":{"line":75,"column":5}}]},"5":{"loc":{"start":{"line":86,"column":16},"end":{"line":88,"column":33}},"type":"cond-expr","locations":[{"start":{"line":87,"column":16},"end":{"line":87,"column":53}},{"start":{"line":88,"column":16},"end":{"line":88,"column":33}}]}},"s":{"0":3,"1":3,"2":3,"3":3,"4":3,"5":4,"6":1,"7":3,"8":3,"9":3,"10":2,"11":60,"12":2,"13":1,"14":3,"15":3,"16":4,"17":1,"18":3,"19":3,"20":3,"21":2,"22":2,"23":2,"24":1,"25":3,"26":3,"27":4,"28":1,"29":3,"30":3,"31":3,"32":2,"33":2,"34":166,"35":2,"36":1,"37":3},"f":{"0":4,"1":2,"2":60,"3":1,"4":4,"5":2,"6":1,"7":4,"8":2,"9":166,"10":1},"b":{"0":[1],"1":[60,0],"2":[1],"3":[2,0],"4":[1],"5":[160,6]}}
,"C:\\Users\\leoso\\Documentos\\Máster\\TFM\\Backend\\src\\controllers\\movieController.ts": {"path":"C:\\Users\\leoso\\Documentos\\Máster\\TFM\\Backend\\src\\controllers\\movieController.ts","statementMap":{"0":{"start":{"line":1,"column":0},"end":{"line":1,"column":23}},"1":{"start":{"line":3,"column":0},"end":{"line":3,"column":129}},"2":{"start":{"line":6,"column":0},"end":{"line":6,"column":51}},"3":{"start":{"line":9,"column":43},"end":{"line":37,"column":1}},"4":{"start":{"line":10,"column":4},"end":{"line":12,"column":5}},"5":{"start":{"line":11,"column":8},"end":{"line":11,"column":null}},"6":{"start":{"line":14,"column":17},"end":{"line":17,"column":null}},"7":{"start":{"line":20,"column":4},"end":{"line":36,"column":null}},"8":{"start":{"line":24,"column":38},"end":{"line":32,"column":11}},"9":{"start":{"line":24,"column":81},"end":{"line":32,"column":10}},"10":{"start":{"line":33,"column":8},"end":{"line":33,"column":null}},"11":{"start":{"line":35,"column":8},"end":{"line":35,"column":null}},"12":{"start":{"line":9,"column":13},"end":{"line":9,"column":43}},"13":{"start":{"line":39,"column":40},"end":{"line":55,"column":1}},"14":{"start":{"line":40,"column":4},"end":{"line":42,"column":5}},"15":{"start":{"line":41,"column":8},"end":{"line":41,"column":null}},"16":{"start":{"line":44,"column":29},"end":{"line":44,"column":57}},"17":{"start":{"line":45,"column":16},"end":{"line":45,"column":49}},"18":{"start":{"line":47,"column":4},"end":{"line":54,"column":null}},"19":{"start":{"line":50,"column":29},"end":{"line":50,"column":42}},"20":{"start":{"line":51,"column":8},"end":{"line":51,"column":null}},"21":{"start":{"line":53,"column":8},"end":{"line":53,"column":null}},"22":{"start":{"line":39,"column":13},"end":{"line":39,"column":40}},"23":{"start":{"line":57,"column":43},"end":{"line":77,"column":1}},"24":{"start":{"line":58,"column":16},"end":{"line":58,"column":46}},"25":{"start":{"line":60,"column":4},"end":{"line":76,"column":null}},"26":{"start":{"line":63,"column":40},"end":{"line":72,"column":11}},"27":{"start":{"line":63,"column":83},"end":{"line":72,"column":10}},"28":{"start":{"line":73,"column":8},"end":{"line":73,"column":null}},"29":{"start":{"line":75,"column":8},"end":{"line":75,"column":null}},"30":{"start":{"line":57,"column":13},"end":{"line":57,"column":43}},"31":{"start":{"line":79,"column":43},"end":{"line":98,"column":1}},"32":{"start":{"line":80,"column":16},"end":{"line":80,"column":46}},"33":{"start":{"line":82,"column":4},"end":{"line":97,"column":null}},"34":{"start":{"line":85,"column":38},"end":{"line":93,"column":11}},"35":{"start":{"line":85,"column":81},"end":{"line":93,"column":10}},"36":{"start":{"line":94,"column":8},"end":{"line":94,"column":null}},"37":{"start":{"line":96,"column":8},"end":{"line":96,"column":104}},"38":{"start":{"line":79,"column":13},"end":{"line":79,"column":43}}},"fnMap":{"0":{"name":"(anonymous_1)","decl":{"start":{"line":9,"column":43},"end":{"line":9,"column":44}},"loc":{"start":{"line":9,"column":56},"end":{"line":37,"column":1}}},"1":{"name":"(anonymous_2)","decl":{"start":{"line":23,"column":12},"end":{"line":23,"column":13}},"loc":{"start":{"line":23,"column":25},"end":{"line":34,"column":5}}},"2":{"name":"(anonymous_3)","decl":{"start":{"line":24,"column":64},"end":{"line":24,"column":65}},"loc":{"start":{"line":24,"column":81},"end":{"line":32,"column":10}}},"3":{"name":"(anonymous_4)","decl":{"start":{"line":34,"column":13},"end":{"line":34,"column":14}},"loc":{"start":{"line":34,"column":23},"end":{"line":36,"column":5}}},"4":{"name":"(anonymous_5)","decl":{"start":{"line":39,"column":40},"end":{"line":39,"column":41}},"loc":{"start":{"line":39,"column":53},"end":{"line":55,"column":1}}},"5":{"name":"(anonymous_6)","decl":{"start":{"line":49,"column":12},"end":{"line":49,"column":13}},"loc":{"start":{"line":49,"column":25},"end":{"line":52,"column":5}}},"6":{"name":"(anonymous_7)","decl":{"start":{"line":52,"column":13},"end":{"line":52,"column":14}},"loc":{"start":{"line":52,"column":23},"end":{"line":54,"column":5}}},"7":{"name":"(anonymous_8)","decl":{"start":{"line":57,"column":43},"end":{"line":57,"column":44}},"loc":{"start":{"line":57,"column":57},"end":{"line":77,"column":1}}},"8":{"name":"(anonymous_9)","decl":{"start":{"line":62,"column":12},"end":{"line":62,"column":13}},"loc":{"start":{"line":62,"column":25},"end":{"line":74,"column":5}}},"9":{"name":"(anonymous_10)","decl":{"start":{"line":63,"column":66},"end":{"line":63,"column":67}},"loc":{"start":{"line":63,"column":83},"end":{"line":72,"column":10}}},"10":{"name":"(anonymous_11)","decl":{"start":{"line":74,"column":13},"end":{"line":74,"column":14}},"loc":{"start":{"line":74,"column":23},"end":{"line":76,"column":5}}},"11":{"name":"(anonymous_12)","decl":{"start":{"line":79,"column":43},"end":{"line":79,"column":44}},"loc":{"start":{"line":79,"column":57},"end":{"line":98,"column":1}}},"12":{"name":"(anonymous_13)","decl":{"start":{"line":84,"column":12},"end":{"line":84,"column":13}},"loc":{"start":{"line":84,"column":25},"end":{"line":95,"column":5}}},"13":{"name":"(anonymous_14)","decl":{"start":{"line":85,"column":64},"end":{"line":85,"column":65}},"loc":{"start":{"line":85,"column":81},"end":{"line":93,"column":10}}},"14":{"name":"(anonymous_15)","decl":{"start":{"line":95,"column":13},"end":{"line":95,"column":14}},"loc":{"start":{"line":95,"column":23},"end":{"line":97,"column":5}}}},"branchMap":{"0":{"loc":{"start":{"line":10,"column":4},"end":{"line":12,"column":5}},"type":"if","locations":[{"start":{"line":10,"column":4},"end":{"line":12,"column":5}}]},"1":{"loc":{"start":{"line":17,"column":14},"end":{"line":17,"column":49}},"type":"cond-expr","locations":[{"start":{"line":17,"column":31},"end":{"line":17,"column":45}},{"start":{"line":17,"column":48},"end":{"line":17,"column":49}}]},"2":{"loc":{"start":{"line":26,"column":16},"end":{"line":28,"column":33}},"type":"cond-expr","locations":[{"start":{"line":27,"column":16},"end":{"line":27,"column":53}},{"start":{"line":28,"column":16},"end":{"line":28,"column":33}}]},"3":{"loc":{"start":{"line":40,"column":4},"end":{"line":42,"column":5}},"type":"if","locations":[{"start":{"line":40,"column":4},"end":{"line":42,"column":5}}]},"4":{"loc":{"start":{"line":65,"column":16},"end":{"line":67,"column":35}},"type":"cond-expr","locations":[{"start":{"line":66,"column":16},"end":{"line":66,"column":57}},{"start":{"line":67,"column":16},"end":{"line":67,"column":35}}]},"5":{"loc":{"start":{"line":87,"column":16},"end":{"line":89,"column":33}},"type":"cond-expr","locations":[{"start":{"line":88,"column":16},"end":{"line":88,"column":53}},{"start":{"line":89,"column":16},"end":{"line":89,"column":33}}]}},"s":{"0":3,"1":3,"2":3,"3":3,"4":3,"5":1,"6":2,"7":2,"8":2,"9":14,"10":2,"11":0,"12":3,"13":3,"14":3,"15":1,"16":2,"17":2,"18":2,"19":2,"20":2,"21":0,"22":3,"23":3,"24":2,"25":2,"26":2,"27":40,"28":2,"29":0,"30":3,"31":3,"32":2,"33":2,"34":2,"35":40,"36":2,"37":0,"38":3},"f":{"0":3,"1":2,"2":14,"3":0,"4":3,"5":2,"6":0,"7":2,"8":2,"9":40,"10":0,"11":2,"12":2,"13":40,"14":0},"b":{"0":[1],"1":[0,2],"2":[10,4],"3":[1],"4":[40,0],"5":[40,0]}}
,"C:\\Users\\leoso\\Documentos\\Máster\\TFM\\Backend\\src\\controllers\\reviewController.ts": {"path":"C:\\Users\\leoso\\Documentos\\Máster\\TFM\\Backend\\src\\controllers\\reviewController.ts","statementMap":{"0":{"start":{"line":4,"column":0},"end":{"line":4,"column":55}},"1":{"start":{"line":5,"column":0},"end":{"line":5,"column":55}},"2":{"start":{"line":6,"column":0},"end":{"line":6,"column":51}},"3":{"start":{"line":8,"column":17},"end":{"line":8,"column":33}},"4":{"start":{"line":9,"column":13},"end":{"line":9,"column":29}},"5":{"start":{"line":11,"column":42},"end":{"line":39,"column":1}},"6":{"start":{"line":12,"column":4},"end":{"line":13,"column":null}},"7":{"start":{"line":13,"column":8},"end":{"line":13,"column":null}},"8":{"start":{"line":15,"column":20},"end":{"line":15,"column":60}},"9":{"start":{"line":17,"column":4},"end":{"line":38,"column":5}},"10":{"start":{"line":18,"column":8},"end":{"line":35,"column":null}},"11":{"start":{"line":20,"column":37},"end":{"line":20,"column":65}},"12":{"start":{"line":21,"column":24},"end":{"line":25,"column":null}},"13":{"start":{"line":27,"column":12},"end":{"line":32,"column":null}},"14":{"start":{"line":29,"column":16},"end":{"line":29,"column":null}},"15":{"start":{"line":31,"column":16},"end":{"line":31,"column":null}},"16":{"start":{"line":34,"column":12},"end":{"line":34,"column":null}},"17":{"start":{"line":37,"column":8},"end":{"line":37,"column":null}},"18":{"start":{"line":11,"column":13},"end":{"line":11,"column":42}},"19":{"start":{"line":41,"column":42},"end":{"line":52,"column":1}},"20":{"start":{"line":42,"column":4},"end":{"line":43,"column":null}},"21":{"start":{"line":43,"column":8},"end":{"line":43,"column":null}},"22":{"start":{"line":45,"column":29},"end":{"line":45,"column":57}},"23":{"start":{"line":46,"column":4},"end":{"line":51,"column":null}},"24":{"start":{"line":48,"column":8},"end":{"line":48,"column":null}},"25":{"start":{"line":50,"column":8},"end":{"line":50,"column":null}},"26":{"start":{"line":41,"column":13},"end":{"line":41,"column":42}},"27":{"start":{"line":54,"column":44},"end":{"line":78,"column":1}},"28":{"start":{"line":55,"column":4},"end":{"line":56,"column":null}},"29":{"start":{"line":56,"column":8},"end":{"line":56,"column":null}},"30":{"start":{"line":58,"column":29},"end":{"line":58,"column":57}},"31":{"start":{"line":59,"column":30},"end":{"line":59,"column":59}},"32":{"start":{"line":61,"column":20},"end":{"line":61,"column":60}},"33":{"start":{"line":63,"column":4},"end":{"line":77,"column":5}},"34":{"start":{"line":64,"column":8},"end":{"line":74,"column":null}},"35":{"start":{"line":66,"column":12},"end":{"line":71,"column":null}},"36":{"start":{"line":68,"column":16},"end":{"line":68,"column":null}},"37":{"start":{"line":70,"column":16},"end":{"line":70,"column":null}},"38":{"start":{"line":73,"column":12},"end":{"line":73,"column":null}},"39":{"start":{"line":76,"column":8},"end":{"line":76,"column":null}},"40":{"start":{"line":54,"column":13},"end":{"line":54,"column":44}}},"fnMap":{"0":{"name":"(anonymous_0)","decl":{"start":{"line":11,"column":42},"end":{"line":11,"column":43}},"loc":{"start":{"line":11,"column":55},"end":{"line":39,"column":1}}},"1":{"name":"(anonymous_1)","decl":{"start":{"line":19,"column":14},"end":{"line":19,"column":15}},"loc":{"start":{"line":19,"column":33},"end":{"line":33,"column":9}}},"2":{"name":"(anonymous_2)","decl":{"start":{"line":28,"column":18},"end":{"line":28,"column":19}},"loc":{"start":{"line":28,"column":32},"end":{"line":30,"column":13}}},"3":{"name":"(anonymous_3)","decl":{"start":{"line":30,"column":21},"end":{"line":30,"column":22}},"loc":{"start":{"line":30,"column":31},"end":{"line":32,"column":13}}},"4":{"name":"(anonymous_4)","decl":{"start":{"line":33,"column":17},"end":{"line":33,"column":18}},"loc":{"start":{"line":33,"column":27},"end":{"line":35,"column":9}}},"5":{"name":"(anonymous_5)","decl":{"start":{"line":41,"column":42},"end":{"line":41,"column":43}},"loc":{"start":{"line":41,"column":55},"end":{"line":52,"column":1}}},"6":{"name":"(anonymous_6)","decl":{"start":{"line":47,"column":10},"end":{"line":47,"column":11}},"loc":{"start":{"line":47,"column":34},"end":{"line":49,"column":5}}},"7":{"name":"(anonymous_7)","decl":{"start":{"line":49,"column":13},"end":{"line":49,"column":14}},"loc":{"start":{"line":49,"column":23},"end":{"line":51,"column":5}}},"8":{"name":"(anonymous_8)","decl":{"start":{"line":54,"column":44},"end":{"line":54,"column":45}},"loc":{"start":{"line":54,"column":57},"end":{"line":78,"column":1}}},"9":{"name":"(anonymous_9)","decl":{"start":{"line":65,"column":14},"end":{"line":65,"column":15}},"loc":{"start":{"line":65,"column":33},"end":{"line":72,"column":9}}},"10":{"name":"(anonymous_10)","decl":{"start":{"line":67,"column":18},"end":{"line":67,"column":21}},"loc":{"start":{"line":67,"column":23},"end":{"line":69,"column":13}}},"11":{"name":"(anonymous_11)","decl":{"start":{"line":69,"column":21},"end":{"line":69,"column":22}},"loc":{"start":{"line":69,"column":31},"end":{"line":71,"column":13}}},"12":{"name":"(anonymous_12)","decl":{"start":{"line":72,"column":17},"end":{"line":72,"column":18}},"loc":{"start":{"line":72,"column":27},"end":{"line":74,"column":9}}}},"branchMap":{"0":{"loc":{"start":{"line":12,"column":4},"end":{"line":13,"column":null}},"type":"if","locations":[{"start":{"line":12,"column":4},"end":{"line":13,"column":null}}]},"1":{"loc":{"start":{"line":15,"column":20},"end":{"line":15,"column":60}},"type":"cond-expr","locations":[{"start":{"line":15,"column":45},"end":{"line":15,"column":47}},{"start":{"line":15,"column":45},"end":{"line":15,"column":60}}]},"2":{"loc":{"start":{"line":15,"column":20},"end":{"line":15,"column":47}},"type":"binary-expr","locations":[{"start":{"line":15,"column":20},"end":{"line":15,"column":47}},{"start":{"line":15,"column":45},"end":{"line":15,"column":47}}]},"3":{"loc":{"start":{"line":17,"column":4},"end":{"line":38,"column":5}},"type":"if","locations":[{"start":{"line":17,"column":4},"end":{"line":38,"column":5}},{"start":{"line":36,"column":11},"end":{"line":38,"column":5}}]},"4":{"loc":{"start":{"line":27,"column":49},"end":{"line":27,"column":87}},"type":"cond-expr","locations":[{"start":{"line":27,"column":78},"end":{"line":27,"column":82}},{"start":{"line":27,"column":82},"end":{"line":27,"column":87}}]},"5":{"loc":{"start":{"line":27,"column":49},"end":{"line":27,"column":82}},"type":"binary-expr","locations":[{"start":{"line":27,"column":49},"end":{"line":27,"column":82}},{"start":{"line":27,"column":78},"end":{"line":27,"column":82}}]},"6":{"loc":{"start":{"line":42,"column":4},"end":{"line":43,"column":null}},"type":"if","locations":[{"start":{"line":42,"column":4},"end":{"line":43,"column":null}}]},"7":{"loc":{"start":{"line":55,"column":4},"end":{"line":56,"column":null}},"type":"if","locations":[{"start":{"line":55,"column":4},"end":{"line":56,"column":null}}]},"8":{"loc":{"start":{"line":61,"column":20},"end":{"line":61,"column":60}},"type":"cond-expr","locations":[{"start":{"line":61,"column":45},"end":{"line":61,"column":47}},{"start":{"line":61,"column":45},"end":{"line":61,"column":60}}]},"9":{"loc":{"start":{"line":61,"column":20},"end":{"line":61,"column":47}},"type":"binary-expr","locations":[{"start":{"line":61,"column":20},"end":{"line":61,"column":47}},{"start":{"line":61,"column":45},"end":{"line":61,"column":47}}]},"10":{"loc":{"start":{"line":63,"column":4},"end":{"line":77,"column":5}},"type":"if","locations":[{"start":{"line":63,"column":4},"end":{"line":77,"column":5}},{"start":{"line":75,"column":11},"end":{"line":77,"column":5}}]},"11":{"loc":{"start":{"line":66,"column":55},"end":{"line":66,"column":93}},"type":"cond-expr","locations":[{"start":{"line":66,"column":84},"end":{"line":66,"column":88}},{"start":{"line":66,"column":88},"end":{"line":66,"column":93}}]},"12":{"loc":{"start":{"line":66,"column":55},"end":{"line":66,"column":88}},"type":"binary-expr","locations":[{"start":{"line":66,"column":55},"end":{"line":66,"column":88}},{"start":{"line":66,"column":84},"end":{"line":66,"column":88}}]}},"s":{"0":3,"1":3,"2":3,"3":3,"4":3,"5":3,"6":2,"7":1,"8":1,"9":1,"10":0,"11":0,"12":0,"13":0,"14":0,"15":0,"16":0,"17":1,"18":3,"19":3,"20":0,"21":0,"22":0,"23":0,"24":0,"25":0,"26":3,"27":3,"28":0,"29":0,"30":0,"31":0,"32":0,"33":0,"34":0,"35":0,"36":0,"37":0,"38":0,"39":0,"40":3},"f":{"0":2,"1":0,"2":0,"3":0,"4":0,"5":0,"6":0,"7":0,"8":0,"9":0,"10":0,"11":0,"12":0},"b":{"0":[1],"1":[1,0],"2":[1,1],"3":[0,1],"4":[0,0],"5":[0,0],"6":[0],"7":[0],"8":[0,0],"9":[0,0],"10":[0,0],"11":[0,0],"12":[0,0]}}
,"C:\\Users\\leoso\\Documentos\\Máster\\TFM\\Backend\\src\\controllers\\userController.ts": {"path":"C:\\Users\\leoso\\Documentos\\Máster\\TFM\\Backend\\src\\controllers\\userController.ts","statementMap":{"0":{"start":{"line":2,"column":0},"end":{"line":2,"column":55}},"1":{"start":{"line":3,"column":0},"end":{"line":3,"column":71}},"2":{"start":{"line":5,"column":0},"end":{"line":5,"column":55}},"3":{"start":{"line":7,"column":0},"end":{"line":7,"column":51}},"4":{"start":{"line":9,"column":13},"end":{"line":9,"column":29}},"5":{"start":{"line":10,"column":16},"end":{"line":10,"column":31}},"6":{"start":{"line":11,"column":17},"end":{"line":11,"column":33}},"7":{"start":{"line":13,"column":38},"end":{"line":40,"column":1}},"8":{"start":{"line":14,"column":20},"end":{"line":17,"column":null}},"9":{"start":{"line":20,"column":4},"end":{"line":39,"column":null}},"10":{"start":{"line":22,"column":8},"end":{"line":36,"column":null}},"11":{"start":{"line":24,"column":12},"end":{"line":24,"column":null}},"12":{"start":{"line":25,"column":12},"end":{"line":32,"column":null}},"13":{"start":{"line":27,"column":16},"end":{"line":27,"column":null}},"14":{"start":{"line":29,"column":16},"end":{"line":29,"column":null}},"15":{"start":{"line":30,"column":16},"end":{"line":30,"column":null}},"16":{"start":{"line":31,"column":16},"end":{"line":31,"column":null}},"17":{"start":{"line":34,"column":12},"end":{"line":34,"column":null}},"18":{"start":{"line":35,"column":12},"end":{"line":35,"column":null}},"19":{"start":{"line":38,"column":8},"end":{"line":38,"column":null}},"20":{"start":{"line":13,"column":13},"end":{"line":13,"column":38}},"21":{"start":{"line":42,"column":42},"end":{"line":70,"column":1}},"22":{"start":{"line":43,"column":20},"end":{"line":43,"column":60}},"23":{"start":{"line":45,"column":4},"end":{"line":69,"column":5}},"24":{"start":{"line":46,"column":8},"end":{"line":66,"column":null}},"25":{"start":{"line":48,"column":28},"end":{"line":51,"column":null}},"26":{"start":{"line":53,"column":12},"end":{"line":63,"column":13}},"27":{"start":{"line":54,"column":16},"end":{"line":60,"column":null}},"28":{"start":{"line":56,"column":20},"end":{"line":56,"column":null}},"29":{"start":{"line":57,"column":20},"end":{"line":57,"column":null}},"30":{"start":{"line":59,"column":20},"end":{"line":59,"column":null}},"31":{"start":{"line":62,"column":16},"end":{"line":62,"column":null}},"32":{"start":{"line":65,"column":12},"end":{"line":65,"column":null}},"33":{"start":{"line":68,"column":8},"end":{"line":68,"column":null}},"34":{"start":{"line":42,"column":13},"end":{"line":42,"column":42}},"35":{"start":{"line":72,"column":19},"end":{"line":79,"column":null}},"36":{"start":{"line":72,"column":80},"end":{"line":79,"column":null}},"37":{"start":{"line":73,"column":4},"end":{"line":78,"column":null}},"38":{"start":{"line":75,"column":8},"end":{"line":75,"column":null}},"39":{"start":{"line":77,"column":8},"end":{"line":77,"column":null}},"40":{"start":{"line":81,"column":55},"end":{"line":109,"column":1}},"41":{"start":{"line":82,"column":20},"end":{"line":82,"column":60}},"42":{"start":{"line":84,"column":4},"end":{"line":108,"column":5}},"43":{"start":{"line":85,"column":8},"end":{"line":105,"column":null}},"44":{"start":{"line":87,"column":52},"end":{"line":96,"column":null}},"45":{"start":{"line":97,"column":12},"end":{"line":102,"column":null}},"46":{"start":{"line":99,"column":16},"end":{"line":99,"column":null}},"47":{"start":{"line":101,"column":16},"end":{"line":101,"column":null}},"48":{"start":{"line":104,"column":12},"end":{"line":104,"column":null}},"49":{"start":{"line":107,"column":8},"end":{"line":107,"column":null}},"50":{"start":{"line":81,"column":13},"end":{"line":81,"column":55}},"51":{"start":{"line":111,"column":42},"end":{"line":135,"column":1}},"52":{"start":{"line":112,"column":20},"end":{"line":112,"column":60}},"53":{"start":{"line":114,"column":4},"end":{"line":134,"column":5}},"54":{"start":{"line":115,"column":8},"end":{"line":131,"column":11}},"55":{"start":{"line":117,"column":12},"end":{"line":127,"column":15}},"56":{"start":{"line":123,"column":16},"end":{"line":123,"column":null}},"57":{"start":{"line":126,"column":16},"end":{"line":126,"column":null}},"58":{"start":{"line":130,"column":12},"end":{"line":130,"column":null}},"59":{"start":{"line":133,"column":8},"end":{"line":133,"column":null}},"60":{"start":{"line":111,"column":13},"end":{"line":111,"column":42}}},"fnMap":{"0":{"name":"(anonymous_7)","decl":{"start":{"line":13,"column":38},"end":{"line":13,"column":39}},"loc":{"start":{"line":13,"column":51},"end":{"line":40,"column":1}}},"1":{"name":"(anonymous_8)","decl":{"start":{"line":21,"column":10},"end":{"line":21,"column":11}},"loc":{"start":{"line":21,"column":26},"end":{"line":37,"column":5}}},"2":{"name":"(anonymous_9)","decl":{"start":{"line":23,"column":14},"end":{"line":23,"column":15}},"loc":{"start":{"line":23,"column":28},"end":{"line":33,"column":9}}},"3":{"name":"(anonymous_10)","decl":{"start":{"line":26,"column":18},"end":{"line":26,"column":21}},"loc":{"start":{"line":26,"column":23},"end":{"line":28,"column":13}}},"4":{"name":"(anonymous_11)","decl":{"start":{"line":28,"column":21},"end":{"line":28,"column":22}},"loc":{"start":{"line":28,"column":31},"end":{"line":32,"column":13}}},"5":{"name":"(anonymous_12)","decl":{"start":{"line":33,"column":17},"end":{"line":33,"column":18}},"loc":{"start":{"line":33,"column":27},"end":{"line":36,"column":9}}},"6":{"name":"(anonymous_13)","decl":{"start":{"line":37,"column":13},"end":{"line":37,"column":14}},"loc":{"start":{"line":37,"column":23},"end":{"line":39,"column":5}}},"7":{"name":"(anonymous_14)","decl":{"start":{"line":42,"column":42},"end":{"line":42,"column":43}},"loc":{"start":{"line":42,"column":55},"end":{"line":70,"column":1}}},"8":{"name":"(anonymous_15)","decl":{"start":{"line":47,"column":14},"end":{"line":47,"column":15}},"loc":{"start":{"line":47,"column":33},"end":{"line":64,"column":9}}},"9":{"name":"(anonymous_16)","decl":{"start":{"line":55,"column":22},"end":{"line":55,"column":23}},"loc":{"start":{"line":55,"column":30},"end":{"line":58,"column":17}}},"10":{"name":"(anonymous_17)","decl":{"start":{"line":58,"column":25},"end":{"line":58,"column":26}},"loc":{"start":{"line":58,"column":35},"end":{"line":60,"column":17}}},"11":{"name":"(anonymous_18)","decl":{"start":{"line":64,"column":17},"end":{"line":64,"column":18}},"loc":{"start":{"line":64,"column":27},"end":{"line":66,"column":9}}},"12":{"name":"(anonymous_19)","decl":{"start":{"line":72,"column":19},"end":{"line":72,"column":26}},"loc":{"start":{"line":72,"column":80},"end":{"line":79,"column":null}}},"13":{"name":"(anonymous_20)","decl":{"start":{"line":72,"column":80},"end":{"line":72,"column":null}},"loc":{"start":{"line":72,"column":80},"end":{"line":79,"column":1}}},"14":{"name":"(anonymous_21)","decl":{"start":{"line":74,"column":10},"end":{"line":74,"column":11}},"loc":{"start":{"line":74,"column":27},"end":{"line":76,"column":5}}},"15":{"name":"(anonymous_22)","decl":{"start":{"line":76,"column":13},"end":{"line":76,"column":14}},"loc":{"start":{"line":76,"column":23},"end":{"line":78,"column":5}}},"16":{"name":"(anonymous_23)","decl":{"start":{"line":81,"column":55},"end":{"line":81,"column":56}},"loc":{"start":{"line":81,"column":68},"end":{"line":109,"column":1}}},"17":{"name":"(anonymous_24)","decl":{"start":{"line":86,"column":14},"end":{"line":86,"column":15}},"loc":{"start":{"line":86,"column":33},"end":{"line":103,"column":9}}},"18":{"name":"(anonymous_25)","decl":{"start":{"line":98,"column":18},"end":{"line":98,"column":19}},"loc":{"start":{"line":98,"column":32},"end":{"line":100,"column":13}}},"19":{"name":"(anonymous_26)","decl":{"start":{"line":100,"column":21},"end":{"line":100,"column":22}},"loc":{"start":{"line":100,"column":31},"end":{"line":102,"column":13}}},"20":{"name":"(anonymous_27)","decl":{"start":{"line":103,"column":17},"end":{"line":103,"column":18}},"loc":{"start":{"line":103,"column":27},"end":{"line":105,"column":9}}},"21":{"name":"(anonymous_28)","decl":{"start":{"line":111,"column":42},"end":{"line":111,"column":43}},"loc":{"start":{"line":111,"column":55},"end":{"line":135,"column":1}}},"22":{"name":"(anonymous_29)","decl":{"start":{"line":116,"column":14},"end":{"line":116,"column":15}},"loc":{"start":{"line":116,"column":33},"end":{"line":128,"column":9}}},"23":{"name":"(anonymous_30)","decl":{"start":{"line":122,"column":18},"end":{"line":122,"column":21}},"loc":{"start":{"line":122,"column":23},"end":{"line":124,"column":13}}},"24":{"name":"(anonymous_31)","decl":{"start":{"line":125,"column":19},"end":{"line":125,"column":20}},"loc":{"start":{"line":125,"column":29},"end":{"line":127,"column":13}}},"25":{"name":"(anonymous_32)","decl":{"start":{"line":129,"column":15},"end":{"line":129,"column":16}},"loc":{"start":{"line":129,"column":25},"end":{"line":131,"column":9}}}},"branchMap":{"0":{"loc":{"start":{"line":16,"column":23},"end":{"line":16,"column":54}},"type":"cond-expr","locations":[{"start":{"line":16,"column":45},"end":{"line":16,"column":49}},{"start":{"line":16,"column":49},"end":{"line":16,"column":54}}]},"1":{"loc":{"start":{"line":16,"column":23},"end":{"line":16,"column":49}},"type":"binary-expr","locations":[{"start":{"line":16,"column":23},"end":{"line":16,"column":49}},{"start":{"line":16,"column":45},"end":{"line":16,"column":49}}]},"2":{"loc":{"start":{"line":43,"column":20},"end":{"line":43,"column":60}},"type":"cond-expr","locations":[{"start":{"line":43,"column":45},"end":{"line":43,"column":47}},{"start":{"line":43,"column":45},"end":{"line":43,"column":60}}]},"3":{"loc":{"start":{"line":43,"column":20},"end":{"line":43,"column":47}},"type":"binary-expr","locations":[{"start":{"line":43,"column":20},"end":{"line":43,"column":47}},{"start":{"line":43,"column":45},"end":{"line":43,"column":47}}]},"4":{"loc":{"start":{"line":45,"column":4},"end":{"line":69,"column":5}},"type":"if","locations":[{"start":{"line":45,"column":4},"end":{"line":69,"column":5}},{"start":{"line":67,"column":11},"end":{"line":69,"column":5}}]},"5":{"loc":{"start":{"line":50,"column":31},"end":{"line":50,"column":69}},"type":"cond-expr","locations":[{"start":{"line":50,"column":60},"end":{"line":50,"column":64}},{"start":{"line":50,"column":64},"end":{"line":50,"column":69}}]},"6":{"loc":{"start":{"line":50,"column":31},"end":{"line":50,"column":64}},"type":"binary-expr","locations":[{"start":{"line":50,"column":31},"end":{"line":50,"column":64}},{"start":{"line":50,"column":60},"end":{"line":50,"column":64}}]},"7":{"loc":{"start":{"line":53,"column":12},"end":{"line":63,"column":13}},"type":"if","locations":[{"start":{"line":53,"column":12},"end":{"line":63,"column":13}},{"start":{"line":61,"column":19},"end":{"line":63,"column":13}}]},"8":{"loc":{"start":{"line":82,"column":20},"end":{"line":82,"column":60}},"type":"cond-expr","locations":[{"start":{"line":82,"column":45},"end":{"line":82,"column":47}},{"start":{"line":82,"column":45},"end":{"line":82,"column":60}}]},"9":{"loc":{"start":{"line":82,"column":20},"end":{"line":82,"column":47}},"type":"binary-expr","locations":[{"start":{"line":82,"column":20},"end":{"line":82,"column":47}},{"start":{"line":82,"column":45},"end":{"line":82,"column":47}}]},"10":{"loc":{"start":{"line":84,"column":4},"end":{"line":108,"column":5}},"type":"if","locations":[{"start":{"line":84,"column":4},"end":{"line":108,"column":5}},{"start":{"line":106,"column":11},"end":{"line":108,"column":5}}]},"11":{"loc":{"start":{"line":91,"column":35},"end":{"line":91,"column":73}},"type":"cond-expr","locations":[{"start":{"line":91,"column":64},"end":{"line":91,"column":68}},{"start":{"line":91,"column":68},"end":{"line":91,"column":73}}]},"12":{"loc":{"start":{"line":91,"column":35},"end":{"line":91,"column":68}},"type":"binary-expr","locations":[{"start":{"line":91,"column":35},"end":{"line":91,"column":68}},{"start":{"line":91,"column":64},"end":{"line":91,"column":68}}]},"13":{"loc":{"start":{"line":92,"column":27},"end":{"line":92,"column":53}},"type":"binary-expr","locations":[{"start":{"line":92,"column":27},"end":{"line":92,"column":47}},{"start":{"line":92,"column":51},"end":{"line":92,"column":53}}]},"14":{"loc":{"start":{"line":93,"column":30},"end":{"line":93,"column":58}},"type":"binary-expr","locations":[{"start":{"line":93,"column":30},"end":{"line":93,"column":52}},{"start":{"line":93,"column":56},"end":{"line":93,"column":58}}]},"15":{"loc":{"start":{"line":112,"column":20},"end":{"line":112,"column":60}},"type":"cond-expr","locations":[{"start":{"line":112,"column":45},"end":{"line":112,"column":47}},{"start":{"line":112,"column":45},"end":{"line":112,"column":60}}]},"16":{"loc":{"start":{"line":112,"column":20},"end":{"line":112,"column":47}},"type":"binary-expr","locations":[{"start":{"line":112,"column":20},"end":{"line":112,"column":47}},{"start":{"line":112,"column":45},"end":{"line":112,"column":47}}]},"17":{"loc":{"start":{"line":114,"column":4},"end":{"line":134,"column":5}},"type":"if","locations":[{"start":{"line":114,"column":4},"end":{"line":134,"column":5}},{"start":{"line":132,"column":11},"end":{"line":134,"column":5}}]}},"s":{"0":3,"1":3,"2":3,"3":3,"4":3,"5":3,"6":3,"7":3,"8":0,"9":0,"10":0,"11":0,"12":0,"13":0,"14":0,"15":0,"16":0,"17":0,"18":0,"19":0,"20":3,"21":3,"22":0,"23":0,"24":0,"25":0,"26":0,"27":0,"28":0,"29":0,"30":0,"31":0,"32":0,"33":0,"34":3,"35":3,"36":0,"37":0,"38":0,"39":0,"40":3,"41":0,"42":0,"43":0,"44":0,"45":0,"46":0,"47":0,"48":0,"49":0,"50":3,"51":3,"52":0,"53":0,"54":0,"55":0,"56":0,"57":0,"58":0,"59":0,"60":3},"f":{"0":0,"1":0,"2":0,"3":0,"4":0,"5":0,"6":0,"7":0,"8":0,"9":0,"10":0,"11":0,"12":0,"13":0,"14":0,"15":0,"16":0,"17":0,"18":0,"19":0,"20":0,"21":0,"22":0,"23":0,"24":0,"25":0},"b":{"0":[0,0],"1":[0,0],"2":[0,0],"3":[0,0],"4":[0,0],"5":[0,0],"6":[0,0],"7":[0,0],"8":[0,0],"9":[0,0],"10":[0,0],"11":[0,0],"12":[0,0],"13":[0,0],"14":[0,0],"15":[0,0],"16":[0,0],"17":[0,0]}}
,"C:\\Users\\leoso\\Documentos\\Máster\\TFM\\Backend\\src\\controllers\\verificationController.ts": {"path":"C:\\Users\\leoso\\Documentos\\Máster\\TFM\\Backend\\src\\controllers\\verificationController.ts","statementMap":{"0":{"start":{"line":2,"column":0},"end":{"line":2,"column":56}},"1":{"start":{"line":3,"column":0},"end":{"line":3,"column":38}},"2":{"start":{"line":4,"column":0},"end":{"line":4,"column":56}},"3":{"start":{"line":6,"column":0},"end":{"line":6,"column":52}},"4":{"start":{"line":8,"column":13},"end":{"line":8,"column":29}},"5":{"start":{"line":9,"column":17},"end":{"line":9,"column":33}},"6":{"start":{"line":11,"column":43},"end":{"line":32,"column":1}},"7":{"start":{"line":12,"column":20},"end":{"line":12,"column":60}},"8":{"start":{"line":14,"column":4},"end":{"line":31,"column":5}},"9":{"start":{"line":15,"column":8},"end":{"line":28,"column":null}},"10":{"start":{"line":17,"column":12},"end":{"line":25,"column":13}},"11":{"start":{"line":18,"column":16},"end":{"line":18,"column":null}},"12":{"start":{"line":20,"column":16},"end":{"line":24,"column":null}},"13":{"start":{"line":21,"column":20},"end":{"line":21,"column":null}},"14":{"start":{"line":23,"column":20},"end":{"line":23,"column":null}},"15":{"start":{"line":27,"column":12},"end":{"line":27,"column":null}},"16":{"start":{"line":30,"column":8},"end":{"line":30,"column":null}},"17":{"start":{"line":11,"column":13},"end":{"line":11,"column":43}},"18":{"start":{"line":34,"column":51},"end":{"line":66,"column":1}},"19":{"start":{"line":35,"column":20},"end":{"line":35,"column":60}},"20":{"start":{"line":37,"column":4},"end":{"line":65,"column":5}},"21":{"start":{"line":38,"column":8},"end":{"line":62,"column":null}},"22":{"start":{"line":40,"column":12},"end":{"line":59,"column":13}},"23":{"start":{"line":41,"column":16},"end":{"line":41,"column":null}},"24":{"start":{"line":43,"column":34},"end":{"line":43,"column":52}},"25":{"start":{"line":44,"column":34},"end":{"line":44,"column":52}},"26":{"start":{"line":45,"column":16},"end":{"line":47,"column":17}},"27":{"start":{"line":46,"column":20},"end":{"line":46,"column":null}},"28":{"start":{"line":48,"column":16},"end":{"line":58,"column":null}},"29":{"start":{"line":50,"column":35},"end":{"line":50,"column":58}},"30":{"start":{"line":51,"column":20},"end":{"line":55,"column":null}},"31":{"start":{"line":52,"column":24},"end":{"line":52,"column":null}},"32":{"start":{"line":54,"column":24},"end":{"line":54,"column":null}},"33":{"start":{"line":57,"column":20},"end":{"line":57,"column":null}},"34":{"start":{"line":61,"column":12},"end":{"line":61,"column":null}},"35":{"start":{"line":64,"column":8},"end":{"line":64,"column":null}},"36":{"start":{"line":34,"column":13},"end":{"line":34,"column":51}}},"fnMap":{"0":{"name":"(anonymous_0)","decl":{"start":{"line":11,"column":43},"end":{"line":11,"column":44}},"loc":{"start":{"line":11,"column":56},"end":{"line":32,"column":1}}},"1":{"name":"(anonymous_1)","decl":{"start":{"line":16,"column":14},"end":{"line":16,"column":15}},"loc":{"start":{"line":16,"column":33},"end":{"line":26,"column":9}}},"2":{"name":"(anonymous_2)","decl":{"start":{"line":20,"column":56},"end":{"line":20,"column":57}},"loc":{"start":{"line":20,"column":92},"end":{"line":22,"column":17}}},"3":{"name":"(anonymous_3)","decl":{"start":{"line":22,"column":25},"end":{"line":22,"column":26}},"loc":{"start":{"line":22,"column":35},"end":{"line":24,"column":17}}},"4":{"name":"(anonymous_4)","decl":{"start":{"line":26,"column":17},"end":{"line":26,"column":18}},"loc":{"start":{"line":26,"column":27},"end":{"line":28,"column":9}}},"5":{"name":"(anonymous_5)","decl":{"start":{"line":34,"column":51},"end":{"line":34,"column":52}},"loc":{"start":{"line":34,"column":64},"end":{"line":66,"column":1}}},"6":{"name":"(anonymous_6)","decl":{"start":{"line":39,"column":14},"end":{"line":39,"column":15}},"loc":{"start":{"line":39,"column":33},"end":{"line":60,"column":9}}},"7":{"name":"(anonymous_7)","decl":{"start":{"line":49,"column":22},"end":{"line":49,"column":23}},"loc":{"start":{"line":49,"column":30},"end":{"line":56,"column":17}}},"8":{"name":"(anonymous_8)","decl":{"start":{"line":51,"column":58},"end":{"line":51,"column":61}},"loc":{"start":{"line":51,"column":63},"end":{"line":53,"column":21}}},"9":{"name":"(anonymous_9)","decl":{"start":{"line":53,"column":29},"end":{"line":53,"column":30}},"loc":{"start":{"line":53,"column":39},"end":{"line":55,"column":21}}},"10":{"name":"(anonymous_10)","decl":{"start":{"line":56,"column":25},"end":{"line":56,"column":26}},"loc":{"start":{"line":56,"column":35},"end":{"line":58,"column":17}}},"11":{"name":"(anonymous_11)","decl":{"start":{"line":60,"column":17},"end":{"line":60,"column":18}},"loc":{"start":{"line":60,"column":27},"end":{"line":62,"column":9}}}},"branchMap":{"0":{"loc":{"start":{"line":12,"column":20},"end":{"line":12,"column":60}},"type":"cond-expr","locations":[{"start":{"line":12,"column":45},"end":{"line":12,"column":47}},{"start":{"line":12,"column":45},"end":{"line":12,"column":60}}]},"1":{"loc":{"start":{"line":12,"column":20},"end":{"line":12,"column":47}},"type":"binary-expr","locations":[{"start":{"line":12,"column":20},"end":{"line":12,"column":47}},{"start":{"line":12,"column":45},"end":{"line":12,"column":47}}]},"2":{"loc":{"start":{"line":14,"column":4},"end":{"line":31,"column":5}},"type":"if","locations":[{"start":{"line":14,"column":4},"end":{"line":31,"column":5}},{"start":{"line":29,"column":11},"end":{"line":31,"column":5}}]},"3":{"loc":{"start":{"line":17,"column":12},"end":{"line":25,"column":13}},"type":"if","locations":[{"start":{"line":17,"column":12},"end":{"line":25,"column":13}},{"start":{"line":19,"column":19},"end":{"line":25,"column":13}}]},"4":{"loc":{"start":{"line":35,"column":20},"end":{"line":35,"column":60}},"type":"cond-expr","locations":[{"start":{"line":35,"column":45},"end":{"line":35,"column":47}},{"start":{"line":35,"column":45},"end":{"line":35,"column":60}}]},"5":{"loc":{"start":{"line":35,"column":20},"end":{"line":35,"column":47}},"type":"binary-expr","locations":[{"start":{"line":35,"column":20},"end":{"line":35,"column":47}},{"start":{"line":35,"column":45},"end":{"line":35,"column":47}}]},"6":{"loc":{"start":{"line":37,"column":4},"end":{"line":65,"column":5}},"type":"if","locations":[{"start":{"line":37,"column":4},"end":{"line":65,"column":5}},{"start":{"line":63,"column":11},"end":{"line":65,"column":5}}]},"7":{"loc":{"start":{"line":40,"column":12},"end":{"line":59,"column":13}},"type":"if","locations":[{"start":{"line":40,"column":12},"end":{"line":59,"column":13}},{"start":{"line":42,"column":19},"end":{"line":59,"column":13}}]},"8":{"loc":{"start":{"line":45,"column":16},"end":{"line":47,"column":17}},"type":"if","locations":[{"start":{"line":45,"column":16},"end":{"line":47,"column":17}}]},"9":{"loc":{"start":{"line":45,"column":19},"end":{"line":45,"column":43}},"type":"binary-expr","locations":[{"start":{"line":45,"column":19},"end":{"line":45,"column":29}},{"start":{"line":45,"column":33},"end":{"line":45,"column":43}}]}},"s":{"0":3,"1":3,"2":3,"3":3,"4":3,"5":3,"6":3,"7":0,"8":0,"9":0,"10":0,"11":0,"12":0,"13":0,"14":0,"15":0,"16":0,"17":3,"18":3,"19":0,"20":0,"21":0,"22":0,"23":0,"24":0,"25":0,"26":0,"27":0,"28":0,"29":0,"30":0,"31":0,"32":0,"33":0,"34":0,"35":0,"36":3},"f":{"0":0,"1":0,"2":0,"3":0,"4":0,"5":0,"6":0,"7":0,"8":0,"9":0,"10":0,"11":0},"b":{"0":[0,0],"1":[0,0],"2":[0,0],"3":[0,0],"4":[0,0],"5":[0,0],"6":[0,0],"7":[0,0],"8":[0],"9":[0,0]}}
,"C:\\Users\\leoso\\Documentos\\Máster\\TFM\\Backend\\src\\models\\customError.ts": {"path":"C:\\Users\\leoso\\Documentos\\Máster\\TFM\\Backend\\src\\models\\customError.ts","statementMap":{"0":{"start":{"line":5,"column":8},"end":{"line":5,"column":23}},"1":{"start":{"line":6,"column":8},"end":{"line":6,"column":34}},"2":{"start":{"line":7,"column":8},"end":{"line":7,"column":43}},"3":{"start":{"line":9,"column":8},"end":{"line":11,"column":9}},"4":{"start":{"line":10,"column":12},"end":{"line":10,"column":55}},"5":{"start":{"line":1,"column":0},"end":{"line":1,"column":13}}},"fnMap":{"0":{"name":"(anonymous_0)","decl":{"start":{"line":4,"column":4},"end":{"line":4,"column":16}},"loc":{"start":{"line":4,"column":52},"end":{"line":12,"column":5}}}},"branchMap":{"0":{"loc":{"start":{"line":9,"column":8},"end":{"line":11,"column":9}},"type":"if","locations":[{"start":{"line":9,"column":8},"end":{"line":11,"column":9}}]}},"s":{"0":10,"1":10,"2":10,"3":10,"4":10,"5":3},"f":{"0":10},"b":{"0":[10]}}
,"C:\\Users\\leoso\\Documentos\\Máster\\TFM\\Backend\\src\\models\\actor\\actorProfile.ts": {"path":"C:\\Users\\leoso\\Documentos\\Máster\\TFM\\Backend\\src\\models\\actor\\actorProfile.ts","statementMap":{"0":{"start":{"line":13,"column":30},"end":{"line":21,"column":1}},"1":{"start":{"line":14,"column":4},"end":{"line":20,"column":5}},"2":{"start":{"line":15,"column":16},"end":{"line":15,"column":null}},"3":{"start":{"line":16,"column":16},"end":{"line":16,"column":null}},"4":{"start":{"line":17,"column":16},"end":{"line":17,"column":null}},"5":{"start":{"line":18,"column":16},"end":{"line":18,"column":null}},"6":{"start":{"line":19,"column":17},"end":{"line":19,"column":null}},"7":{"start":{"line":13,"column":13},"end":{"line":13,"column":30}}},"fnMap":{"0":{"name":"(anonymous_0)","decl":{"start":{"line":13,"column":30},"end":{"line":13,"column":31}},"loc":{"start":{"line":13,"column":57},"end":{"line":21,"column":1}}}},"branchMap":{"0":{"loc":{"start":{"line":14,"column":4},"end":{"line":20,"column":5}},"type":"switch","locations":[{"start":{"line":15,"column":8},"end":{"line":15,"column":null}},{"start":{"line":16,"column":8},"end":{"line":16,"column":null}},{"start":{"line":17,"column":8},"end":{"line":17,"column":null}},{"start":{"line":18,"column":8},"end":{"line":18,"column":null}},{"start":{"line":19,"column":8},"end":{"line":19,"column":null}}]}},"s":{"0":3,"1":2,"2":0,"3":0,"4":2,"5":0,"6":0,"7":3},"f":{"0":2},"b":{"0":[0,0,2,0,0]}}
,"C:\\Users\\leoso\\Documentos\\Máster\\TFM\\Backend\\src\\models\\user\\userFirebaseAuth.ts": {"path":"C:\\Users\\leoso\\Documentos\\Máster\\TFM\\Backend\\src\\models\\user\\userFirebaseAuth.ts","statementMap":{"0":{"start":{"line":9,"column":28},"end":{"line":12,"column":1}},"1":{"start":{"line":10,"column":23},"end":{"line":10,"column":51}},"2":{"start":{"line":11,"column":4},"end":{"line":11,"column":null}},"3":{"start":{"line":9,"column":13},"end":{"line":9,"column":28}}},"fnMap":{"0":{"name":"(anonymous_0)","decl":{"start":{"line":9,"column":28},"end":{"line":9,"column":29}},"loc":{"start":{"line":9,"column":55},"end":{"line":12,"column":1}}}},"branchMap":{},"s":{"0":3,"1":0,"2":0,"3":3},"f":{"0":0},"b":{}}
,"C:\\Users\\leoso\\Documentos\\Máster\\TFM\\Backend\\src\\routes\\actors.ts": {"path":"C:\\Users\\leoso\\Documentos\\Máster\\TFM\\Backend\\src\\routes\\actors.ts","statementMap":{"0":{"start":{"line":1,"column":0},"end":{"line":1,"column":29}},"1":{"start":{"line":2,"column":0},"end":{"line":2,"column":87}},"2":{"start":{"line":4,"column":21},"end":{"line":4,"column":37}},"3":{"start":{"line":33,"column":0},"end":{"line":33,"column":null}},"4":{"start":{"line":93,"column":0},"end":{"line":93,"column":null}},"5":{"start":{"line":129,"column":0},"end":{"line":129,"column":null}},"6":{"start":{"line":131,"column":0},"end":{"line":131,"column":28}}},"fnMap":{},"branchMap":{},"s":{"0":3,"1":3,"2":3,"3":3,"4":3,"5":3,"6":3},"f":{},"b":{}}
,"C:\\Users\\leoso\\Documentos\\Máster\\TFM\\Backend\\src\\routes\\movies.ts": {"path":"C:\\Users\\leoso\\Documentos\\Máster\\TFM\\Backend\\src\\routes\\movies.ts","statementMap":{"0":{"start":{"line":1,"column":0},"end":{"line":1,"column":29}},"1":{"start":{"line":2,"column":0},"end":{"line":2,"column":96}},"2":{"start":{"line":4,"column":21},"end":{"line":4,"column":37}},"3":{"start":{"line":31,"column":0},"end":{"line":31,"column":null}},"4":{"start":{"line":54,"column":0},"end":{"line":54,"column":null}},"5":{"start":{"line":87,"column":0},"end":{"line":87,"column":null}},"6":{"start":{"line":117,"column":0},"end":{"line":117,"column":null}},"7":{"start":{"line":119,"column":0},"end":{"line":119,"column":null}}},"fnMap":{},"branchMap":{},"s":{"0":3,"1":3,"2":3,"3":3,"4":3,"5":3,"6":3,"7":3},"f":{},"b":{}}
,"C:\\Users\\leoso\\Documentos\\Máster\\TFM\\Backend\\src\\routes\\reviews.ts": {"path":"C:\\Users\\leoso\\Documentos\\Máster\\TFM\\Backend\\src\\routes\\reviews.ts","statementMap":{"0":{"start":{"line":1,"column":0},"end":{"line":1,"column":29}},"1":{"start":{"line":2,"column":0},"end":{"line":2,"column":86}},"2":{"start":{"line":4,"column":23},"end":{"line":4,"column":39}},"3":{"start":{"line":43,"column":0},"end":{"line":43,"column":null}},"4":{"start":{"line":68,"column":0},"end":{"line":68,"column":null}},"5":{"start":{"line":101,"column":0},"end":{"line":101,"column":null}},"6":{"start":{"line":103,"column":0},"end":{"line":103,"column":null}}},"fnMap":{},"branchMap":{},"s":{"0":3,"1":3,"2":3,"3":3,"4":3,"5":3,"6":3},"f":{},"b":{}}
,"C:\\Users\\leoso\\Documentos\\Máster\\TFM\\Backend\\src\\routes\\users.ts": {"path":"C:\\Users\\leoso\\Documentos\\Máster\\TFM\\Backend\\src\\routes\\users.ts","statementMap":{"0":{"start":{"line":1,"column":0},"end":{"line":1,"column":29}},"1":{"start":{"line":2,"column":0},"end":{"line":2,"column":27}},"2":{"start":{"line":3,"column":0},"end":{"line":3,"column":103}},"3":{"start":{"line":5,"column":20},"end":{"line":5,"column":36}},"4":{"start":{"line":6,"column":15},"end":{"line":8,"column":2}},"5":{"start":{"line":41,"column":0},"end":{"line":41,"column":null}},"6":{"start":{"line":70,"column":0},"end":{"line":70,"column":null}},"7":{"start":{"line":110,"column":0},"end":{"line":110,"column":null}},"8":{"start":{"line":130,"column":0},"end":{"line":130,"column":null}},"9":{"start":{"line":132,"column":0},"end":{"line":132,"column":null}}},"fnMap":{},"branchMap":{},"s":{"0":3,"1":3,"2":3,"3":3,"4":3,"5":3,"6":3,"7":3,"8":3,"9":3},"f":{},"b":{}}
,"C:\\Users\\leoso\\Documentos\\Máster\\TFM\\Backend\\src\\routes\\verification.ts": {"path":"C:\\Users\\leoso\\Documentos\\Máster\\TFM\\Backend\\src\\routes\\verification.ts","statementMap":{"0":{"start":{"line":1,"column":0},"end":{"line":1,"column":29}},"1":{"start":{"line":2,"column":0},"end":{"line":2,"column":88}},"2":{"start":{"line":4,"column":28},"end":{"line":4,"column":44}},"3":{"start":{"line":46,"column":0},"end":{"line":46,"column":null}},"4":{"start":{"line":98,"column":0},"end":{"line":98,"column":null}},"5":{"start":{"line":100,"column":0},"end":{"line":100,"column":null}}},"fnMap":{},"branchMap":{},"s":{"0":3,"1":3,"2":3,"3":3,"4":3,"5":3},"f":{},"b":{}}
,"C:\\Users\\leoso\\Documentos\\Máster\\TFM\\Backend\\src\\services\\FirebaseAuth.ts": {"path":"C:\\Users\\leoso\\Documentos\\Máster\\TFM\\Backend\\src\\services\\FirebaseAuth.ts","statementMap":{"0":{"start":{"line":1,"column":0},"end":{"line":1,"column":42}},"1":{"start":{"line":2,"column":0},"end":{"line":2,"column":81}},"2":{"start":{"line":5,"column":0},"end":{"line":5,"column":52}},"3":{"start":{"line":9,"column":8},"end":{"line":10,"column":null}},"4":{"start":{"line":10,"column":12},"end":{"line":10,"column":null}},"5":{"start":{"line":12,"column":8},"end":{"line":15,"column":null}},"6":{"start":{"line":14,"column":12},"end":{"line":14,"column":82}},"7":{"start":{"line":19,"column":8},"end":{"line":22,"column":null}},"8":{"start":{"line":21,"column":12},"end":{"line":21,"column":91}},"9":{"start":{"line":26,"column":8},"end":{"line":29,"column":null}},"10":{"start":{"line":28,"column":12},"end":{"line":28,"column":82}},"11":{"start":{"line":33,"column":8},"end":{"line":39,"column":11}},"12":{"start":{"line":35,"column":12},"end":{"line":35,"column":62}},"13":{"start":{"line":38,"column":12},"end":{"line":38,"column":87}},"14":{"start":{"line":43,"column":8},"end":{"line":46,"column":null}},"15":{"start":{"line":45,"column":12},"end":{"line":45,"column":82}},"16":{"start":{"line":7,"column":0},"end":{"line":7,"column":13}}},"fnMap":{"0":{"name":"(anonymous_7)","decl":{"start":{"line":8,"column":17},"end":{"line":8,"column":27}},"loc":{"start":{"line":8,"column":50},"end":{"line":16,"column":null}}},"1":{"name":"(anonymous_9)","decl":{"start":{"line":13,"column":15},"end":{"line":13,"column":16}},"loc":{"start":{"line":13,"column":25},"end":{"line":15,"column":9}}},"2":{"name":"(anonymous_10)","decl":{"start":{"line":18,"column":17},"end":{"line":18,"column":30}},"loc":{"start":{"line":18,"column":46},"end":{"line":23,"column":null}}},"3":{"name":"(anonymous_12)","decl":{"start":{"line":20,"column":15},"end":{"line":20,"column":16}},"loc":{"start":{"line":20,"column":25},"end":{"line":22,"column":9}}},"4":{"name":"(anonymous_13)","decl":{"start":{"line":25,"column":17},"end":{"line":25,"column":27}},"loc":{"start":{"line":25,"column":63},"end":{"line":30,"column":null}}},"5":{"name":"(anonymous_15)","decl":{"start":{"line":27,"column":15},"end":{"line":27,"column":16}},"loc":{"start":{"line":27,"column":25},"end":{"line":29,"column":9}}},"6":{"name":"(anonymous_16)","decl":{"start":{"line":32,"column":17},"end":{"line":32,"column":31}},"loc":{"start":{"line":32,"column":60},"end":{"line":40,"column":null}}},"7":{"name":"(anonymous_18)","decl":{"start":{"line":34,"column":14},"end":{"line":34,"column":17}},"loc":{"start":{"line":34,"column":19},"end":{"line":36,"column":9}}},"8":{"name":"(anonymous_19)","decl":{"start":{"line":37,"column":15},"end":{"line":37,"column":16}},"loc":{"start":{"line":37,"column":25},"end":{"line":39,"column":9}}},"9":{"name":"(anonymous_20)","decl":{"start":{"line":42,"column":17},"end":{"line":42,"column":27}},"loc":{"start":{"line":42,"column":39},"end":{"line":47,"column":null}}},"10":{"name":"(anonymous_22)","decl":{"start":{"line":44,"column":15},"end":{"line":44,"column":16}},"loc":{"start":{"line":44,"column":25},"end":{"line":46,"column":9}}}},"branchMap":{"0":{"loc":{"start":{"line":9,"column":8},"end":{"line":10,"column":null}},"type":"if","locations":[{"start":{"line":9,"column":8},"end":{"line":10,"column":null}}]}},"s":{"0":3,"1":3,"2":3,"3":0,"4":0,"5":0,"6":0,"7":0,"8":0,"9":0,"10":0,"11":0,"12":0,"13":0,"14":0,"15":0,"16":3},"f":{"0":0,"1":0,"2":0,"3":0,"4":0,"5":0,"6":0,"7":0,"8":0,"9":0,"10":0},"b":{"0":[0]}}
,"C:\\Users\\leoso\\Documentos\\Máster\\TFM\\Backend\\src\\services\\FirebaseRTDB.ts": {"path":"C:\\Users\\leoso\\Documentos\\Máster\\TFM\\Backend\\src\\services\\FirebaseRTDB.ts","statementMap":{"0":{"start":{"line":3,"column":0},"end":{"line":3,"column":42}},"1":{"start":{"line":7,"column":0},"end":{"line":7,"column":52}},"2":{"start":{"line":14,"column":8},"end":{"line":14,"column":null}},"3":{"start":{"line":18,"column":26},"end":{"line":18,"column":105}},"4":{"start":{"line":20,"column":8},"end":{"line":31,"column":11}},"5":{"start":{"line":22,"column":24},"end":{"line":22,"column":36}},"6":{"start":{"line":23,"column":12},"end":{"line":27,"column":13}},"7":{"start":{"line":24,"column":16},"end":{"line":24,"column":27}},"8":{"start":{"line":26,"column":16},"end":{"line":26,"column":96}},"9":{"start":{"line":30,"column":12},"end":{"line":30,"column":90}},"10":{"start":{"line":35,"column":36},"end":{"line":35,"column":76}},"11":{"start":{"line":36,"column":33},"end":{"line":36,"column":79}},"12":{"start":{"line":37,"column":33},"end":{"line":37,"column":62}},"13":{"start":{"line":39,"column":8},"end":{"line":55,"column":11}},"14":{"start":{"line":39,"column":75},"end":{"line":53,"column":10}},"15":{"start":{"line":40,"column":12},"end":{"line":43,"column":13}},"16":{"start":{"line":41,"column":66},"end":{"line":41,"column":90}},"17":{"start":{"line":42,"column":16},"end":{"line":42,"column":null}},"18":{"start":{"line":44,"column":12},"end":{"line":52,"column":15}},"19":{"start":{"line":45,"column":16},"end":{"line":48,"column":17}},"20":{"start":{"line":46,"column":67},"end":{"line":46,"column":88}},"21":{"start":{"line":47,"column":20},"end":{"line":47,"column":null}},"22":{"start":{"line":49,"column":16},"end":{"line":49,"column":null}},"23":{"start":{"line":51,"column":16},"end":{"line":51,"column":95}},"24":{"start":{"line":54,"column":12},"end":{"line":54,"column":94}},"25":{"start":{"line":59,"column":26},"end":{"line":59,"column":62}},"26":{"start":{"line":60,"column":26},"end":{"line":60,"column":89}},"27":{"start":{"line":61,"column":8},"end":{"line":63,"column":null}},"28":{"start":{"line":62,"column":12},"end":{"line":62,"column":84}},"29":{"start":{"line":67,"column":8},"end":{"line":70,"column":null}},"30":{"start":{"line":69,"column":12},"end":{"line":69,"column":41}},"31":{"start":{"line":72,"column":8},"end":{"line":76,"column":null}},"32":{"start":{"line":73,"column":21},"end":{"line":73,"column":46}},"33":{"start":{"line":75,"column":12},"end":{"line":75,"column":41}},"34":{"start":{"line":80,"column":27},"end":{"line":80,"column":56}},"35":{"start":{"line":82,"column":8},"end":{"line":103,"column":11}},"36":{"start":{"line":82,"column":64},"end":{"line":101,"column":10}},"37":{"start":{"line":83,"column":12},"end":{"line":85,"column":13}},"38":{"start":{"line":84,"column":16},"end":{"line":84,"column":null}},"39":{"start":{"line":87,"column":53},"end":{"line":87,"column":55}},"40":{"start":{"line":88,"column":12},"end":{"line":96,"column":15}},"41":{"start":{"line":89,"column":61},"end":{"line":89,"column":80}},"42":{"start":{"line":90,"column":16},"end":{"line":95,"column":17}},"43":{"start":{"line":91,"column":35},"end":{"line":91,"column":57}},"44":{"start":{"line":92,"column":20},"end":{"line":94,"column":21}},"45":{"start":{"line":93,"column":24},"end":{"line":93,"column":90}},"46":{"start":{"line":98,"column":12},"end":{"line":100,"column":null}},"47":{"start":{"line":99,"column":16},"end":{"line":99,"column":93}},"48":{"start":{"line":102,"column":12},"end":{"line":102,"column":89}},"49":{"start":{"line":107,"column":34},"end":{"line":107,"column":75}},"50":{"start":{"line":109,"column":8},"end":{"line":124,"column":11}},"51":{"start":{"line":110,"column":12},"end":{"line":121,"column":13}},"52":{"start":{"line":111,"column":39},"end":{"line":111,"column":60}},"53":{"start":{"line":112,"column":56},"end":{"line":117,"column":18}},"54":{"start":{"line":113,"column":20},"end":{"line":116,"column":45}},"55":{"start":{"line":118,"column":16},"end":{"line":118,"column":32}},"56":{"start":{"line":120,"column":16},"end":{"line":120,"column":77}},"57":{"start":{"line":123,"column":12},"end":{"line":123,"column":98}},"58":{"start":{"line":128,"column":26},"end":{"line":128,"column":67}},"59":{"start":{"line":130,"column":8},"end":{"line":141,"column":11}},"60":{"start":{"line":132,"column":24},"end":{"line":132,"column":36}},"61":{"start":{"line":133,"column":12},"end":{"line":137,"column":13}},"62":{"start":{"line":134,"column":16},"end":{"line":134,"column":27}},"63":{"start":{"line":136,"column":16},"end":{"line":136,"column":97}},"64":{"start":{"line":140,"column":12},"end":{"line":140,"column":96}},"65":{"start":{"line":145,"column":26},"end":{"line":145,"column":80}},"66":{"start":{"line":147,"column":8},"end":{"line":174,"column":15}},"67":{"start":{"line":148,"column":37},"end":{"line":171,"column":14}},"68":{"start":{"line":149,"column":32},"end":{"line":149,"column":46}},"69":{"start":{"line":150,"column":16},"end":{"line":152,"column":17}},"70":{"start":{"line":151,"column":20},"end":{"line":151,"column":94}},"71":{"start":{"line":154,"column":28},"end":{"line":154,"column":39}},"72":{"start":{"line":156,"column":16},"end":{"line":170,"column":17}},"73":{"start":{"line":157,"column":39},"end":{"line":157,"column":95}},"74":{"start":{"line":158,"column":44},"end":{"line":158,"column":100}},"75":{"start":{"line":160,"column":20},"end":{"line":167,"column":23}},"76":{"start":{"line":161,"column":37},"end":{"line":164,"column":22}},"77":{"start":{"line":162,"column":24},"end":{"line":163,"column":79}},"78":{"start":{"line":163,"column":41},"end":{"line":163,"column":77}},"79":{"start":{"line":166,"column":24},"end":{"line":166,"column":53}},"80":{"start":{"line":169,"column":20},"end":{"line":169,"column":56}},"81":{"start":{"line":173,"column":16},"end":{"line":173,"column":89}},"82":{"start":{"line":178,"column":26},"end":{"line":178,"column":55}},"83":{"start":{"line":179,"column":31},"end":{"line":179,"column":65}},"84":{"start":{"line":181,"column":8},"end":{"line":213,"column":11}},"85":{"start":{"line":182,"column":33},"end":{"line":207,"column":10}},"86":{"start":{"line":183,"column":28},"end":{"line":183,"column":42}},"87":{"start":{"line":184,"column":12},"end":{"line":186,"column":13}},"88":{"start":{"line":185,"column":16},"end":{"line":185,"column":41}},"89":{"start":{"line":188,"column":52},"end":{"line":188,"column":54}},"90":{"start":{"line":189,"column":55},"end":{"line":189,"column":57}},"91":{"start":{"line":191,"column":12},"end":{"line":200,"column":15}},"92":{"start":{"line":192,"column":37},"end":{"line":192,"column":53}},"93":{"start":{"line":193,"column":16},"end":{"line":199,"column":19}},"94":{"start":{"line":194,"column":35},"end":{"line":194,"column":67}},"95":{"start":{"line":195,"column":20},"end":{"line":198,"column":21}},"96":{"start":{"line":196,"column":24},"end":{"line":196,"column":67}},"97":{"start":{"line":197,"column":24},"end":{"line":197,"column":67}},"98":{"start":{"line":202,"column":12},"end":{"line":206,"column":13}},"99":{"start":{"line":203,"column":16},"end":{"line":203,"column":null}},"100":{"start":{"line":205,"column":16},"end":{"line":205,"column":94}},"101":{"start":{"line":205,"column":65},"end":{"line":205,"column":92}},"102":{"start":{"line":209,"column":12},"end":{"line":212,"column":15}},"103":{"start":{"line":9,"column":0},"end":{"line":9,"column":13}}},"fnMap":{"0":{"name":"(anonymous_7)","decl":{"start":{"line":13,"column":4},"end":{"line":13,"column":null}},"loc":{"start":{"line":13,"column":4},"end":{"line":15,"column":5}}},"1":{"name":"(anonymous_8)","decl":{"start":{"line":17,"column":17},"end":{"line":17,"column":26}},"loc":{"start":{"line":17,"column":76},"end":{"line":32,"column":null}}},"2":{"name":"(anonymous_10)","decl":{"start":{"line":21,"column":14},"end":{"line":21,"column":15}},"loc":{"start":{"line":21,"column":27},"end":{"line":28,"column":9}}},"3":{"name":"(anonymous_11)","decl":{"start":{"line":29,"column":15},"end":{"line":29,"column":16}},"loc":{"start":{"line":29,"column":25},"end":{"line":31,"column":9}}},"4":{"name":"(anonymous_12)","decl":{"start":{"line":34,"column":17},"end":{"line":34,"column":27}},"loc":{"start":{"line":34,"column":44},"end":{"line":56,"column":null}}},"5":{"name":"(anonymous_14)","decl":{"start":{"line":39,"column":46},"end":{"line":39,"column":53}},"loc":{"start":{"line":39,"column":75},"end":{"line":53,"column":10}}},"6":{"name":"(anonymous_15)","decl":{"start":{"line":39,"column":75},"end":{"line":39,"column":null}},"loc":{"start":{"line":39,"column":75},"end":{"line":53,"column":9}}},"7":{"name":"(anonymous_16)","decl":{"start":{"line":44,"column":47},"end":{"line":44,"column":48}},"loc":{"start":{"line":44,"column":67},"end":{"line":50,"column":13}}},"8":{"name":"(anonymous_17)","decl":{"start":{"line":50,"column":21},"end":{"line":50,"column":22}},"loc":{"start":{"line":50,"column":31},"end":{"line":52,"column":13}}},"9":{"name":"(anonymous_18)","decl":{"start":{"line":53,"column":17},"end":{"line":53,"column":18}},"loc":{"start":{"line":53,"column":27},"end":{"line":55,"column":9}}},"10":{"name":"(anonymous_19)","decl":{"start":{"line":58,"column":17},"end":{"line":58,"column":29}},"loc":{"start":{"line":58,"column":82},"end":{"line":64,"column":null}}},"11":{"name":"(anonymous_21)","decl":{"start":{"line":61,"column":40},"end":{"line":61,"column":41}},"loc":{"start":{"line":61,"column":50},"end":{"line":63,"column":9}}},"12":{"name":"(anonymous_22)","decl":{"start":{"line":66,"column":17},"end":{"line":66,"column":34}},"loc":{"start":{"line":66,"column":46},"end":{"line":77,"column":null}}},"13":{"name":"(anonymous_24)","decl":{"start":{"line":68,"column":15},"end":{"line":68,"column":16}},"loc":{"start":{"line":68,"column":38},"end":{"line":70,"column":9}}},"14":{"name":"(anonymous_25)","decl":{"start":{"line":73,"column":14},"end":{"line":73,"column":17}},"loc":{"start":{"line":73,"column":19},"end":{"line":73,"column":46}}},"15":{"name":"(anonymous_26)","decl":{"start":{"line":74,"column":15},"end":{"line":74,"column":16}},"loc":{"start":{"line":74,"column":38},"end":{"line":76,"column":9}}},"16":{"name":"(anonymous_27)","decl":{"start":{"line":79,"column":18},"end":{"line":79,"column":31}},"loc":{"start":{"line":79,"column":63},"end":{"line":104,"column":null}}},"17":{"name":"(anonymous_29)","decl":{"start":{"line":82,"column":45},"end":{"line":82,"column":52}},"loc":{"start":{"line":82,"column":64},"end":{"line":101,"column":10}}},"18":{"name":"(anonymous_30)","decl":{"start":{"line":82,"column":64},"end":{"line":82,"column":null}},"loc":{"start":{"line":82,"column":64},"end":{"line":101,"column":9}}},"19":{"name":"(anonymous_31)","decl":{"start":{"line":88,"column":29},"end":{"line":88,"column":30}},"loc":{"start":{"line":88,"column":76},"end":{"line":96,"column":13}}},"20":{"name":"(anonymous_32)","decl":{"start":{"line":98,"column":61},"end":{"line":98,"column":62}},"loc":{"start":{"line":98,"column":71},"end":{"line":100,"column":13}}},"21":{"name":"(anonymous_33)","decl":{"start":{"line":101,"column":17},"end":{"line":101,"column":18}},"loc":{"start":{"line":101,"column":27},"end":{"line":103,"column":9}}},"22":{"name":"(anonymous_34)","decl":{"start":{"line":106,"column":17},"end":{"line":106,"column":40}},"loc":{"start":{"line":106,"column":40},"end":{"line":125,"column":null}}},"23":{"name":"(anonymous_36)","decl":{"start":{"line":109,"column":44},"end":{"line":109,"column":45}},"loc":{"start":{"line":109,"column":64},"end":{"line":122,"column":9}}},"24":{"name":"(anonymous_37)","decl":{"start":{"line":112,"column":88},"end":{"line":112,"column":91}},"loc":{"start":{"line":112,"column":94},"end":{"line":117,"column":17}}},"25":{"name":"(anonymous_38)","decl":{"start":{"line":122,"column":17},"end":{"line":122,"column":18}},"loc":{"start":{"line":122,"column":27},"end":{"line":124,"column":9}}},"26":{"name":"(anonymous_39)","decl":{"start":{"line":127,"column":17},"end":{"line":127,"column":39}},"loc":{"start":{"line":127,"column":68},"end":{"line":142,"column":null}}},"27":{"name":"(anonymous_41)","decl":{"start":{"line":131,"column":14},"end":{"line":131,"column":15}},"loc":{"start":{"line":131,"column":27},"end":{"line":138,"column":9}}},"28":{"name":"(anonymous_42)","decl":{"start":{"line":139,"column":15},"end":{"line":139,"column":16}},"loc":{"start":{"line":139,"column":25},"end":{"line":141,"column":9}}},"29":{"name":"(anonymous_43)","decl":{"start":{"line":144,"column":17},"end":{"line":144,"column":36}},"loc":{"start":{"line":144,"column":73},"end":{"line":175,"column":null}}},"30":{"name":"(anonymous_45)","decl":{"start":{"line":148,"column":18},"end":{"line":148,"column":25}},"loc":{"start":{"line":148,"column":37},"end":{"line":171,"column":14}}},"31":{"name":"(anonymous_46)","decl":{"start":{"line":148,"column":37},"end":{"line":148,"column":null}},"loc":{"start":{"line":148,"column":37},"end":{"line":171,"column":13}}},"32":{"name":"(anonymous_47)","decl":{"start":{"line":161,"column":26},"end":{"line":161,"column":35}},"loc":{"start":{"line":161,"column":37},"end":{"line":164,"column":22}}},"33":{"name":"(anonymous_48)","decl":{"start":{"line":161,"column":37},"end":{"line":161,"column":null}},"loc":{"start":{"line":161,"column":37},"end":{"line":164,"column":21}}},"34":{"name":"(anonymous_49)","decl":{"start":{"line":163,"column":34},"end":{"line":163,"column":37}},"loc":{"start":{"line":163,"column":39},"end":{"line":163,"column":77}}},"35":{"name":"(anonymous_50)","decl":{"start":{"line":165,"column":27},"end":{"line":165,"column":28}},"loc":{"start":{"line":165,"column":50},"end":{"line":167,"column":21}}},"36":{"name":"(anonymous_51)","decl":{"start":{"line":172,"column":19},"end":{"line":172,"column":20}},"loc":{"start":{"line":172,"column":29},"end":{"line":174,"column":13}}},"37":{"name":"(anonymous_52)","decl":{"start":{"line":177,"column":18},"end":{"line":177,"column":29}},"loc":{"start":{"line":177,"column":86},"end":{"line":214,"column":null}}},"38":{"name":"(anonymous_54)","decl":{"start":{"line":182,"column":14},"end":{"line":182,"column":21}},"loc":{"start":{"line":182,"column":33},"end":{"line":207,"column":10}}},"39":{"name":"(anonymous_55)","decl":{"start":{"line":182,"column":33},"end":{"line":182,"column":null}},"loc":{"start":{"line":182,"column":33},"end":{"line":207,"column":9}}},"40":{"name":"(anonymous_56)","decl":{"start":{"line":191,"column":41},"end":{"line":191,"column":42}},"loc":{"start":{"line":191,"column":53},"end":{"line":200,"column":13}}},"41":{"name":"(anonymous_57)","decl":{"start":{"line":193,"column":50},"end":{"line":193,"column":51}},"loc":{"start":{"line":193,"column":63},"end":{"line":199,"column":17}}},"42":{"name":"(anonymous_58)","decl":{"start":{"line":205,"column":59},"end":{"line":205,"column":62}},"loc":{"start":{"line":205,"column":65},"end":{"line":205,"column":92}}},"43":{"name":"(anonymous_59)","decl":{"start":{"line":208,"column":15},"end":{"line":208,"column":16}},"loc":{"start":{"line":208,"column":25},"end":{"line":213,"column":9}}}},"branchMap":{"0":{"loc":{"start":{"line":18,"column":44},"end":{"line":18,"column":104}},"type":"cond-expr","locations":[{"start":{"line":18,"column":53},"end":{"line":18,"column":80}},{"start":{"line":18,"column":83},"end":{"line":18,"column":104}}]},"1":{"loc":{"start":{"line":23,"column":12},"end":{"line":27,"column":13}},"type":"if","locations":[{"start":{"line":23,"column":12},"end":{"line":27,"column":13}},{"start":{"line":25,"column":19},"end":{"line":27,"column":13}}]},"2":{"loc":{"start":{"line":40,"column":12},"end":{"line":43,"column":13}},"type":"if","locations":[{"start":{"line":40,"column":12},"end":{"line":43,"column":13}}]},"3":{"loc":{"start":{"line":45,"column":16},"end":{"line":48,"column":17}},"type":"if","locations":[{"start":{"line":45,"column":16},"end":{"line":48,"column":17}}]},"4":{"loc":{"start":{"line":59,"column":26},"end":{"line":59,"column":62}},"type":"cond-expr","locations":[{"start":{"line":59,"column":35},"end":{"line":59,"column":50}},{"start":{"line":59,"column":53},"end":{"line":59,"column":62}}]},"5":{"loc":{"start":{"line":83,"column":12},"end":{"line":85,"column":13}},"type":"if","locations":[{"start":{"line":83,"column":12},"end":{"line":85,"column":13}}]},"6":{"loc":{"start":{"line":92,"column":20},"end":{"line":94,"column":21}},"type":"if","locations":[{"start":{"line":92,"column":20},"end":{"line":94,"column":21}}]},"7":{"loc":{"start":{"line":110,"column":12},"end":{"line":121,"column":13}},"type":"if","locations":[{"start":{"line":110,"column":12},"end":{"line":121,"column":13}},{"start":{"line":119,"column":19},"end":{"line":121,"column":13}}]},"8":{"loc":{"start":{"line":133,"column":12},"end":{"line":137,"column":13}},"type":"if","locations":[{"start":{"line":133,"column":12},"end":{"line":137,"column":13}},{"start":{"line":135,"column":19},"end":{"line":137,"column":13}}]},"9":{"loc":{"start":{"line":150,"column":16},"end":{"line":152,"column":17}},"type":"if","locations":[{"start":{"line":150,"column":16},"end":{"line":152,"column":17}}]},"10":{"loc":{"start":{"line":156,"column":16},"end":{"line":170,"column":17}},"type":"if","locations":[{"start":{"line":156,"column":16},"end":{"line":170,"column":17}},{"start":{"line":168,"column":23},"end":{"line":170,"column":17}}]},"11":{"loc":{"start":{"line":157,"column":39},"end":{"line":157,"column":95}},"type":"cond-expr","locations":[{"start":{"line":157,"column":66},"end":{"line":157,"column":76}},{"start":{"line":157,"column":79},"end":{"line":157,"column":95}}]},"12":{"loc":{"start":{"line":158,"column":44},"end":{"line":158,"column":100}},"type":"cond-expr","locations":[{"start":{"line":158,"column":71},"end":{"line":158,"column":87}},{"start":{"line":158,"column":90},"end":{"line":158,"column":100}}]},"13":{"loc":{"start":{"line":184,"column":12},"end":{"line":186,"column":13}},"type":"if","locations":[{"start":{"line":184,"column":12},"end":{"line":186,"column":13}}]},"14":{"loc":{"start":{"line":195,"column":20},"end":{"line":198,"column":21}},"type":"if","locations":[{"start":{"line":195,"column":20},"end":{"line":198,"column":21}}]},"15":{"loc":{"start":{"line":202,"column":12},"end":{"line":206,"column":13}},"type":"if","locations":[{"start":{"line":202,"column":12},"end":{"line":206,"column":13}},{"start":{"line":204,"column":19},"end":{"line":206,"column":13}}]}},"s":{"0":3,"1":3,"2":9,"3":0,"4":0,"5":0,"6":0,"7":0,"8":0,"9":0,"10":0,"11":0,"12":0,"13":0,"14":0,"15":0,"16":0,"17":0,"18":0,"19":0,"20":0,"21":0,"22":0,"23":0,"24":0,"25":0,"26":0,"27":0,"28":0,"29":0,"30":0,"31":0,"32":0,"33":0,"34":0,"35":0,"36":0,"37":0,"38":0,"39":0,"40":0,"41":0,"42":0,"43":0,"44":0,"45":0,"46":0,"47":0,"48":0,"49":0,"50":0,"51":0,"52":0,"53":0,"54":0,"55":0,"56":0,"57":0,"58":0,"59":0,"60":0,"61":0,"62":0,"63":0,"64":0,"65":0,"66":0,"67":0,"68":0,"69":0,"70":0,"71":0,"72":0,"73":0,"74":0,"75":0,"76":0,"77":0,"78":0,"79":0,"80":0,"81":0,"82":0,"83":0,"84":0,"85":0,"86":0,"87":0,"88":0,"89":0,"90":0,"91":0,"92":0,"93":0,"94":0,"95":0,"96":0,"97":0,"98":0,"99":0,"100":0,"101":0,"102":0,"103":3},"f":{"0":9,"1":0,"2":0,"3":0,"4":0,"5":0,"6":0,"7":0,"8":0,"9":0,"10":0,"11":0,"12":0,"13":0,"14":0,"15":0,"16":0,"17":0,"18":0,"19":0,"20":0,"21":0,"22":0,"23":0,"24":0,"25":0,"26":0,"27":0,"28":0,"29":0,"30":0,"31":0,"32":0,"33":0,"34":0,"35":0,"36":0,"37":0,"38":0,"39":0,"40":0,"41":0,"42":0,"43":0},"b":{"0":[0,0],"1":[0,0],"2":[0],"3":[0],"4":[0,0],"5":[0],"6":[0],"7":[0,0],"8":[0,0],"9":[0],"10":[0,0],"11":[0,0],"12":[0,0],"13":[0],"14":[0],"15":[0,0]}}
,"C:\\Users\\leoso\\Documentos\\Máster\\TFM\\Backend\\src\\services\\FirebaseStr.ts": {"path":"C:\\Users\\leoso\\Documentos\\Máster\\TFM\\Backend\\src\\services\\FirebaseStr.ts","statementMap":{"0":{"start":{"line":1,"column":0},"end":{"line":1,"column":42}},"1":{"start":{"line":2,"column":0},"end":{"line":2,"column":25}},"2":{"start":{"line":3,"column":0},"end":{"line":3,"column":82}},"3":{"start":{"line":4,"column":0},"end":{"line":4,"column":52}},"4":{"start":{"line":6,"column":13},"end":{"line":6,"column":null}},"5":{"start":{"line":13,"column":8},"end":{"line":13,"column":null}},"6":{"start":{"line":17,"column":8},"end":{"line":35,"column":null}},"7":{"start":{"line":18,"column":12},"end":{"line":34,"column":13}},"8":{"start":{"line":19,"column":16},"end":{"line":19,"column":null}},"9":{"start":{"line":21,"column":16},"end":{"line":33,"column":null}},"10":{"start":{"line":22,"column":53},"end":{"line":31,"column":18}},"11":{"start":{"line":23,"column":36},"end":{"line":23,"column":82}},"12":{"start":{"line":24,"column":35},"end":{"line":24,"column":104}},"13":{"start":{"line":26,"column":20},"end":{"line":28,"column":null}},"14":{"start":{"line":27,"column":24},"end":{"line":27,"column":85}},"15":{"start":{"line":29,"column":20},"end":{"line":29,"column":null}},"16":{"start":{"line":29,"column":47},"end":{"line":29,"column":106}},"17":{"start":{"line":30,"column":20},"end":{"line":30,"column":null}},"18":{"start":{"line":32,"column":20},"end":{"line":32,"column":84}},"19":{"start":{"line":39,"column":27},"end":{"line":39,"column":48}},"20":{"start":{"line":40,"column":8},"end":{"line":41,"column":null}},"21":{"start":{"line":45,"column":8},"end":{"line":47,"column":null}},"22":{"start":{"line":51,"column":8},"end":{"line":63,"column":null}},"23":{"start":{"line":52,"column":12},"end":{"line":62,"column":null}},"24":{"start":{"line":55,"column":25},"end":{"line":55,"column":42}},"25":{"start":{"line":57,"column":16},"end":{"line":61,"column":17}},"26":{"start":{"line":58,"column":20},"end":{"line":58,"column":null}},"27":{"start":{"line":60,"column":20},"end":{"line":60,"column":86}},"28":{"start":{"line":8,"column":0},"end":{"line":8,"column":13}}},"fnMap":{"0":{"name":"(anonymous_8)","decl":{"start":{"line":12,"column":4},"end":{"line":12,"column":null}},"loc":{"start":{"line":12,"column":4},"end":{"line":14,"column":5}}},"1":{"name":"(anonymous_9)","decl":{"start":{"line":16,"column":17},"end":{"line":16,"column":28}},"loc":{"start":{"line":16,"column":85},"end":{"line":36,"column":null}}},"2":{"name":"(anonymous_11)","decl":{"start":{"line":17,"column":35},"end":{"line":17,"column":36}},"loc":{"start":{"line":17,"column":55},"end":{"line":35,"column":9}}},"3":{"name":"(anonymous_12)","decl":{"start":{"line":22,"column":22},"end":{"line":22,"column":29}},"loc":{"start":{"line":22,"column":53},"end":{"line":31,"column":18}}},"4":{"name":"(anonymous_13)","decl":{"start":{"line":22,"column":53},"end":{"line":22,"column":null}},"loc":{"start":{"line":22,"column":53},"end":{"line":31,"column":17}}},"5":{"name":"(anonymous_14)","decl":{"start":{"line":26,"column":39},"end":{"line":26,"column":40}},"loc":{"start":{"line":26,"column":49},"end":{"line":28,"column":21}}},"6":{"name":"(anonymous_15)","decl":{"start":{"line":29,"column":40},"end":{"line":29,"column":43}},"loc":{"start":{"line":29,"column":45},"end":{"line":29,"column":106}}},"7":{"name":"(anonymous_16)","decl":{"start":{"line":31,"column":25},"end":{"line":31,"column":26}},"loc":{"start":{"line":31,"column":35},"end":{"line":33,"column":17}}},"8":{"name":"(anonymous_17)","decl":{"start":{"line":38,"column":12},"end":{"line":38,"column":23}},"loc":{"start":{"line":38,"column":52},"end":{"line":42,"column":5}}},"9":{"name":"(anonymous_18)","decl":{"start":{"line":44,"column":11},"end":{"line":44,"column":24}},"loc":{"start":{"line":44,"column":36},"end":{"line":48,"column":5}}},"10":{"name":"(anonymous_19)","decl":{"start":{"line":50,"column":11},"end":{"line":50,"column":27}},"loc":{"start":{"line":50,"column":39},"end":{"line":64,"column":5}}},"11":{"name":"(anonymous_20)","decl":{"start":{"line":51,"column":33},"end":{"line":51,"column":34}},"loc":{"start":{"line":51,"column":53},"end":{"line":63,"column":9}}},"12":{"name":"(anonymous_21)","decl":{"start":{"line":55,"column":18},"end":{"line":55,"column":21}},"loc":{"start":{"line":55,"column":23},"end":{"line":55,"column":42}}},"13":{"name":"(anonymous_22)","decl":{"start":{"line":56,"column":19},"end":{"line":56,"column":20}},"loc":{"start":{"line":56,"column":34},"end":{"line":62,"column":13}}}},"branchMap":{"0":{"loc":{"start":{"line":18,"column":12},"end":{"line":34,"column":13}},"type":"if","locations":[{"start":{"line":18,"column":12},"end":{"line":34,"column":13}},{"start":{"line":20,"column":19},"end":{"line":34,"column":13}}]},"1":{"loc":{"start":{"line":57,"column":16},"end":{"line":61,"column":17}},"type":"if","locations":[{"start":{"line":57,"column":16},"end":{"line":61,"column":17}},{"start":{"line":59,"column":23},"end":{"line":61,"column":17}}]}},"s":{"0":3,"1":3,"2":3,"3":3,"4":3,"5":3,"6":0,"7":0,"8":0,"9":0,"10":0,"11":0,"12":0,"13":0,"14":0,"15":0,"16":0,"17":0,"18":0,"19":0,"20":0,"21":0,"22":0,"23":0,"24":0,"25":0,"26":0,"27":0,"28":3},"f":{"0":3,"1":0,"2":0,"3":0,"4":0,"5":0,"6":0,"7":0,"8":0,"9":0,"10":0,"11":0,"12":0,"13":0},"b":{"0":[0,0],"1":[0,0]}}
}
