TN:
SF:src\app.ts
FNF:0
FNH:0
DA:1,5
DA:2,5
DA:3,5
DA:4,5
DA:5,5
DA:7,5
DA:12,5
DA:13,5
DA:14,5
DA:15,5
DA:16,5
DA:17,5
DA:18,5
DA:19,5
DA:21,5
DA:23,5
DA:25,5
DA:26,5
DA:27,5
DA:29,5
DA:30,5
DA:31,5
DA:32,5
DA:33,5
DA:35,5
LF:25
LH:25
BRF:0
BRH:0
end_of_record
TN:
SF:src\consts.ts
FNF:0
FNH:0
DA:1,5
DA:3,5
DA:5,5
DA:6,5
DA:7,5
DA:8,5
DA:9,5
DA:11,5
DA:12,5
DA:13,5
DA:15,5
DA:19,5
DA:24,5
DA:25,5
DA:27,5
DA:33,5
LF:16
LH:16
BRDA:5,0,0,5
BRDA:5,0,1,0
BRDA:6,1,0,5
BRDA:6,1,1,0
BRDA:7,2,0,5
BRDA:7,2,1,0
BRDA:11,3,0,5
BRDA:11,3,1,0
BRDA:12,4,0,5
BRDA:12,4,1,0
BRDA:13,5,0,5
BRDA:13,5,1,0
BRDA:20,6,0,5
BRDA:20,6,1,0
BRDA:21,7,0,5
BRDA:21,7,1,0
BRDA:24,8,0,5
BRDA:24,8,1,0
BRDA:25,9,0,5
BRDA:25,9,1,0
BRDA:28,10,0,5
BRDA:28,10,1,0
BRDA:29,11,0,5
BRDA:29,11,1,0
BRDA:30,12,0,5
BRDA:30,12,1,0
BRDA:33,13,0,5
BRDA:33,13,1,0
BRF:28
BRH:14
end_of_record
TN:
SF:src\controllers\actorController.ts
FN:9,(anonymous_1)
FN:19,(anonymous_2)
FN:22,(anonymous_3)
FN:30,(anonymous_4)
FN:35,(anonymous_5)
FN:44,(anonymous_6)
FN:58,(anonymous_7)
FN:63,(anonymous_8)
FN:73,(anonymous_9)
FN:75,(anonymous_10)
FN:82,(anonymous_11)
FNF:11
FNH:11
FNDA:4,(anonymous_1)
FNDA:2,(anonymous_2)
FNDA:4,(anonymous_3)
FNDA:1,(anonymous_4)
FNDA:4,(anonymous_5)
FNDA:2,(anonymous_6)
FNDA:1,(anonymous_7)
FNDA:4,(anonymous_8)
FNDA:2,(anonymous_9)
FNDA:4,(anonymous_10)
FNDA:1,(anonymous_11)
DA:1,5
DA:3,5
DA:5,5
DA:7,5
DA:9,5
DA:10,4
DA:11,1
DA:14,3
DA:15,3
DA:17,3
DA:20,2
DA:22,4
DA:29,2
DA:31,1
DA:35,5
DA:36,4
DA:37,1
DA:39,3
DA:40,3
DA:42,3
DA:45,2
DA:46,2
DA:57,2
DA:59,1
DA:63,5
DA:64,4
DA:65,1
DA:68,3
DA:69,3
DA:71,3
DA:74,2
DA:75,4
DA:81,2
DA:83,1
LF:34
LH:34
BRDA:10,0,0,1
BRDA:26,1,0,4
BRDA:26,1,1,0
BRDA:36,2,0,1
BRDA:55,3,0,2
BRDA:55,3,1,0
BRDA:64,4,0,1
BRDA:76,5,0,4
BRDA:76,5,1,0
BRF:9
BRH:6
end_of_record
TN:
SF:src\controllers\movieController.ts
FN:9,(anonymous_1)
FN:19,(anonymous_2)
FN:20,(anonymous_3)
FN:26,(anonymous_4)
FN:31,(anonymous_5)
FN:41,(anonymous_6)
FN:44,(anonymous_7)
FN:49,(anonymous_8)
FN:52,(anonymous_9)
FN:53,(anonymous_10)
FN:60,(anonymous_11)
FN:65,(anonymous_12)
FN:70,(anonymous_13)
FN:71,(anonymous_14)
FN:77,(anonymous_15)
FNF:15
FNH:15
FNDA:4,(anonymous_1)
FNDA:2,(anonymous_2)
FNDA:4,(anonymous_3)
FNDA:1,(anonymous_4)
FNDA:4,(anonymous_5)
FNDA:2,(anonymous_6)
FNDA:1,(anonymous_7)
FNDA:3,(anonymous_8)
FNDA:2,(anonymous_9)
FNDA:4,(anonymous_10)
FNDA:1,(anonymous_11)
FNDA:3,(anonymous_12)
FNDA:2,(anonymous_13)
FNDA:4,(anonymous_14)
FNDA:1,(anonymous_15)
DA:1,5
DA:3,5
DA:6,5
DA:9,5
DA:10,4
DA:11,1
DA:14,3
DA:18,3
DA:20,4
DA:25,2
DA:27,1
DA:31,5
DA:32,4
DA:33,1
DA:36,3
DA:37,3
DA:39,3
DA:42,2
DA:43,2
DA:45,1
DA:49,5
DA:50,3
DA:51,3
DA:53,4
DA:59,2
DA:61,1
DA:65,5
DA:66,3
DA:68,3
DA:71,4
DA:76,2
DA:78,1
LF:32
LH:32
BRDA:10,0,0,1
BRDA:16,1,0,0
BRDA:16,1,1,3
BRDA:21,2,0,4
BRDA:21,2,1,0
BRDA:32,3,0,1
BRDA:54,4,0,4
BRDA:54,4,1,0
BRDA:72,5,0,4
BRDA:72,5,1,0
BRF:10
BRH:6
end_of_record
TN:
SF:src\controllers\reviewController.ts
FN:7,(anonymous_0)
FN:15,(anonymous_1)
FN:24,(anonymous_2)
FN:26,(anonymous_3)
FN:29,(anonymous_4)
FN:37,(anonymous_5)
FN:43,(anonymous_6)
FN:45,(anonymous_7)
FN:50,(anonymous_8)
FN:61,(anonymous_9)
FN:63,(anonymous_10)
FN:65,(anonymous_11)
FN:68,(anonymous_12)
FNF:13
FNH:13
FNDA:5,(anonymous_0)
FNDA:2,(anonymous_1)
FNDA:1,(anonymous_2)
FNDA:1,(anonymous_3)
FNDA:1,(anonymous_4)
FNDA:3,(anonymous_5)
FNDA:1,(anonymous_6)
FNDA:1,(anonymous_7)
FNDA:5,(anonymous_8)
FNDA:2,(anonymous_9)
FNDA:1,(anonymous_10)
FNDA:1,(anonymous_11)
FNDA:1,(anonymous_12)
DA:4,5
DA:5,5
DA:7,5
DA:8,5
DA:9,1
DA:11,4
DA:13,4
DA:14,3
DA:16,2
DA:17,2
DA:23,2
DA:25,1
DA:27,1
DA:30,1
DA:33,1
DA:37,5
DA:38,3
DA:39,1
DA:41,2
DA:42,2
DA:44,1
DA:46,1
DA:50,5
DA:51,5
DA:52,1
DA:54,4
DA:55,4
DA:57,4
DA:59,4
DA:60,3
DA:62,2
DA:64,1
DA:66,1
DA:69,1
DA:72,1
LF:35
LH:35
BRDA:8,0,0,1
BRDA:11,1,0,1
BRDA:11,1,1,3
BRDA:11,2,0,4
BRDA:11,2,1,4
BRDA:13,3,0,3
BRDA:13,3,1,1
BRDA:23,4,0,2
BRDA:23,4,1,0
BRDA:23,5,0,2
BRDA:23,5,1,2
BRDA:38,6,0,1
BRDA:51,7,0,1
BRDA:51,8,0,5
BRDA:51,8,1,4
BRDA:57,9,0,1
BRDA:57,9,1,3
BRDA:57,10,0,4
BRDA:57,10,1,4
BRDA:59,11,0,3
BRDA:59,11,1,1
BRDA:62,12,0,2
BRDA:62,12,1,0
BRDA:62,13,0,2
BRDA:62,13,1,2
BRF:25
BRH:23
end_of_record
TN:
SF:src\controllers\userController.ts
FN:7,(anonymous_0)
FN:19,(anonymous_1)
FN:21,(anonymous_2)
FN:24,(anonymous_3)
FN:26,(anonymous_4)
FN:31,(anonymous_5)
FN:35,(anonymous_6)
FN:40,(anonymous_7)
FN:48,(anonymous_8)
FN:56,(anonymous_9)
FN:59,(anonymous_10)
FN:60,(anonymous_11)
FN:61,(anonymous_12)
FN:66,(anonymous_13)
FN:67,(anonymous_14)
FN:69,(anonymous_15)
FN:77,(anonymous_16)
FN:82,(anonymous_17)
FN:88,(anonymous_18)
FN:91,(anonymous_19)
FN:95,(anonymous_20)
FNF:21
FNH:21
FNDA:5,(anonymous_0)
FNDA:3,(anonymous_1)
FNDA:2,(anonymous_2)
FNDA:1,(anonymous_3)
FNDA:1,(anonymous_4)
FNDA:1,(anonymous_5)
FNDA:1,(anonymous_6)
FNDA:8,(anonymous_7)
FNDA:5,(anonymous_8)
FNDA:2,(anonymous_9)
FNDA:1,(anonymous_10)
FNDA:1,(anonymous_11)
FNDA:1,(anonymous_12)
FNDA:1,(anonymous_13)
FNDA:1,(anonymous_14)
FNDA:1,(anonymous_15)
FNDA:6,(anonymous_16)
FNDA:4,(anonymous_17)
FNDA:1,(anonymous_18)
FNDA:3,(anonymous_19)
FNDA:1,(anonymous_20)
DA:2,5
DA:4,5
DA:5,5
DA:7,5
DA:8,5
DA:9,1
DA:12,4
DA:18,4
DA:20,3
DA:22,2
DA:23,2
DA:25,1
DA:27,1
DA:28,1
DA:29,1
DA:32,1
DA:33,1
DA:36,1
DA:40,5
DA:41,8
DA:42,1
DA:45,7
DA:46,7
DA:47,6
DA:49,5
DA:54,5
DA:55,3
DA:57,2
DA:58,2
DA:59,1
DA:60,1
DA:62,1
DA:65,2
DA:66,1
DA:67,1
DA:70,1
DA:73,1
DA:77,5
DA:78,6
DA:80,6
DA:81,5
DA:83,4
DA:89,1
DA:92,3
DA:96,1
DA:99,1
LF:46
LH:46
BRDA:8,0,0,1
BRDA:8,1,0,5
BRDA:8,1,1,5
BRDA:8,1,2,5
BRDA:8,1,3,4
BRDA:14,2,0,4
BRDA:14,2,1,0
BRDA:14,3,0,4
BRDA:14,3,1,4
BRDA:41,4,0,1
BRDA:41,5,0,8
BRDA:41,5,1,8
BRDA:41,5,2,8
BRDA:41,5,3,7
BRDA:45,6,0,1
BRDA:45,6,1,6
BRDA:45,7,0,7
BRDA:45,7,1,7
BRDA:46,8,0,6
BRDA:46,8,1,1
BRDA:51,9,0,5
BRDA:51,9,1,0
BRDA:51,10,0,5
BRDA:51,10,1,5
BRDA:54,11,0,3
BRDA:54,11,1,2
BRDA:78,12,0,1
BRDA:78,12,1,5
BRDA:78,13,0,6
BRDA:78,13,1,6
BRDA:80,14,0,5
BRDA:80,14,1,1
BRF:32
BRH:30
end_of_record
TN:
SF:src\controllers\verificationController.ts
FN:7,(anonymous_0)
FN:15,(anonymous_1)
FN:27,(anonymous_2)
FN:29,(anonymous_3)
FN:32,(anonymous_4)
FN:40,(anonymous_5)
FN:45,(anonymous_6)
FN:49,(anonymous_7)
FN:51,(anonymous_8)
FN:55,(anonymous_9)
FN:63,(anonymous_10)
FN:68,(anonymous_11)
FN:78,(anonymous_12)
FN:80,(anonymous_13)
FN:82,(anonymous_14)
FN:85,(anonymous_15)
FN:89,(anonymous_16)
FNF:17
FNH:17
FNDA:5,(anonymous_0)
FNDA:2,(anonymous_1)
FNDA:1,(anonymous_2)
FNDA:1,(anonymous_3)
FNDA:1,(anonymous_4)
FNDA:5,(anonymous_5)
FNDA:3,(anonymous_6)
FNDA:1,(anonymous_7)
FNDA:1,(anonymous_8)
FNDA:1,(anonymous_9)
FNDA:7,(anonymous_10)
FNDA:5,(anonymous_11)
FNDA:2,(anonymous_12)
FNDA:1,(anonymous_13)
FNDA:1,(anonymous_14)
FNDA:1,(anonymous_15)
FNDA:1,(anonymous_16)
DA:2,5
DA:4,5
DA:5,5
DA:7,5
DA:8,5
DA:9,1
DA:11,4
DA:13,4
DA:14,3
DA:16,2
DA:26,2
DA:28,1
DA:30,1
DA:33,1
DA:36,1
DA:40,5
DA:41,5
DA:43,5
DA:44,4
DA:46,3
DA:47,1
DA:49,2
DA:50,1
DA:52,1
DA:56,1
DA:59,1
DA:63,5
DA:64,7
DA:66,7
DA:67,6
DA:69,5
DA:70,1
DA:72,4
DA:73,4
DA:74,4
DA:75,1
DA:77,3
DA:79,2
DA:80,2
DA:81,1
DA:83,1
DA:86,1
DA:90,1
DA:93,1
LF:44
LH:44
BRDA:8,0,0,1
BRDA:11,1,0,1
BRDA:11,1,1,3
BRDA:11,2,0,4
BRDA:11,2,1,4
BRDA:13,3,0,3
BRDA:13,3,1,1
BRDA:20,4,0,2
BRDA:20,4,1,0
BRDA:20,5,0,2
BRDA:20,5,1,2
BRDA:21,6,0,2
BRDA:21,6,1,2
BRDA:22,7,0,2
BRDA:22,7,1,0
BRDA:41,8,0,1
BRDA:41,8,1,4
BRDA:41,9,0,5
BRDA:41,9,1,5
BRDA:43,10,0,4
BRDA:43,10,1,1
BRDA:46,11,0,1
BRDA:46,11,1,2
BRDA:64,12,0,1
BRDA:64,12,1,6
BRDA:64,13,0,7
BRDA:64,13,1,7
BRDA:66,14,0,6
BRDA:66,14,1,1
BRDA:69,15,0,1
BRDA:69,15,1,4
BRDA:74,16,0,1
BRDA:74,17,0,4
BRDA:74,17,1,3
BRF:34
BRH:32
end_of_record
TN:
SF:src\models\customError.ts
FN:4,(anonymous_0)
FNF:1
FNH:1
FNDA:34,(anonymous_0)
DA:1,6
DA:5,34
DA:6,34
DA:7,34
DA:9,34
DA:10,34
LF:6
LH:6
BRDA:9,0,0,34
BRF:1
BRH:1
end_of_record
TN:
SF:src\models\actor\actorProfile.ts
FN:13,(anonymous_0)
FNF:1
FNH:1
FNDA:7,(anonymous_0)
DA:13,6
DA:14,7
DA:15,3
DA:16,1
DA:17,1
DA:18,1
DA:19,1
LF:7
LH:7
BRDA:14,0,0,3
BRDA:14,0,1,1
BRDA:14,0,2,1
BRDA:14,0,3,1
BRDA:14,0,4,1
BRF:5
BRH:5
end_of_record
TN:
SF:src\models\user\userFirebaseAuth.ts
FN:9,(anonymous_0)
FNF:1
FNH:1
FNDA:6,(anonymous_0)
DA:9,3
DA:10,6
DA:11,6
LF:3
LH:3
BRF:0
BRH:0
end_of_record
TN:
SF:src\routes\actors.ts
FNF:0
FNH:0
DA:1,5
DA:2,5
DA:4,5
DA:33,5
DA:93,5
DA:129,5
DA:131,5
LF:7
LH:7
BRF:0
BRH:0
end_of_record
TN:
SF:src\routes\movies.ts
FNF:0
FNH:0
DA:1,5
DA:2,5
DA:4,5
DA:31,5
DA:54,5
DA:87,5
DA:117,5
DA:119,5
LF:8
LH:8
BRF:0
BRH:0
end_of_record
TN:
SF:src\routes\reviews.ts
FNF:0
FNH:0
DA:1,5
DA:2,5
DA:4,5
DA:43,5
DA:68,5
DA:101,5
DA:103,5
LF:7
LH:7
BRF:0
BRH:0
end_of_record
TN:
SF:src\routes\users.ts
FNF:0
FNH:0
DA:1,5
DA:2,5
DA:3,5
DA:5,5
DA:6,5
DA:41,5
DA:70,5
DA:90,5
DA:92,5
LF:9
LH:9
BRF:0
BRH:0
end_of_record
TN:
SF:src\routes\verification.ts
FNF:0
FNH:0
DA:1,5
DA:2,5
DA:4,5
DA:44,5
DA:86,5
DA:138,5
DA:140,5
LF:7
LH:7
BRF:0
BRH:0
end_of_record
TN:
SF:src\services\FirebaseAuth.ts
FN:8,(anonymous_7)
FN:13,(anonymous_9)
FN:18,(anonymous_10)
FN:20,(anonymous_12)
FN:25,(anonymous_13)
FN:27,(anonymous_15)
FN:32,(anonymous_16)
FN:34,(anonymous_18)
FN:37,(anonymous_19)
FN:42,(anonymous_20)
FN:44,(anonymous_22)
FNF:11
FNH:0
FNDA:0,(anonymous_7)
FNDA:0,(anonymous_9)
FNDA:0,(anonymous_10)
FNDA:0,(anonymous_12)
FNDA:0,(anonymous_13)
FNDA:0,(anonymous_15)
FNDA:0,(anonymous_16)
FNDA:0,(anonymous_18)
FNDA:0,(anonymous_19)
FNDA:0,(anonymous_20)
FNDA:0,(anonymous_22)
DA:1,2
DA:2,2
DA:5,2
DA:7,2
DA:9,0
DA:10,0
DA:12,0
DA:14,0
DA:19,0
DA:21,0
DA:26,0
DA:28,0
DA:33,0
DA:35,0
DA:38,0
DA:43,0
DA:45,0
LF:17
LH:4
BRDA:9,0,0,0
BRF:1
BRH:0
end_of_record
TN:
SF:src\services\FirebaseRTDB.ts
FN:13,(anonymous_7)
FN:17,(anonymous_8)
FN:21,(anonymous_10)
FN:29,(anonymous_11)
FN:34,(anonymous_12)
FN:39,(anonymous_14)
FN:39,(anonymous_15)
FN:44,(anonymous_16)
FN:50,(anonymous_17)
FN:53,(anonymous_18)
FN:58,(anonymous_19)
FN:61,(anonymous_21)
FN:66,(anonymous_22)
FN:68,(anonymous_24)
FN:73,(anonymous_25)
FN:74,(anonymous_26)
FN:79,(anonymous_27)
FN:82,(anonymous_29)
FN:82,(anonymous_30)
FN:88,(anonymous_31)
FN:98,(anonymous_32)
FN:101,(anonymous_33)
FN:106,(anonymous_34)
FN:109,(anonymous_36)
FN:112,(anonymous_37)
FN:122,(anonymous_38)
FN:127,(anonymous_39)
FN:131,(anonymous_41)
FN:139,(anonymous_42)
FN:144,(anonymous_43)
FN:148,(anonymous_45)
FN:148,(anonymous_46)
FN:161,(anonymous_47)
FN:161,(anonymous_48)
FN:163,(anonymous_49)
FN:165,(anonymous_50)
FN:172,(anonymous_51)
FN:177,(anonymous_52)
FN:182,(anonymous_54)
FN:182,(anonymous_55)
FN:191,(anonymous_56)
FN:193,(anonymous_57)
FN:205,(anonymous_58)
FN:208,(anonymous_59)
FNF:44
FNH:1
FNDA:2,(anonymous_7)
FNDA:0,(anonymous_8)
FNDA:0,(anonymous_10)
FNDA:0,(anonymous_11)
FNDA:0,(anonymous_12)
FNDA:0,(anonymous_14)
FNDA:0,(anonymous_15)
FNDA:0,(anonymous_16)
FNDA:0,(anonymous_17)
FNDA:0,(anonymous_18)
FNDA:0,(anonymous_19)
FNDA:0,(anonymous_21)
FNDA:0,(anonymous_22)
FNDA:0,(anonymous_24)
FNDA:0,(anonymous_25)
FNDA:0,(anonymous_26)
FNDA:0,(anonymous_27)
FNDA:0,(anonymous_29)
FNDA:0,(anonymous_30)
FNDA:0,(anonymous_31)
FNDA:0,(anonymous_32)
FNDA:0,(anonymous_33)
FNDA:0,(anonymous_34)
FNDA:0,(anonymous_36)
FNDA:0,(anonymous_37)
FNDA:0,(anonymous_38)
FNDA:0,(anonymous_39)
FNDA:0,(anonymous_41)
FNDA:0,(anonymous_42)
FNDA:0,(anonymous_43)
FNDA:0,(anonymous_45)
FNDA:0,(anonymous_46)
FNDA:0,(anonymous_47)
FNDA:0,(anonymous_48)
FNDA:0,(anonymous_49)
FNDA:0,(anonymous_50)
FNDA:0,(anonymous_51)
FNDA:0,(anonymous_52)
FNDA:0,(anonymous_54)
FNDA:0,(anonymous_55)
FNDA:0,(anonymous_56)
FNDA:0,(anonymous_57)
FNDA:0,(anonymous_58)
FNDA:0,(anonymous_59)
DA:3,2
DA:7,2
DA:9,2
DA:14,2
DA:18,0
DA:20,0
DA:22,0
DA:23,0
DA:24,0
DA:26,0
DA:30,0
DA:35,0
DA:36,0
DA:37,0
DA:39,0
DA:40,0
DA:41,0
DA:42,0
DA:44,0
DA:45,0
DA:46,0
DA:47,0
DA:49,0
DA:51,0
DA:54,0
DA:59,0
DA:60,0
DA:61,0
DA:62,0
DA:67,0
DA:69,0
DA:72,0
DA:73,0
DA:75,0
DA:80,0
DA:82,0
DA:83,0
DA:84,0
DA:87,0
DA:88,0
DA:89,0
DA:90,0
DA:91,0
DA:92,0
DA:93,0
DA:98,0
DA:99,0
DA:102,0
DA:107,0
DA:109,0
DA:110,0
DA:111,0
DA:112,0
DA:113,0
DA:118,0
DA:120,0
DA:123,0
DA:128,0
DA:130,0
DA:132,0
DA:133,0
DA:134,0
DA:136,0
DA:140,0
DA:145,0
DA:147,0
DA:148,0
DA:149,0
DA:150,0
DA:151,0
DA:154,0
DA:156,0
DA:157,0
DA:158,0
DA:160,0
DA:161,0
DA:162,0
DA:163,0
DA:166,0
DA:169,0
DA:173,0
DA:178,0
DA:179,0
DA:181,0
DA:182,0
DA:183,0
DA:184,0
DA:185,0
DA:188,0
DA:189,0
DA:191,0
DA:192,0
DA:193,0
DA:194,0
DA:195,0
DA:196,0
DA:197,0
DA:202,0
DA:203,0
DA:205,0
DA:209,0
LF:101
LH:4
BRDA:18,0,0,0
BRDA:18,0,1,0
BRDA:23,1,0,0
BRDA:23,1,1,0
BRDA:40,2,0,0
BRDA:45,3,0,0
BRDA:59,4,0,0
BRDA:59,4,1,0
BRDA:83,5,0,0
BRDA:92,6,0,0
BRDA:110,7,0,0
BRDA:110,7,1,0
BRDA:133,8,0,0
BRDA:133,8,1,0
BRDA:150,9,0,0
BRDA:156,10,0,0
BRDA:156,10,1,0
BRDA:157,11,0,0
BRDA:157,11,1,0
BRDA:158,12,0,0
BRDA:158,12,1,0
BRDA:184,13,0,0
BRDA:195,14,0,0
BRDA:202,15,0,0
BRDA:202,15,1,0
BRF:25
BRH:0
end_of_record
TN:
SF:src\services\FirebaseStr.ts
FN:12,(anonymous_8)
FN:16,(anonymous_9)
FN:17,(anonymous_11)
FN:22,(anonymous_12)
FN:22,(anonymous_13)
FN:26,(anonymous_14)
FN:29,(anonymous_15)
FN:31,(anonymous_16)
FN:38,(anonymous_17)
FN:44,(anonymous_18)
FN:45,(anonymous_19)
FN:49,(anonymous_20)
FN:50,(anonymous_21)
FNF:13
FNH:1
FNDA:4,(anonymous_8)
FNDA:0,(anonymous_9)
FNDA:0,(anonymous_11)
FNDA:0,(anonymous_12)
FNDA:0,(anonymous_13)
FNDA:0,(anonymous_14)
FNDA:0,(anonymous_15)
FNDA:0,(anonymous_16)
FNDA:0,(anonymous_17)
FNDA:0,(anonymous_18)
FNDA:0,(anonymous_19)
FNDA:0,(anonymous_20)
FNDA:0,(anonymous_21)
DA:1,4
DA:2,4
DA:3,4
DA:4,4
DA:6,4
DA:8,4
DA:13,4
DA:17,0
DA:18,0
DA:19,0
DA:21,0
DA:22,0
DA:23,0
DA:24,0
DA:26,0
DA:27,0
DA:29,0
DA:30,0
DA:32,0
DA:39,0
DA:40,0
DA:45,0
DA:46,0
DA:49,0
DA:51,0
DA:52,0
DA:54,0
LF:27
LH:7
BRDA:18,0,0,0
BRDA:18,0,1,0
BRDA:51,1,0,0
BRDA:51,1,1,0
BRF:4
BRH:0
end_of_record
TN:
SF:tests\mockResponses\mockAuthResponses.ts
FNF:0
FNH:0
DA:1,3
DA:3,3
DA:9,3
DA:15,3
DA:23,3
DA:30,3
LF:6
LH:6
BRF:0
BRH:0
end_of_record
TN:
SF:tests\mockResponses\mockAxiosResponses.ts
FNF:0
FNH:0
DA:1,2
DA:16,2
DA:28,2
DA:41,2
DA:54,2
DA:71,2
LF:6
LH:6
BRF:0
BRH:0
end_of_record
TN:
SF:tests\mockResponses\mockDatabaseResponse.ts
FNF:0
FNH:0
DA:3,2
DA:34,2
LF:2
LH:2
BRF:0
BRH:0
end_of_record
