TN:
SF:src\app.ts
FNF:0
FNH:0
DA:1,1
DA:2,1
DA:3,1
DA:4,1
DA:5,1
DA:7,1
DA:12,1
DA:13,1
DA:14,1
DA:15,1
DA:16,1
DA:18,1
DA:20,1
DA:22,1
DA:23,1
DA:24,1
DA:25,1
DA:26,1
DA:28,1
LF:19
LH:19
BRF:0
BRH:0
end_of_record
TN:
SF:src\consts.ts
FNF:0
FNH:0
DA:1,1
DA:3,1
DA:5,1
DA:6,1
DA:7,1
DA:8,1
DA:9,1
DA:11,1
DA:12,1
DA:13,1
DA:15,1
DA:20,1
DA:25,1
DA:26,1
DA:28,1
DA:34,1
LF:16
LH:16
BRDA:5,0,0,1
BRDA:5,0,1,0
BRDA:6,1,0,1
BRDA:6,1,1,0
BRDA:7,2,0,1
BRDA:7,2,1,0
BRDA:11,3,0,1
BRDA:11,3,1,0
BRDA:12,4,0,1
BRDA:12,4,1,0
BRDA:13,5,0,1
BRDA:13,5,1,0
BRDA:17,6,0,1
BRDA:17,6,1,1
BRDA:21,7,0,1
BRDA:21,7,1,0
BRDA:22,8,0,1
BRDA:22,8,1,0
BRDA:25,9,0,1
BRDA:25,9,1,0
BRDA:26,10,0,1
BRDA:26,10,1,0
BRDA:29,11,0,1
BRDA:29,11,1,0
BRDA:30,12,0,1
BRDA:30,12,1,0
BRDA:31,13,0,1
BRDA:31,13,1,0
BRDA:34,14,0,1
BRDA:34,14,1,0
BRF:30
BRH:16
end_of_record
TN:
SF:src\controllers\actorController.ts
FN:9,(anonymous_1)
FN:18,(anonymous_2)
FN:21,(anonymous_3)
FN:33,(anonymous_4)
FN:38,(anonymous_5)
FN:47,(anonymous_6)
FN:65,(anonymous_7)
FN:70,(anonymous_8)
FN:80,(anonymous_9)
FN:82,(anonymous_10)
FN:93,(anonymous_11)
FNF:11
FNH:11
FNDA:3,(anonymous_1)
FNDA:2,(anonymous_2)
FNDA:60,(anonymous_3)
FNDA:1,(anonymous_4)
FNDA:4,(anonymous_5)
FNDA:2,(anonymous_6)
FNDA:1,(anonymous_7)
FNDA:4,(anonymous_8)
FNDA:2,(anonymous_9)
FNDA:166,(anonymous_10)
FNDA:1,(anonymous_11)
DA:1,1
DA:3,1
DA:5,1
DA:9,1
DA:10,3
DA:11,0
DA:13,3
DA:14,3
DA:16,3
DA:19,2
DA:21,60
DA:32,2
DA:34,1
DA:38,1
DA:39,4
DA:40,1
DA:42,3
DA:43,3
DA:45,3
DA:48,2
DA:49,2
DA:64,2
DA:66,1
DA:70,1
DA:71,4
DA:72,1
DA:75,3
DA:76,3
DA:78,3
DA:81,2
DA:82,166
DA:92,2
DA:94,1
LF:33
LH:32
BRDA:10,0,0,0
BRDA:26,1,0,60
BRDA:26,1,1,0
BRDA:39,2,0,1
BRDA:59,3,0,2
BRDA:59,3,1,0
BRDA:71,4,0,1
BRDA:84,5,0,160
BRDA:84,5,1,6
BRF:9
BRH:6
end_of_record
TN:
SF:src\controllers\movieController.ts
FN:7,(anonymous_1)
FN:17,(anonymous_2)
FN:18,(anonymous_3)
FN:28,(anonymous_4)
FN:33,(anonymous_5)
FN:42,(anonymous_6)
FN:44,(anonymous_7)
FN:49,(anonymous_8)
FN:54,(anonymous_9)
FN:55,(anonymous_10)
FN:66,(anonymous_11)
FN:71,(anonymous_12)
FN:76,(anonymous_13)
FN:77,(anonymous_14)
FN:87,(anonymous_15)
FNF:15
FNH:0
FNDA:0,(anonymous_1)
FNDA:0,(anonymous_2)
FNDA:0,(anonymous_3)
FNDA:0,(anonymous_4)
FNDA:0,(anonymous_5)
FNDA:0,(anonymous_6)
FNDA:0,(anonymous_7)
FNDA:0,(anonymous_8)
FNDA:0,(anonymous_9)
FNDA:0,(anonymous_10)
FNDA:0,(anonymous_11)
FNDA:0,(anonymous_12)
FNDA:0,(anonymous_13)
FNDA:0,(anonymous_14)
FNDA:0,(anonymous_15)
DA:1,1
DA:3,1
DA:7,1
DA:8,0
DA:14,0
DA:18,0
DA:27,0
DA:29,0
DA:33,1
DA:34,0
DA:35,0
DA:37,0
DA:38,0
DA:40,0
DA:43,0
DA:45,0
DA:49,1
DA:50,0
DA:52,0
DA:55,0
DA:65,0
DA:67,0
DA:71,1
DA:72,0
DA:74,0
DA:77,0
DA:86,0
DA:88,0
LF:28
LH:6
BRDA:11,0,0,0
BRDA:11,0,1,0
BRDA:20,1,0,0
BRDA:20,1,1,0
BRDA:34,2,0,0
BRDA:57,3,0,0
BRDA:57,3,1,0
BRDA:79,4,0,0
BRDA:79,4,1,0
BRF:9
BRH:0
end_of_record
TN:
SF:src\controllers\reviewController.ts
FN:10,(anonymous_0)
FN:18,(anonymous_1)
FN:28,(anonymous_2)
FN:30,(anonymous_3)
FN:33,(anonymous_4)
FN:42,(anonymous_5)
FN:48,(anonymous_6)
FN:50,(anonymous_7)
FN:55,(anonymous_8)
FN:66,(anonymous_9)
FN:68,(anonymous_10)
FN:70,(anonymous_11)
FN:73,(anonymous_12)
FNF:13
FNH:0
FNDA:0,(anonymous_0)
FNDA:0,(anonymous_1)
FNDA:0,(anonymous_2)
FNDA:0,(anonymous_3)
FNDA:0,(anonymous_4)
FNDA:0,(anonymous_5)
FNDA:0,(anonymous_6)
FNDA:0,(anonymous_7)
FNDA:0,(anonymous_8)
FNDA:0,(anonymous_9)
FNDA:0,(anonymous_10)
FNDA:0,(anonymous_11)
FNDA:0,(anonymous_12)
DA:4,1
DA:5,1
DA:7,1
DA:8,1
DA:10,1
DA:11,0
DA:12,0
DA:14,0
DA:16,0
DA:17,0
DA:19,0
DA:20,0
DA:27,0
DA:29,0
DA:31,0
DA:34,0
DA:37,0
DA:42,1
DA:43,0
DA:44,0
DA:46,0
DA:47,0
DA:49,0
DA:51,0
DA:55,1
DA:56,0
DA:57,0
DA:59,0
DA:60,0
DA:62,0
DA:64,0
DA:65,0
DA:67,0
DA:69,0
DA:71,0
DA:74,0
DA:77,0
LF:37
LH:7
BRDA:11,0,0,0
BRDA:14,1,0,0
BRDA:14,1,1,0
BRDA:14,2,0,0
BRDA:14,2,1,0
BRDA:16,3,0,0
BRDA:16,3,1,0
BRDA:43,4,0,0
BRDA:56,5,0,0
BRDA:62,6,0,0
BRDA:62,6,1,0
BRDA:62,7,0,0
BRDA:62,7,1,0
BRDA:64,8,0,0
BRDA:64,8,1,0
BRF:15
BRH:0
end_of_record
TN:
SF:src\controllers\userController.ts
FN:12,(anonymous_7)
FN:20,(anonymous_8)
FN:22,(anonymous_9)
FN:25,(anonymous_10)
FN:27,(anonymous_11)
FN:32,(anonymous_12)
FN:36,(anonymous_13)
FN:41,(anonymous_14)
FN:46,(anonymous_15)
FN:54,(anonymous_16)
FN:57,(anonymous_17)
FN:63,(anonymous_18)
FN:71,(anonymous_19)
FN:71,(anonymous_20)
FN:73,(anonymous_21)
FN:75,(anonymous_22)
FN:80,(anonymous_23)
FN:85,(anonymous_24)
FN:97,(anonymous_25)
FN:99,(anonymous_26)
FN:102,(anonymous_27)
FN:110,(anonymous_28)
FN:115,(anonymous_29)
FN:121,(anonymous_30)
FN:124,(anonymous_31)
FN:128,(anonymous_32)
FNF:26
FNH:0
FNDA:0,(anonymous_7)
FNDA:0,(anonymous_8)
FNDA:0,(anonymous_9)
FNDA:0,(anonymous_10)
FNDA:0,(anonymous_11)
FNDA:0,(anonymous_12)
FNDA:0,(anonymous_13)
FNDA:0,(anonymous_14)
FNDA:0,(anonymous_15)
FNDA:0,(anonymous_16)
FNDA:0,(anonymous_17)
FNDA:0,(anonymous_18)
FNDA:0,(anonymous_19)
FNDA:0,(anonymous_20)
FNDA:0,(anonymous_21)
FNDA:0,(anonymous_22)
FNDA:0,(anonymous_23)
FNDA:0,(anonymous_24)
FNDA:0,(anonymous_25)
FNDA:0,(anonymous_26)
FNDA:0,(anonymous_27)
FNDA:0,(anonymous_28)
FNDA:0,(anonymous_29)
FNDA:0,(anonymous_30)
FNDA:0,(anonymous_31)
FNDA:0,(anonymous_32)
DA:2,1
DA:3,1
DA:5,1
DA:8,1
DA:9,1
DA:10,1
DA:12,1
DA:13,0
DA:19,0
DA:21,0
DA:23,0
DA:24,0
DA:26,0
DA:28,0
DA:29,0
DA:30,0
DA:33,0
DA:34,0
DA:37,0
DA:41,1
DA:42,0
DA:44,0
DA:45,0
DA:47,0
DA:52,0
DA:53,0
DA:55,0
DA:56,0
DA:58,0
DA:61,0
DA:64,0
DA:67,0
DA:71,1
DA:72,0
DA:74,0
DA:76,0
DA:80,1
DA:81,0
DA:83,0
DA:84,0
DA:86,0
DA:96,0
DA:98,0
DA:100,0
DA:103,0
DA:106,0
DA:110,1
DA:111,0
DA:113,0
DA:114,0
DA:116,0
DA:122,0
DA:125,0
DA:129,0
DA:132,0
LF:55
LH:11
BRDA:42,0,0,0
BRDA:42,0,1,0
BRDA:42,1,0,0
BRDA:42,1,1,0
BRDA:44,2,0,0
BRDA:44,2,1,0
BRDA:52,3,0,0
BRDA:52,3,1,0
BRDA:81,4,0,0
BRDA:81,4,1,0
BRDA:81,5,0,0
BRDA:81,5,1,0
BRDA:83,6,0,0
BRDA:83,6,1,0
BRDA:91,7,0,0
BRDA:91,7,1,0
BRDA:92,8,0,0
BRDA:92,8,1,0
BRDA:111,9,0,0
BRDA:111,9,1,0
BRDA:111,10,0,0
BRDA:111,10,1,0
BRDA:113,11,0,0
BRDA:113,11,1,0
BRF:24
BRH:0
end_of_record
TN:
SF:src\controllers\verificationController.ts
FN:10,(anonymous_0)
FN:15,(anonymous_1)
FN:19,(anonymous_2)
FN:21,(anonymous_3)
FN:25,(anonymous_4)
FN:33,(anonymous_5)
FN:38,(anonymous_6)
FN:48,(anonymous_7)
FN:50,(anonymous_8)
FN:52,(anonymous_9)
FN:55,(anonymous_10)
FN:59,(anonymous_11)
FNF:12
FNH:0
FNDA:0,(anonymous_0)
FNDA:0,(anonymous_1)
FNDA:0,(anonymous_2)
FNDA:0,(anonymous_3)
FNDA:0,(anonymous_4)
FNDA:0,(anonymous_5)
FNDA:0,(anonymous_6)
FNDA:0,(anonymous_7)
FNDA:0,(anonymous_8)
FNDA:0,(anonymous_9)
FNDA:0,(anonymous_10)
FNDA:0,(anonymous_11)
DA:2,1
DA:3,1
DA:4,1
DA:7,1
DA:8,1
DA:10,1
DA:11,0
DA:13,0
DA:14,0
DA:16,0
DA:17,0
DA:19,0
DA:20,0
DA:22,0
DA:26,0
DA:29,0
DA:33,1
DA:34,0
DA:36,0
DA:37,0
DA:39,0
DA:40,0
DA:42,0
DA:43,0
DA:44,0
DA:45,0
DA:47,0
DA:49,0
DA:50,0
DA:51,0
DA:53,0
DA:56,0
DA:60,0
DA:63,0
LF:34
LH:7
BRDA:11,0,0,0
BRDA:11,0,1,0
BRDA:11,1,0,0
BRDA:11,1,1,0
BRDA:13,2,0,0
BRDA:13,2,1,0
BRDA:16,3,0,0
BRDA:16,3,1,0
BRDA:34,4,0,0
BRDA:34,4,1,0
BRDA:34,5,0,0
BRDA:34,5,1,0
BRDA:36,6,0,0
BRDA:36,6,1,0
BRDA:39,7,0,0
BRDA:39,7,1,0
BRDA:44,8,0,0
BRDA:44,9,0,0
BRDA:44,9,1,0
BRF:19
BRH:0
end_of_record
TN:
SF:src\models\actor\actorProfile.ts
FN:13,(anonymous_0)
FNF:1
FNH:1
FNDA:2,(anonymous_0)
DA:13,1
DA:14,2
DA:15,0
DA:16,0
DA:17,2
DA:18,0
DA:19,0
LF:7
LH:3
BRDA:14,0,0,0
BRDA:14,0,1,0
BRDA:14,0,2,2
BRDA:14,0,3,0
BRDA:14,0,4,0
BRF:5
BRH:1
end_of_record
TN:
SF:src\models\user\userFirebaseAuth.ts
FN:9,(anonymous_0)
FNF:1
FNH:0
FNDA:0,(anonymous_0)
DA:9,1
DA:10,0
DA:11,0
LF:3
LH:1
BRF:0
BRH:0
end_of_record
TN:
SF:src\routes\actors.ts
FNF:0
FNH:0
DA:1,1
DA:2,1
DA:4,1
DA:33,1
DA:93,1
DA:129,1
DA:131,1
LF:7
LH:7
BRF:0
BRH:0
end_of_record
TN:
SF:src\routes\movies.ts
FNF:0
FNH:0
DA:1,1
DA:2,1
DA:4,1
DA:31,1
DA:54,1
DA:87,1
DA:117,1
DA:119,1
LF:8
LH:8
BRF:0
BRH:0
end_of_record
TN:
SF:src\routes\reviews.ts
FNF:0
FNH:0
DA:1,1
DA:2,1
DA:4,1
DA:43,1
DA:68,1
DA:101,1
DA:103,1
LF:7
LH:7
BRF:0
BRH:0
end_of_record
TN:
SF:src\routes\users.ts
FNF:0
FNH:0
DA:1,1
DA:2,1
DA:3,1
DA:5,1
DA:6,1
DA:41,1
DA:70,1
DA:110,1
DA:130,1
DA:132,1
LF:10
LH:10
BRF:0
BRH:0
end_of_record
TN:
SF:src\routes\verification.ts
FNF:0
FNH:0
DA:1,1
DA:2,1
DA:4,1
DA:46,1
DA:98,1
DA:100,1
LF:6
LH:6
BRF:0
BRH:0
end_of_record
TN:
SF:src\services\FirebaseAuth.ts
FN:8,(anonymous_7)
FN:13,(anonymous_9)
FN:18,(anonymous_10)
FN:20,(anonymous_12)
FN:25,(anonymous_13)
FN:29,(anonymous_15)
FN:31,(anonymous_17)
FN:34,(anonymous_18)
FN:39,(anonymous_19)
FN:41,(anonymous_21)
FNF:10
FNH:0
FNDA:0,(anonymous_7)
FNDA:0,(anonymous_9)
FNDA:0,(anonymous_10)
FNDA:0,(anonymous_12)
FNDA:0,(anonymous_13)
FNDA:0,(anonymous_15)
FNDA:0,(anonymous_17)
FNDA:0,(anonymous_18)
FNDA:0,(anonymous_19)
FNDA:0,(anonymous_21)
DA:1,1
DA:2,1
DA:7,1
DA:9,0
DA:10,0
DA:12,0
DA:14,0
DA:19,0
DA:21,0
DA:26,0
DA:30,0
DA:32,0
DA:35,0
DA:40,0
DA:42,0
LF:15
LH:3
BRDA:9,0,0,0
BRF:1
BRH:0
end_of_record
TN:
SF:src\services\FirebaseRTDB.ts
FN:12,(anonymous_7)
FN:16,(anonymous_8)
FN:20,(anonymous_10)
FN:28,(anonymous_11)
FN:33,(anonymous_12)
FN:38,(anonymous_14)
FN:38,(anonymous_15)
FN:43,(anonymous_16)
FN:49,(anonymous_17)
FN:52,(anonymous_18)
FN:57,(anonymous_19)
FN:63,(anonymous_20)
FN:65,(anonymous_22)
FN:70,(anonymous_23)
FN:71,(anonymous_24)
FN:76,(anonymous_25)
FN:79,(anonymous_27)
FN:85,(anonymous_28)
FN:96,(anonymous_29)
FN:101,(anonymous_30)
FN:104,(anonymous_32)
FN:107,(anonymous_33)
FN:117,(anonymous_34)
FN:122,(anonymous_35)
FN:126,(anonymous_37)
FN:137,(anonymous_38)
FN:142,(anonymous_39)
FN:146,(anonymous_41)
FN:146,(anonymous_42)
FN:159,(anonymous_43)
FN:159,(anonymous_44)
FN:161,(anonymous_45)
FN:163,(anonymous_46)
FN:170,(anonymous_47)
FN:175,(anonymous_48)
FN:180,(anonymous_50)
FN:180,(anonymous_51)
FN:189,(anonymous_52)
FN:191,(anonymous_53)
FN:203,(anonymous_54)
FN:206,(anonymous_55)
FNF:41
FNH:1
FNDA:3,(anonymous_7)
FNDA:0,(anonymous_8)
FNDA:0,(anonymous_10)
FNDA:0,(anonymous_11)
FNDA:0,(anonymous_12)
FNDA:0,(anonymous_14)
FNDA:0,(anonymous_15)
FNDA:0,(anonymous_16)
FNDA:0,(anonymous_17)
FNDA:0,(anonymous_18)
FNDA:0,(anonymous_19)
FNDA:0,(anonymous_20)
FNDA:0,(anonymous_22)
FNDA:0,(anonymous_23)
FNDA:0,(anonymous_24)
FNDA:0,(anonymous_25)
FNDA:0,(anonymous_27)
FNDA:0,(anonymous_28)
FNDA:0,(anonymous_29)
FNDA:0,(anonymous_30)
FNDA:0,(anonymous_32)
FNDA:0,(anonymous_33)
FNDA:0,(anonymous_34)
FNDA:0,(anonymous_35)
FNDA:0,(anonymous_37)
FNDA:0,(anonymous_38)
FNDA:0,(anonymous_39)
FNDA:0,(anonymous_41)
FNDA:0,(anonymous_42)
FNDA:0,(anonymous_43)
FNDA:0,(anonymous_44)
FNDA:0,(anonymous_45)
FNDA:0,(anonymous_46)
FNDA:0,(anonymous_47)
FNDA:0,(anonymous_48)
FNDA:0,(anonymous_50)
FNDA:0,(anonymous_51)
FNDA:0,(anonymous_52)
FNDA:0,(anonymous_53)
FNDA:0,(anonymous_54)
FNDA:0,(anonymous_55)
DA:3,1
DA:8,1
DA:13,3
DA:17,0
DA:19,0
DA:21,0
DA:22,0
DA:23,0
DA:25,0
DA:29,0
DA:34,0
DA:35,0
DA:36,0
DA:38,0
DA:39,0
DA:40,0
DA:41,0
DA:43,0
DA:44,0
DA:45,0
DA:46,0
DA:48,0
DA:50,0
DA:53,0
DA:58,0
DA:59,0
DA:60,0
DA:64,0
DA:66,0
DA:69,0
DA:70,0
DA:72,0
DA:77,0
DA:79,0
DA:80,0
DA:81,0
DA:84,0
DA:85,0
DA:86,0
DA:87,0
DA:88,0
DA:89,0
DA:90,0
DA:95,0
DA:97,0
DA:102,0
DA:104,0
DA:105,0
DA:106,0
DA:107,0
DA:108,0
DA:113,0
DA:115,0
DA:118,0
DA:123,0
DA:125,0
DA:127,0
DA:128,0
DA:129,0
DA:131,0
DA:138,0
DA:143,0
DA:145,0
DA:146,0
DA:147,0
DA:148,0
DA:149,0
DA:152,0
DA:154,0
DA:155,0
DA:156,0
DA:158,0
DA:159,0
DA:160,0
DA:161,0
DA:164,0
DA:167,0
DA:171,0
DA:176,0
DA:177,0
DA:179,0
DA:180,0
DA:181,0
DA:182,0
DA:183,0
DA:186,0
DA:187,0
DA:189,0
DA:190,0
DA:191,0
DA:192,0
DA:193,0
DA:194,0
DA:195,0
DA:200,0
DA:201,0
DA:203,0
DA:207,0
LF:98
LH:3
BRDA:17,0,0,0
BRDA:17,0,1,0
BRDA:22,1,0,0
BRDA:22,1,1,0
BRDA:39,2,0,0
BRDA:44,3,0,0
BRDA:58,4,0,0
BRDA:58,4,1,0
BRDA:80,5,0,0
BRDA:89,6,0,0
BRDA:105,7,0,0
BRDA:105,7,1,0
BRDA:128,8,0,0
BRDA:128,8,1,0
BRDA:148,9,0,0
BRDA:154,10,0,0
BRDA:154,10,1,0
BRDA:155,11,0,0
BRDA:155,11,1,0
BRDA:156,12,0,0
BRDA:156,12,1,0
BRDA:182,13,0,0
BRDA:193,14,0,0
BRDA:200,15,0,0
BRDA:200,15,1,0
BRF:25
BRH:0
end_of_record
TN:
SF:src\services\FirebaseStr.ts
FN:11,(anonymous_8)
FN:15,(anonymous_9)
FN:16,(anonymous_11)
FN:21,(anonymous_12)
FN:21,(anonymous_13)
FN:25,(anonymous_14)
FN:26,(anonymous_15)
FN:28,(anonymous_16)
FN:35,(anonymous_17)
FN:41,(anonymous_18)
FN:47,(anonymous_19)
FN:48,(anonymous_20)
FN:48,(anonymous_21)
FN:52,(anonymous_22)
FN:53,(anonymous_23)
FNF:15
FNH:1
FNDA:1,(anonymous_8)
FNDA:0,(anonymous_9)
FNDA:0,(anonymous_11)
FNDA:0,(anonymous_12)
FNDA:0,(anonymous_13)
FNDA:0,(anonymous_14)
FNDA:0,(anonymous_15)
FNDA:0,(anonymous_16)
FNDA:0,(anonymous_17)
FNDA:0,(anonymous_18)
FNDA:0,(anonymous_19)
FNDA:0,(anonymous_20)
FNDA:0,(anonymous_21)
FNDA:0,(anonymous_22)
FNDA:0,(anonymous_23)
DA:1,1
DA:2,1
DA:3,1
DA:5,1
DA:7,1
DA:12,1
DA:16,0
DA:17,0
DA:18,0
DA:20,0
DA:21,0
DA:22,0
DA:24,0
DA:25,0
DA:26,0
DA:27,0
DA:29,0
DA:36,0
DA:37,0
DA:42,0
DA:48,0
DA:49,0
DA:52,0
DA:54,0
DA:55,0
DA:57,0
LF:26
LH:6
BRDA:17,0,0,0
BRDA:17,0,1,0
BRDA:54,1,0,0
BRDA:54,1,1,0
BRF:4
BRH:0
end_of_record
